Args in experiment:
Namespace(random_seed=2021, is_training=1, model_id='336_192', model='BaselineTST', data='ETTh1', root_path='./dataset/', data_path='ETTh1.csv', features='M', target='OT', freq='h', checkpoints='./checkpoints/', seq_len=336, label_len=48, pred_len=192, fc_dropout=0.3, head_dropout=0.0, patch_len=16, stride=8, padding_patch='end', revin=1, affine=0, subtract_last=0, decomposition=0, kernel_size=25, individual=0, embed_type=0, enc_in=7, dec_in=7, c_out=7, d_model=16, n_heads=4, e_layers=3, d_layers=1, d_ff=128, moving_avg=25, factor=1, distil=True, dropout=0.3, embed='timeF', activation='gelu', output_attention=False, do_predict=False, num_workers=10, itr=1, train_epochs=100, batch_size=128, patience=100, learning_rate=0.0001, des='Exp', loss='mse', lradj='type3', pct_start=0.3, use_amp=False, momentum=0.9, use_gpu=True, gpu=0, use_multi_gpu=True, devices='0,1', test_flop=False, dvices='0,1', device_ids=[0, 1])
Use GPU: cuda:0
{'learning_rate': 0.0001, 'momentum': 0.9, 'e_layers': 3, 'n_heads': 4, 'd_model': 16, 'd_ff': 128, 'dropout': 0.3, 'fc_dropout': 0.3, 'head_dropout': 0, 'batch_size': 128}
>>>>>>>start training : 336_192_BaselineTST_ETTh1_ftM_sl336_ll48_pl192_dm16_nh4_el3_dl1_df128_fc1_ebtimeF_dtTrue_Exp_0>>>>>>>>>>>>>>>>>>>>>>>>>>
train 8113
val 2689
test 2689
Epoch: 1 cost time: 16.999985218048096
[2023-11-19 16:17:16] [32mIntermediate result: 1.3456321  (Index 0)[0m
Epoch: 1, Steps: 63 | Train Loss: 0.7181665 Vali Loss: 1.3456321 Test Loss: 0.6324872
Validation loss decreased (inf --> 1.345632).  Saving model ...
Updating learning rate to 0.0001
Epoch: 2 cost time: 16.119741916656494
[2023-11-19 16:17:37] [32mIntermediate result: 0.9523538  (Index 1)[0m
Epoch: 2, Steps: 63 | Train Loss: 0.5605517 Vali Loss: 0.9523538 Test Loss: 0.4448035
Validation loss decreased (1.345632 --> 0.952354).  Saving model ...
Updating learning rate to 0.0001
Epoch: 3 cost time: 16.096489191055298
[2023-11-19 16:17:57] [32mIntermediate result: 0.9282074  (Index 2)[0m
Epoch: 3, Steps: 63 | Train Loss: 0.4788398 Vali Loss: 0.9282074 Test Loss: 0.4315781
Validation loss decreased (0.952354 --> 0.928207).  Saving model ...
Updating learning rate to 0.0001
Epoch: 4 cost time: 16.11823344230652
[2023-11-19 16:18:18] [32mIntermediate result: 0.92294276  (Index 3)[0m
Epoch: 4, Steps: 63 | Train Loss: 0.4388589 Vali Loss: 0.9229428 Test Loss: 0.4187863
Validation loss decreased (0.928207 --> 0.922943).  Saving model ...
Updating learning rate to 9e-05
Epoch: 5 cost time: 16.069750785827637
[2023-11-19 16:18:39] [32mIntermediate result: 0.9167822  (Index 4)[0m
Epoch: 5, Steps: 63 | Train Loss: 0.4213437 Vali Loss: 0.9167822 Test Loss: 0.4101311
Validation loss decreased (0.922943 --> 0.916782).  Saving model ...
Updating learning rate to 8.1e-05
Epoch: 6 cost time: 16.08825373649597
[2023-11-19 16:19:00] [32mIntermediate result: 0.9203456  (Index 5)[0m
Epoch: 6, Steps: 63 | Train Loss: 0.4143714 Vali Loss: 0.9203456 Test Loss: 0.4088280
EarlyStopping counter: 1 out of 100
Updating learning rate to 7.290000000000001e-05
Epoch: 7 cost time: 16.069244384765625
[2023-11-19 16:19:21] [32mIntermediate result: 0.92163974  (Index 6)[0m
Epoch: 7, Steps: 63 | Train Loss: 0.4097971 Vali Loss: 0.9216397 Test Loss: 0.4084761
EarlyStopping counter: 2 out of 100
Updating learning rate to 6.561e-05
Epoch: 8 cost time: 16.127049446105957
[2023-11-19 16:19:41] [32mIntermediate result: 0.91653776  (Index 7)[0m
Epoch: 8, Steps: 63 | Train Loss: 0.4072389 Vali Loss: 0.9165378 Test Loss: 0.4059630
Validation loss decreased (0.916782 --> 0.916538).  Saving model ...
Updating learning rate to 5.904900000000001e-05
Epoch: 9 cost time: 16.108449459075928
[2023-11-19 16:20:02] [32mIntermediate result: 0.9130178  (Index 8)[0m
Epoch: 9, Steps: 63 | Train Loss: 0.4042912 Vali Loss: 0.9130178 Test Loss: 0.4042529
Validation loss decreased (0.916538 --> 0.913018).  Saving model ...
Updating learning rate to 5.3144100000000005e-05
Epoch: 10 cost time: 16.185114860534668
[2023-11-19 16:20:23] [32mIntermediate result: 0.91923  (Index 9)[0m
Epoch: 10, Steps: 63 | Train Loss: 0.4029347 Vali Loss: 0.9192300 Test Loss: 0.4047067
EarlyStopping counter: 1 out of 100
Updating learning rate to 4.782969000000001e-05
Epoch: 11 cost time: 16.106080293655396
[2023-11-19 16:20:44] [32mIntermediate result: 0.91458076  (Index 10)[0m
Epoch: 11, Steps: 63 | Train Loss: 0.4017721 Vali Loss: 0.9145808 Test Loss: 0.4043975
EarlyStopping counter: 2 out of 100
Updating learning rate to 4.304672100000001e-05
Epoch: 12 cost time: 16.081891775131226
[2023-11-19 16:21:05] [32mIntermediate result: 0.9139585  (Index 11)[0m
Epoch: 12, Steps: 63 | Train Loss: 0.4000551 Vali Loss: 0.9139585 Test Loss: 0.4038564
EarlyStopping counter: 3 out of 100
Updating learning rate to 3.874204890000001e-05
Epoch: 13 cost time: 16.109344005584717
[2023-11-19 16:21:25] [32mIntermediate result: 0.9199048  (Index 12)[0m
Epoch: 13, Steps: 63 | Train Loss: 0.3992045 Vali Loss: 0.9199048 Test Loss: 0.4039638
EarlyStopping counter: 4 out of 100
Updating learning rate to 3.486784401000001e-05
Epoch: 14 cost time: 16.164969444274902
[2023-11-19 16:21:46] [32mIntermediate result: 0.9132338  (Index 13)[0m
Epoch: 14, Steps: 63 | Train Loss: 0.3981153 Vali Loss: 0.9132338 Test Loss: 0.4040492
EarlyStopping counter: 5 out of 100
Updating learning rate to 3.138105960900001e-05
Epoch: 15 cost time: 16.08163094520569
[2023-11-19 16:22:07] [32mIntermediate result: 0.91037357  (Index 14)[0m
Epoch: 15, Steps: 63 | Train Loss: 0.3977987 Vali Loss: 0.9103736 Test Loss: 0.4029578
Validation loss decreased (0.913018 --> 0.910374).  Saving model ...
Updating learning rate to 2.824295364810001e-05
Epoch: 16 cost time: 16.097312927246094
[2023-11-19 16:22:28] [32mIntermediate result: 0.912671  (Index 15)[0m
Epoch: 16, Steps: 63 | Train Loss: 0.3966792 Vali Loss: 0.9126710 Test Loss: 0.4030719
EarlyStopping counter: 1 out of 100
Updating learning rate to 2.541865828329001e-05
Epoch: 17 cost time: 16.111708402633667
[2023-11-19 16:22:49] [32mIntermediate result: 0.91327846  (Index 16)[0m
Epoch: 17, Steps: 63 | Train Loss: 0.3965468 Vali Loss: 0.9132785 Test Loss: 0.4038453
EarlyStopping counter: 2 out of 100
Updating learning rate to 2.287679245496101e-05
Epoch: 18 cost time: 16.09469747543335
[2023-11-19 16:23:09] [32mIntermediate result: 0.91074437  (Index 17)[0m
Epoch: 18, Steps: 63 | Train Loss: 0.3959985 Vali Loss: 0.9107444 Test Loss: 0.4021204
EarlyStopping counter: 3 out of 100
Updating learning rate to 2.0589113209464907e-05
Epoch: 19 cost time: 16.114577293395996
[2023-11-19 16:23:30] [32mIntermediate result: 0.91332626  (Index 18)[0m
Epoch: 19, Steps: 63 | Train Loss: 0.3951164 Vali Loss: 0.9133263 Test Loss: 0.4019696
EarlyStopping counter: 4 out of 100
Updating learning rate to 1.8530201888518416e-05
Epoch: 20 cost time: 16.07826852798462
[2023-11-19 16:23:51] [32mIntermediate result: 0.9102986  (Index 19)[0m
Epoch: 20, Steps: 63 | Train Loss: 0.3945537 Vali Loss: 0.9102986 Test Loss: 0.4018655
Validation loss decreased (0.910374 --> 0.910299).  Saving model ...
Updating learning rate to 1.6677181699666577e-05
Epoch: 21 cost time: 16.10098361968994
[2023-11-19 16:24:12] [32mIntermediate result: 0.91154224  (Index 20)[0m
Epoch: 21, Steps: 63 | Train Loss: 0.3945360 Vali Loss: 0.9115422 Test Loss: 0.4026476
EarlyStopping counter: 1 out of 100
Updating learning rate to 1.5009463529699919e-05
Epoch: 22 cost time: 16.151842832565308
[2023-11-19 16:24:33] [32mIntermediate result: 0.91088974  (Index 21)[0m
Epoch: 22, Steps: 63 | Train Loss: 0.3939886 Vali Loss: 0.9108897 Test Loss: 0.4021910
EarlyStopping counter: 2 out of 100
Updating learning rate to 1.3508517176729929e-05
Epoch: 23 cost time: 16.096619844436646
[2023-11-19 16:24:53] [32mIntermediate result: 0.909735  (Index 22)[0m
Epoch: 23, Steps: 63 | Train Loss: 0.3938465 Vali Loss: 0.9097350 Test Loss: 0.4018392
Validation loss decreased (0.910299 --> 0.909735).  Saving model ...
Updating learning rate to 1.2157665459056936e-05
Epoch: 24 cost time: 16.08580207824707
[2023-11-19 16:25:14] [32mIntermediate result: 0.9098166  (Index 23)[0m
Epoch: 24, Steps: 63 | Train Loss: 0.3936304 Vali Loss: 0.9098166 Test Loss: 0.4015244
EarlyStopping counter: 1 out of 100
Updating learning rate to 1.0941898913151242e-05
Epoch: 25 cost time: 16.127455949783325
[2023-11-19 16:25:35] [32mIntermediate result: 0.91073215  (Index 24)[0m
Epoch: 25, Steps: 63 | Train Loss: 0.3934083 Vali Loss: 0.9107322 Test Loss: 0.4015242
EarlyStopping counter: 2 out of 100
Updating learning rate to 9.847709021836118e-06
Epoch: 26 cost time: 16.117916107177734
[2023-11-19 16:25:56] [32mIntermediate result: 0.91291535  (Index 25)[0m
Epoch: 26, Steps: 63 | Train Loss: 0.3932247 Vali Loss: 0.9129153 Test Loss: 0.4013806
EarlyStopping counter: 3 out of 100
Updating learning rate to 8.862938119652508e-06
Epoch: 27 cost time: 16.12877583503723
[2023-11-19 16:26:17] [32mIntermediate result: 0.9119592  (Index 26)[0m
Epoch: 27, Steps: 63 | Train Loss: 0.3927473 Vali Loss: 0.9119592 Test Loss: 0.4010930
EarlyStopping counter: 4 out of 100
Updating learning rate to 7.976644307687255e-06
Epoch: 28 cost time: 16.126503705978394
[2023-11-19 16:26:38] [32mIntermediate result: 0.9108474  (Index 27)[0m
Epoch: 28, Steps: 63 | Train Loss: 0.3926307 Vali Loss: 0.9108474 Test Loss: 0.4013973
EarlyStopping counter: 5 out of 100
Updating learning rate to 7.178979876918531e-06
Epoch: 29 cost time: 16.138352870941162
[2023-11-19 16:26:58] [32mIntermediate result: 0.9112384  (Index 28)[0m
Epoch: 29, Steps: 63 | Train Loss: 0.3929713 Vali Loss: 0.9112384 Test Loss: 0.4011040
EarlyStopping counter: 6 out of 100
Updating learning rate to 6.4610818892266776e-06
Epoch: 30 cost time: 16.118537187576294
[2023-11-19 16:27:19] [32mIntermediate result: 0.91264516  (Index 29)[0m
Epoch: 30, Steps: 63 | Train Loss: 0.3926687 Vali Loss: 0.9126452 Test Loss: 0.4012244
EarlyStopping counter: 7 out of 100
Updating learning rate to 5.8149737003040096e-06
Epoch: 31 cost time: 16.113490104675293
[2023-11-19 16:27:40] [32mIntermediate result: 0.9110933  (Index 30)[0m
Epoch: 31, Steps: 63 | Train Loss: 0.3920718 Vali Loss: 0.9110933 Test Loss: 0.4010748
EarlyStopping counter: 8 out of 100
Updating learning rate to 5.23347633027361e-06
Epoch: 32 cost time: 16.123652696609497
[2023-11-19 16:28:01] [32mIntermediate result: 0.9108943  (Index 31)[0m
Epoch: 32, Steps: 63 | Train Loss: 0.3918922 Vali Loss: 0.9108943 Test Loss: 0.4012641
EarlyStopping counter: 9 out of 100
Updating learning rate to 4.710128697246249e-06
Epoch: 33 cost time: 16.078872680664062
[2023-11-19 16:28:22] [32mIntermediate result: 0.9112332  (Index 32)[0m
Epoch: 33, Steps: 63 | Train Loss: 0.3920586 Vali Loss: 0.9112332 Test Loss: 0.4011357
EarlyStopping counter: 10 out of 100
Updating learning rate to 4.239115827521624e-06
Epoch: 34 cost time: 15.981642723083496
[2023-11-19 16:28:42] [32mIntermediate result: 0.91136634  (Index 33)[0m
Epoch: 34, Steps: 63 | Train Loss: 0.3914980 Vali Loss: 0.9113663 Test Loss: 0.4008497
EarlyStopping counter: 11 out of 100
Updating learning rate to 3.815204244769462e-06
Epoch: 35 cost time: 16.104248762130737
[2023-11-19 16:29:03] [32mIntermediate result: 0.9109149  (Index 34)[0m
Epoch: 35, Steps: 63 | Train Loss: 0.3918658 Vali Loss: 0.9109149 Test Loss: 0.4009512
EarlyStopping counter: 12 out of 100
Updating learning rate to 3.4336838202925152e-06
Epoch: 36 cost time: 16.083150625228882
[2023-11-19 16:29:24] [32mIntermediate result: 0.9117536  (Index 35)[0m
Epoch: 36, Steps: 63 | Train Loss: 0.3918757 Vali Loss: 0.9117536 Test Loss: 0.4009685
EarlyStopping counter: 13 out of 100
Updating learning rate to 3.090315438263264e-06
Epoch: 37 cost time: 16.08984398841858
[2023-11-19 16:29:45] [32mIntermediate result: 0.91120654  (Index 36)[0m
Epoch: 37, Steps: 63 | Train Loss: 0.3917942 Vali Loss: 0.9112065 Test Loss: 0.4009119
EarlyStopping counter: 14 out of 100
Updating learning rate to 2.7812838944369375e-06
Epoch: 38 cost time: 16.164697408676147
[2023-11-19 16:30:06] [32mIntermediate result: 0.91152316  (Index 37)[0m
Epoch: 38, Steps: 63 | Train Loss: 0.3916020 Vali Loss: 0.9115232 Test Loss: 0.4009160
EarlyStopping counter: 15 out of 100
Updating learning rate to 2.503155504993244e-06
Epoch: 39 cost time: 16.128432750701904
[2023-11-19 16:30:26] [32mIntermediate result: 0.9112967  (Index 38)[0m
Epoch: 39, Steps: 63 | Train Loss: 0.3912424 Vali Loss: 0.9112967 Test Loss: 0.4007460
EarlyStopping counter: 16 out of 100
Updating learning rate to 2.2528399544939195e-06
Epoch: 40 cost time: 16.095322608947754
[2023-11-19 16:30:47] [32mIntermediate result: 0.91122174  (Index 39)[0m
Epoch: 40, Steps: 63 | Train Loss: 0.3915460 Vali Loss: 0.9112217 Test Loss: 0.4007619
EarlyStopping counter: 17 out of 100
Updating learning rate to 2.0275559590445276e-06
Epoch: 41 cost time: 16.110336780548096
[2023-11-19 16:31:08] [32mIntermediate result: 0.91177106  (Index 40)[0m
Epoch: 41, Steps: 63 | Train Loss: 0.3912655 Vali Loss: 0.9117711 Test Loss: 0.4008590
EarlyStopping counter: 18 out of 100
Updating learning rate to 1.8248003631400751e-06
Epoch: 42 cost time: 16.1452374458313
[2023-11-19 16:31:29] [32mIntermediate result: 0.9112161  (Index 41)[0m
Epoch: 42, Steps: 63 | Train Loss: 0.3911859 Vali Loss: 0.9112161 Test Loss: 0.4009246
EarlyStopping counter: 19 out of 100
Updating learning rate to 1.6423203268260676e-06
Epoch: 43 cost time: 16.14330554008484
[2023-11-19 16:31:50] [32mIntermediate result: 0.91135776  (Index 42)[0m
Epoch: 43, Steps: 63 | Train Loss: 0.3912340 Vali Loss: 0.9113578 Test Loss: 0.4007931
EarlyStopping counter: 20 out of 100
Updating learning rate to 1.4780882941434609e-06
Epoch: 44 cost time: 16.13711142539978
[2023-11-19 16:32:11] [32mIntermediate result: 0.91134536  (Index 43)[0m
Epoch: 44, Steps: 63 | Train Loss: 0.3911986 Vali Loss: 0.9113454 Test Loss: 0.4008008
EarlyStopping counter: 21 out of 100
Updating learning rate to 1.3302794647291146e-06
Epoch: 45 cost time: 16.14106774330139
[2023-11-19 16:32:31] [32mIntermediate result: 0.9110825  (Index 44)[0m
Epoch: 45, Steps: 63 | Train Loss: 0.3916026 Vali Loss: 0.9110825 Test Loss: 0.4008322
EarlyStopping counter: 22 out of 100
Updating learning rate to 1.1972515182562034e-06
Epoch: 46 cost time: 16.18360471725464
[2023-11-19 16:32:52] [32mIntermediate result: 0.91109574  (Index 45)[0m
Epoch: 46, Steps: 63 | Train Loss: 0.3912485 Vali Loss: 0.9110957 Test Loss: 0.4008000
EarlyStopping counter: 23 out of 100
Updating learning rate to 1.077526366430583e-06
Epoch: 47 cost time: 16.127040147781372
[2023-11-19 16:33:13] [32mIntermediate result: 0.9112906  (Index 46)[0m
Epoch: 47, Steps: 63 | Train Loss: 0.3910146 Vali Loss: 0.9112906 Test Loss: 0.4006041
EarlyStopping counter: 24 out of 100
Updating learning rate to 9.697737297875248e-07
Epoch: 48 cost time: 16.094482421875
[2023-11-19 16:33:34] [32mIntermediate result: 0.9114024  (Index 47)[0m
Epoch: 48, Steps: 63 | Train Loss: 0.3914954 Vali Loss: 0.9114024 Test Loss: 0.4006194
EarlyStopping counter: 25 out of 100
Updating learning rate to 8.727963568087723e-07
Epoch: 49 cost time: 16.121100664138794
[2023-11-19 16:33:55] [32mIntermediate result: 0.91164833  (Index 48)[0m
Epoch: 49, Steps: 63 | Train Loss: 0.3910980 Vali Loss: 0.9116483 Test Loss: 0.4007267
EarlyStopping counter: 26 out of 100
Updating learning rate to 7.855167211278951e-07
Epoch: 50 cost time: 16.076841354370117
[2023-11-19 16:34:16] [32mIntermediate result: 0.91065025  (Index 49)[0m
Epoch: 50, Steps: 63 | Train Loss: 0.3915984 Vali Loss: 0.9106503 Test Loss: 0.4007923
EarlyStopping counter: 27 out of 100
Updating learning rate to 7.069650490151056e-07
Epoch: 51 cost time: 16.14237070083618
[2023-11-19 16:34:36] [32mIntermediate result: 0.9110978  (Index 50)[0m
Epoch: 51, Steps: 63 | Train Loss: 0.3911237 Vali Loss: 0.9110978 Test Loss: 0.4007835
EarlyStopping counter: 28 out of 100
Updating learning rate to 6.36268544113595e-07
Epoch: 52 cost time: 16.074671030044556
[2023-11-19 16:34:57] [32mIntermediate result: 0.9109873  (Index 51)[0m
Epoch: 52, Steps: 63 | Train Loss: 0.3913471 Vali Loss: 0.9109873 Test Loss: 0.4008360
EarlyStopping counter: 29 out of 100
Updating learning rate to 5.726416897022355e-07
Epoch: 53 cost time: 16.119772911071777
[2023-11-19 16:35:18] [32mIntermediate result: 0.9115552  (Index 52)[0m
Epoch: 53, Steps: 63 | Train Loss: 0.3905979 Vali Loss: 0.9115552 Test Loss: 0.4007598
EarlyStopping counter: 30 out of 100
Updating learning rate to 5.15377520732012e-07
Epoch: 54 cost time: 16.145580053329468
[2023-11-19 16:35:39] [32mIntermediate result: 0.9110529  (Index 53)[0m
Epoch: 54, Steps: 63 | Train Loss: 0.3910798 Vali Loss: 0.9110529 Test Loss: 0.4006784
EarlyStopping counter: 31 out of 100
Updating learning rate to 4.6383976865881085e-07
Epoch: 55 cost time: 16.109882831573486
[2023-11-19 16:36:00] [32mIntermediate result: 0.91155463  (Index 54)[0m
Epoch: 55, Steps: 63 | Train Loss: 0.3910917 Vali Loss: 0.9115546 Test Loss: 0.4006979
EarlyStopping counter: 32 out of 100
Updating learning rate to 4.174557917929298e-07
Epoch: 56 cost time: 16.112805366516113
[2023-11-19 16:36:20] [32mIntermediate result: 0.9115998  (Index 55)[0m
Epoch: 56, Steps: 63 | Train Loss: 0.3907856 Vali Loss: 0.9115998 Test Loss: 0.4006761
EarlyStopping counter: 33 out of 100
Updating learning rate to 3.7571021261363677e-07
Epoch: 57 cost time: 16.100995779037476
[2023-11-19 16:36:41] [32mIntermediate result: 0.9117458  (Index 56)[0m
Epoch: 57, Steps: 63 | Train Loss: 0.3911252 Vali Loss: 0.9117458 Test Loss: 0.4008179
EarlyStopping counter: 34 out of 100
Updating learning rate to 3.381391913522731e-07
Epoch: 58 cost time: 16.153719425201416
[2023-11-19 16:37:02] [32mIntermediate result: 0.91150475  (Index 57)[0m
Epoch: 58, Steps: 63 | Train Loss: 0.3914198 Vali Loss: 0.9115047 Test Loss: 0.4006471
EarlyStopping counter: 35 out of 100
Updating learning rate to 3.043252722170458e-07
Epoch: 59 cost time: 16.107486963272095
[2023-11-19 16:37:23] [32mIntermediate result: 0.91135454  (Index 58)[0m
Epoch: 59, Steps: 63 | Train Loss: 0.3906500 Vali Loss: 0.9113545 Test Loss: 0.4007626
EarlyStopping counter: 36 out of 100
Updating learning rate to 2.7389274499534124e-07
Epoch: 60 cost time: 16.126233100891113
[2023-11-19 16:37:44] [32mIntermediate result: 0.9115474  (Index 59)[0m
Epoch: 60, Steps: 63 | Train Loss: 0.3912127 Vali Loss: 0.9115474 Test Loss: 0.4006368
EarlyStopping counter: 37 out of 100
Updating learning rate to 2.465034704958071e-07
Epoch: 61 cost time: 16.092792749404907
[2023-11-19 16:38:04] [32mIntermediate result: 0.9119289  (Index 60)[0m
Epoch: 61, Steps: 63 | Train Loss: 0.3909803 Vali Loss: 0.9119289 Test Loss: 0.4007884
EarlyStopping counter: 38 out of 100
Updating learning rate to 2.218531234462264e-07
Epoch: 62 cost time: 16.17847728729248
[2023-11-19 16:38:25] [32mIntermediate result: 0.91144043  (Index 61)[0m
Epoch: 62, Steps: 63 | Train Loss: 0.3908089 Vali Loss: 0.9114404 Test Loss: 0.4008313
EarlyStopping counter: 39 out of 100
Updating learning rate to 1.9966781110160376e-07
Epoch: 63 cost time: 16.097153425216675
[2023-11-19 16:38:46] [32mIntermediate result: 0.9115777  (Index 62)[0m
Epoch: 63, Steps: 63 | Train Loss: 0.3909085 Vali Loss: 0.9115777 Test Loss: 0.4006512
EarlyStopping counter: 40 out of 100
Updating learning rate to 1.797010299914434e-07
Epoch: 64 cost time: 16.129952669143677
[2023-11-19 16:39:07] [32mIntermediate result: 0.9117774  (Index 63)[0m
Epoch: 64, Steps: 63 | Train Loss: 0.3913083 Vali Loss: 0.9117774 Test Loss: 0.4006319
EarlyStopping counter: 41 out of 100
Updating learning rate to 1.6173092699229907e-07
Epoch: 65 cost time: 16.092174291610718
[2023-11-19 16:39:28] [32mIntermediate result: 0.91158587  (Index 64)[0m
Epoch: 65, Steps: 63 | Train Loss: 0.3912714 Vali Loss: 0.9115859 Test Loss: 0.4007078
EarlyStopping counter: 42 out of 100
Updating learning rate to 1.4555783429306916e-07
Epoch: 66 cost time: 16.032248497009277
[2023-11-19 16:39:48] [32mIntermediate result: 0.9107286  (Index 65)[0m
Epoch: 66, Steps: 63 | Train Loss: 0.3913187 Vali Loss: 0.9107286 Test Loss: 0.4008099
EarlyStopping counter: 43 out of 100
Updating learning rate to 1.3100205086376224e-07
Epoch: 67 cost time: 16.124207258224487
[2023-11-19 16:40:09] [32mIntermediate result: 0.91062766  (Index 66)[0m
Epoch: 67, Steps: 63 | Train Loss: 0.3909187 Vali Loss: 0.9106277 Test Loss: 0.4007588
EarlyStopping counter: 44 out of 100
Updating learning rate to 1.1790184577738603e-07
Epoch: 68 cost time: 16.11792778968811
[2023-11-19 16:40:30] [32mIntermediate result: 0.91123724  (Index 67)[0m
Epoch: 68, Steps: 63 | Train Loss: 0.3915817 Vali Loss: 0.9112372 Test Loss: 0.4006521
EarlyStopping counter: 45 out of 100
Updating learning rate to 1.0611166119964742e-07
Epoch: 69 cost time: 16.124884843826294
[2023-11-19 16:40:51] [32mIntermediate result: 0.9118106  (Index 68)[0m
Epoch: 69, Steps: 63 | Train Loss: 0.3910427 Vali Loss: 0.9118106 Test Loss: 0.4006757
EarlyStopping counter: 46 out of 100
Updating learning rate to 9.550049507968268e-08
Epoch: 70 cost time: 16.0830237865448
[2023-11-19 16:41:12] [32mIntermediate result: 0.9115873  (Index 69)[0m
Epoch: 70, Steps: 63 | Train Loss: 0.3904336 Vali Loss: 0.9115873 Test Loss: 0.4008556
EarlyStopping counter: 47 out of 100
Updating learning rate to 8.595044557171442e-08
Epoch: 71 cost time: 16.086172342300415
[2023-11-19 16:41:32] [32mIntermediate result: 0.91143  (Index 70)[0m
Epoch: 71, Steps: 63 | Train Loss: 0.3911928 Vali Loss: 0.9114300 Test Loss: 0.4007907
EarlyStopping counter: 48 out of 100
Updating learning rate to 7.735540101454298e-08
Epoch: 72 cost time: 16.137094259262085
[2023-11-19 16:41:53] [32mIntermediate result: 0.91152555  (Index 71)[0m
Epoch: 72, Steps: 63 | Train Loss: 0.3912659 Vali Loss: 0.9115255 Test Loss: 0.4006364
EarlyStopping counter: 49 out of 100
Updating learning rate to 6.961986091308869e-08
Epoch: 73 cost time: 16.114381551742554
[2023-11-19 16:42:14] [32mIntermediate result: 0.91137624  (Index 72)[0m
Epoch: 73, Steps: 63 | Train Loss: 0.3911846 Vali Loss: 0.9113762 Test Loss: 0.4007241
EarlyStopping counter: 50 out of 100
Updating learning rate to 6.265787482177981e-08
Epoch: 74 cost time: 15.951576948165894
[2023-11-19 16:42:35] [32mIntermediate result: 0.91142845  (Index 73)[0m
Epoch: 74, Steps: 63 | Train Loss: 0.3908934 Vali Loss: 0.9114285 Test Loss: 0.4006873
EarlyStopping counter: 51 out of 100
Updating learning rate to 5.639208733960184e-08
Epoch: 75 cost time: 16.145551681518555
[2023-11-19 16:42:56] [32mIntermediate result: 0.91187924  (Index 74)[0m
Epoch: 75, Steps: 63 | Train Loss: 0.3909943 Vali Loss: 0.9118792 Test Loss: 0.4006875
EarlyStopping counter: 52 out of 100
Updating learning rate to 5.075287860564165e-08
Epoch: 76 cost time: 16.039796352386475
[2023-11-19 16:43:16] [32mIntermediate result: 0.9113662  (Index 75)[0m
Epoch: 76, Steps: 63 | Train Loss: 0.3908283 Vali Loss: 0.9113662 Test Loss: 0.4006276
EarlyStopping counter: 53 out of 100
Updating learning rate to 4.567759074507749e-08
Epoch: 77 cost time: 16.134039878845215
[2023-11-19 16:43:37] [32mIntermediate result: 0.91197896  (Index 76)[0m
Epoch: 77, Steps: 63 | Train Loss: 0.3910336 Vali Loss: 0.9119790 Test Loss: 0.4006170
EarlyStopping counter: 54 out of 100
Updating learning rate to 4.1109831670569744e-08
Epoch: 78 cost time: 16.178618669509888
[2023-11-19 16:43:58] [32mIntermediate result: 0.91130346  (Index 77)[0m
Epoch: 78, Steps: 63 | Train Loss: 0.3906139 Vali Loss: 0.9113035 Test Loss: 0.4008141
EarlyStopping counter: 55 out of 100
Updating learning rate to 3.6998848503512764e-08
Epoch: 79 cost time: 16.10425591468811
[2023-11-19 16:44:19] [32mIntermediate result: 0.9116719  (Index 78)[0m
Epoch: 79, Steps: 63 | Train Loss: 0.3911311 Vali Loss: 0.9116719 Test Loss: 0.4007294
EarlyStopping counter: 56 out of 100
Updating learning rate to 3.3298963653161496e-08
Epoch: 80 cost time: 16.088602781295776
[2023-11-19 16:44:40] [32mIntermediate result: 0.9113014  (Index 79)[0m
Epoch: 80, Steps: 63 | Train Loss: 0.3916422 Vali Loss: 0.9113014 Test Loss: 0.4006123
EarlyStopping counter: 57 out of 100
Updating learning rate to 2.996906728784534e-08
Epoch: 81 cost time: 16.097774744033813
[2023-11-19 16:45:00] [32mIntermediate result: 0.9114995  (Index 80)[0m
Epoch: 81, Steps: 63 | Train Loss: 0.3913063 Vali Loss: 0.9114995 Test Loss: 0.4006010
EarlyStopping counter: 58 out of 100
Updating learning rate to 2.697216055906081e-08
Epoch: 82 cost time: 16.00317692756653
[2023-11-19 16:45:21] [32mIntermediate result: 0.9113883  (Index 81)[0m
Epoch: 82, Steps: 63 | Train Loss: 0.3907289 Vali Loss: 0.9113883 Test Loss: 0.4006674
EarlyStopping counter: 59 out of 100
Updating learning rate to 2.427494450315473e-08
Epoch: 83 cost time: 16.129143714904785
[2023-11-19 16:45:42] [32mIntermediate result: 0.91158384  (Index 82)[0m
Epoch: 83, Steps: 63 | Train Loss: 0.3908477 Vali Loss: 0.9115838 Test Loss: 0.4007158
EarlyStopping counter: 60 out of 100
Updating learning rate to 2.1847450052839257e-08
Epoch: 84 cost time: 16.135728120803833
[2023-11-19 16:46:03] [32mIntermediate result: 0.9113225  (Index 83)[0m
Epoch: 84, Steps: 63 | Train Loss: 0.3909765 Vali Loss: 0.9113225 Test Loss: 0.4007161
EarlyStopping counter: 61 out of 100
Updating learning rate to 1.9662705047555332e-08
Epoch: 85 cost time: 16.110816478729248
[2023-11-19 16:46:24] [32mIntermediate result: 0.91146594  (Index 84)[0m
Epoch: 85, Steps: 63 | Train Loss: 0.3911807 Vali Loss: 0.9114659 Test Loss: 0.4006264
EarlyStopping counter: 62 out of 100
Updating learning rate to 1.7696434542799797e-08
Epoch: 86 cost time: 16.01267671585083
[2023-11-19 16:46:44] [32mIntermediate result: 0.91101027  (Index 85)[0m
Epoch: 86, Steps: 63 | Train Loss: 0.3908790 Vali Loss: 0.9110103 Test Loss: 0.4006186
EarlyStopping counter: 63 out of 100
Updating learning rate to 1.5926791088519817e-08
Epoch: 87 cost time: 16.094800233840942
[2023-11-19 16:47:05] [32mIntermediate result: 0.9115171  (Index 86)[0m
Epoch: 87, Steps: 63 | Train Loss: 0.3911738 Vali Loss: 0.9115171 Test Loss: 0.4006860
EarlyStopping counter: 64 out of 100
Updating learning rate to 1.4334111979667836e-08
Epoch: 88 cost time: 16.092281818389893
[2023-11-19 16:47:26] [32mIntermediate result: 0.91172427  (Index 87)[0m
Epoch: 88, Steps: 63 | Train Loss: 0.3911364 Vali Loss: 0.9117243 Test Loss: 0.4006480
EarlyStopping counter: 65 out of 100
Updating learning rate to 1.2900700781701054e-08
Epoch: 89 cost time: 16.11346745491028
[2023-11-19 16:47:47] [32mIntermediate result: 0.91181934  (Index 88)[0m
Epoch: 89, Steps: 63 | Train Loss: 0.3911846 Vali Loss: 0.9118193 Test Loss: 0.4007781
EarlyStopping counter: 66 out of 100
Updating learning rate to 1.161063070353095e-08
Epoch: 90 cost time: 16.074039220809937
[2023-11-19 16:48:08] [32mIntermediate result: 0.91182584  (Index 89)[0m
Epoch: 90, Steps: 63 | Train Loss: 0.3915316 Vali Loss: 0.9118258 Test Loss: 0.4006662
EarlyStopping counter: 67 out of 100
Updating learning rate to 1.0449567633177854e-08
Epoch: 91 cost time: 16.125927686691284
[2023-11-19 16:48:28] [32mIntermediate result: 0.9116466  (Index 90)[0m
Epoch: 91, Steps: 63 | Train Loss: 0.3904524 Vali Loss: 0.9116466 Test Loss: 0.4006930
EarlyStopping counter: 68 out of 100
Updating learning rate to 9.404610869860069e-09
Epoch: 92 cost time: 16.096784114837646
[2023-11-19 16:48:49] [32mIntermediate result: 0.91171736  (Index 91)[0m
Epoch: 92, Steps: 63 | Train Loss: 0.3911779 Vali Loss: 0.9117174 Test Loss: 0.4006481
EarlyStopping counter: 69 out of 100
Updating learning rate to 8.464149782874063e-09
Epoch: 93 cost time: 16.14000368118286
[2023-11-19 16:49:10] [32mIntermediate result: 0.9110435  (Index 92)[0m
Epoch: 93, Steps: 63 | Train Loss: 0.3915561 Vali Loss: 0.9110435 Test Loss: 0.4008094
EarlyStopping counter: 70 out of 100
Updating learning rate to 7.617734804586658e-09
Epoch: 94 cost time: 16.09699296951294
[2023-11-19 16:49:31] [32mIntermediate result: 0.91132855  (Index 93)[0m
Epoch: 94, Steps: 63 | Train Loss: 0.3906901 Vali Loss: 0.9113286 Test Loss: 0.4007218
EarlyStopping counter: 71 out of 100
Updating learning rate to 6.855961324127991e-09
Epoch: 95 cost time: 16.127412796020508
[2023-11-19 16:49:52] [32mIntermediate result: 0.91155106  (Index 94)[0m
Epoch: 95, Steps: 63 | Train Loss: 0.3908062 Vali Loss: 0.9115511 Test Loss: 0.4007418
EarlyStopping counter: 72 out of 100
Updating learning rate to 6.170365191715193e-09
Epoch: 96 cost time: 16.131372928619385
[2023-11-19 16:50:13] [32mIntermediate result: 0.9115146  (Index 95)[0m
Epoch: 96, Steps: 63 | Train Loss: 0.3909889 Vali Loss: 0.9115146 Test Loss: 0.4007547
EarlyStopping counter: 73 out of 100
Updating learning rate to 5.5533286725436726e-09
Epoch: 97 cost time: 16.036542892456055
[2023-11-19 16:50:33] [32mIntermediate result: 0.9118737  (Index 96)[0m
Epoch: 97, Steps: 63 | Train Loss: 0.3911242 Vali Loss: 0.9118737 Test Loss: 0.4007615
EarlyStopping counter: 74 out of 100
Updating learning rate to 4.997995805289306e-09
Epoch: 98 cost time: 16.11278986930847
[2023-11-19 16:50:54] [32mIntermediate result: 0.91152537  (Index 97)[0m
Epoch: 98, Steps: 63 | Train Loss: 0.3910326 Vali Loss: 0.9115254 Test Loss: 0.4006979
EarlyStopping counter: 75 out of 100
Updating learning rate to 4.498196224760375e-09
Epoch: 99 cost time: 16.139246702194214
[2023-11-19 16:51:15] [32mIntermediate result: 0.911009  (Index 98)[0m
Epoch: 99, Steps: 63 | Train Loss: 0.3906294 Vali Loss: 0.9110090 Test Loss: 0.4008210
EarlyStopping counter: 76 out of 100
Updating learning rate to 4.048376602284338e-09
Epoch: 100 cost time: 16.13164520263672
[2023-11-19 16:51:36] [32mIntermediate result: 0.91125005  (Index 99)[0m
Epoch: 100, Steps: 63 | Train Loss: 0.3909942 Vali Loss: 0.9112501 Test Loss: 0.4006879
EarlyStopping counter: 77 out of 100
Updating learning rate to 3.643538942055904e-09
[2023-11-19 16:51:38] [32mFinal result: 0.4018392[0m
>>>>>>>testing : 336_192_BaselineTST_ETTh1_ftM_sl336_ll48_pl192_dm16_nh4_el3_dl1_df128_fc1_ebtimeF_dtTrue_Exp_0<<<<<<<<<<<<<<<<<<<<<<<<<<<<<<<<<
test 2689
mse:0.40183907747268677, mae:0.4142179489135742, rse:0.6019740700721741
