Args in experiment:
Namespace(random_seed=2021, is_training=1, model_id='336_336', model='BaselineTST', data='ETTh1', root_path='./dataset/', data_path='ETTh1.csv', features='M', target='OT', freq='h', checkpoints='./checkpoints/', seq_len=336, label_len=48, pred_len=336, fc_dropout=0.3, head_dropout=0.0, patch_len=16, stride=8, padding_patch='end', revin=1, affine=0, subtract_last=0, decomposition=0, kernel_size=25, individual=0, embed_type=0, enc_in=7, dec_in=7, c_out=7, d_model=16, n_heads=4, e_layers=3, d_layers=1, d_ff=128, moving_avg=25, factor=1, distil=True, dropout=0.3, embed='timeF', activation='gelu', output_attention=False, do_predict=False, num_workers=10, itr=1, train_epochs=100, batch_size=128, patience=100, learning_rate=0.0001, des='Exp', loss='mse', lradj='type3', pct_start=0.3, use_amp=False, momentum=0.9, use_gpu=True, gpu=0, use_multi_gpu=True, devices='0,1', test_flop=False, dvices='0,1', device_ids=[0, 1])
Use GPU: cuda:0
{'learning_rate': 0.0001, 'momentum': 0.9, 'e_layers': 3, 'n_heads': 4, 'd_model': 16, 'd_ff': 128, 'dropout': 0.3, 'fc_dropout': 0.3, 'head_dropout': 0, 'batch_size': 128}
>>>>>>>start training : 336_336_BaselineTST_ETTh1_ftM_sl336_ll48_pl336_dm16_nh4_el3_dl1_df128_fc1_ebtimeF_dtTrue_Exp_0>>>>>>>>>>>>>>>>>>>>>>>>>>
train 7969
val 2545
test 2545
Epoch: 1 cost time: 16.93284821510315
[2023-11-19 16:52:06] [32mIntermediate result: 1.501287  (Index 0)[0m
Epoch: 1, Steps: 62 | Train Loss: 0.7638231 Vali Loss: 1.5012870 Test Loss: 0.6147714
Validation loss decreased (inf --> 1.501287).  Saving model ...
Updating learning rate to 0.0001
Epoch: 2 cost time: 15.933035850524902
[2023-11-19 16:52:26] [32mIntermediate result: 1.1647568  (Index 1)[0m
Epoch: 2, Steps: 62 | Train Loss: 0.6159077 Vali Loss: 1.1647568 Test Loss: 0.4499152
Validation loss decreased (1.501287 --> 1.164757).  Saving model ...
Updating learning rate to 0.0001
Epoch: 3 cost time: 15.954927444458008
[2023-11-19 16:52:47] [32mIntermediate result: 1.1671402  (Index 2)[0m
Epoch: 3, Steps: 62 | Train Loss: 0.5342001 Vali Loss: 1.1671402 Test Loss: 0.4506924
EarlyStopping counter: 1 out of 100
Updating learning rate to 0.0001
Epoch: 4 cost time: 15.956603765487671
[2023-11-19 16:53:07] [32mIntermediate result: 1.1632975  (Index 3)[0m
Epoch: 4, Steps: 62 | Train Loss: 0.4963053 Vali Loss: 1.1632975 Test Loss: 0.4381850
Validation loss decreased (1.164757 --> 1.163298).  Saving model ...
Updating learning rate to 9e-05
Epoch: 5 cost time: 15.959492921829224
[2023-11-19 16:53:28] [32mIntermediate result: 1.1576937  (Index 4)[0m
Epoch: 5, Steps: 62 | Train Loss: 0.4787593 Vali Loss: 1.1576937 Test Loss: 0.4315082
Validation loss decreased (1.163298 --> 1.157694).  Saving model ...
Updating learning rate to 8.1e-05
Epoch: 6 cost time: 15.93507981300354
[2023-11-19 16:53:48] [32mIntermediate result: 1.1527121  (Index 5)[0m
Epoch: 6, Steps: 62 | Train Loss: 0.4704814 Vali Loss: 1.1527121 Test Loss: 0.4291443
Validation loss decreased (1.157694 --> 1.152712).  Saving model ...
Updating learning rate to 7.290000000000001e-05
Epoch: 7 cost time: 15.926785707473755
[2023-11-19 16:54:08] [32mIntermediate result: 1.1570616  (Index 6)[0m
Epoch: 7, Steps: 62 | Train Loss: 0.4664018 Vali Loss: 1.1570616 Test Loss: 0.4273155
EarlyStopping counter: 1 out of 100
Updating learning rate to 6.561e-05
Epoch: 8 cost time: 15.95029067993164
[2023-11-19 16:54:29] [32mIntermediate result: 1.1500092  (Index 7)[0m
Epoch: 8, Steps: 62 | Train Loss: 0.4625461 Vali Loss: 1.1500092 Test Loss: 0.4269018
Validation loss decreased (1.152712 --> 1.150009).  Saving model ...
Updating learning rate to 5.904900000000001e-05
Epoch: 9 cost time: 15.961805820465088
[2023-11-19 16:54:49] [32mIntermediate result: 1.1451489  (Index 8)[0m
Epoch: 9, Steps: 62 | Train Loss: 0.4600462 Vali Loss: 1.1451489 Test Loss: 0.4223758
Validation loss decreased (1.150009 --> 1.145149).  Saving model ...
Updating learning rate to 5.3144100000000005e-05
Epoch: 10 cost time: 15.888165473937988
[2023-11-19 16:55:10] [32mIntermediate result: 1.1458424  (Index 9)[0m
Epoch: 10, Steps: 62 | Train Loss: 0.4586293 Vali Loss: 1.1458424 Test Loss: 0.4226581
EarlyStopping counter: 1 out of 100
Updating learning rate to 4.782969000000001e-05
Epoch: 11 cost time: 15.944340229034424
[2023-11-19 16:55:30] [32mIntermediate result: 1.1519632  (Index 10)[0m
Epoch: 11, Steps: 62 | Train Loss: 0.4562238 Vali Loss: 1.1519632 Test Loss: 0.4223994
EarlyStopping counter: 2 out of 100
Updating learning rate to 4.304672100000001e-05
Epoch: 12 cost time: 15.96194052696228
[2023-11-19 16:55:50] [32mIntermediate result: 1.151571  (Index 11)[0m
Epoch: 12, Steps: 62 | Train Loss: 0.4548236 Vali Loss: 1.1515710 Test Loss: 0.4222125
EarlyStopping counter: 3 out of 100
Updating learning rate to 3.874204890000001e-05
Epoch: 13 cost time: 15.927209615707397
[2023-11-19 16:56:11] [32mIntermediate result: 1.1542609  (Index 12)[0m
Epoch: 13, Steps: 62 | Train Loss: 0.4543557 Vali Loss: 1.1542609 Test Loss: 0.4190921
EarlyStopping counter: 4 out of 100
Updating learning rate to 3.486784401000001e-05
Epoch: 14 cost time: 15.936530113220215
[2023-11-19 16:56:31] [32mIntermediate result: 1.1500171  (Index 13)[0m
Epoch: 14, Steps: 62 | Train Loss: 0.4532825 Vali Loss: 1.1500171 Test Loss: 0.4185963
EarlyStopping counter: 5 out of 100
Updating learning rate to 3.138105960900001e-05
Epoch: 15 cost time: 15.953295469284058
[2023-11-19 16:56:51] [32mIntermediate result: 1.1457183  (Index 14)[0m
Epoch: 15, Steps: 62 | Train Loss: 0.4522302 Vali Loss: 1.1457183 Test Loss: 0.4170201
EarlyStopping counter: 6 out of 100
Updating learning rate to 2.824295364810001e-05
Epoch: 16 cost time: 15.970494508743286
[2023-11-19 16:57:12] [32mIntermediate result: 1.1500055  (Index 15)[0m
Epoch: 16, Steps: 62 | Train Loss: 0.4518519 Vali Loss: 1.1500055 Test Loss: 0.4177633
EarlyStopping counter: 7 out of 100
Updating learning rate to 2.541865828329001e-05
Epoch: 17 cost time: 15.989037275314331
[2023-11-19 16:57:32] [32mIntermediate result: 1.1452626  (Index 16)[0m
Epoch: 17, Steps: 62 | Train Loss: 0.4511634 Vali Loss: 1.1452626 Test Loss: 0.4168034
EarlyStopping counter: 8 out of 100
Updating learning rate to 2.287679245496101e-05
Epoch: 18 cost time: 15.8140709400177
[2023-11-19 16:57:52] [32mIntermediate result: 1.144599  (Index 17)[0m
Epoch: 18, Steps: 62 | Train Loss: 0.4498158 Vali Loss: 1.1445990 Test Loss: 0.4163400
Validation loss decreased (1.145149 --> 1.144599).  Saving model ...
Updating learning rate to 2.0589113209464907e-05
Epoch: 19 cost time: 16.007846355438232
[2023-11-19 16:58:13] [32mIntermediate result: 1.1491536  (Index 18)[0m
Epoch: 19, Steps: 62 | Train Loss: 0.4496343 Vali Loss: 1.1491536 Test Loss: 0.4159743
EarlyStopping counter: 1 out of 100
Updating learning rate to 1.8530201888518416e-05
Epoch: 20 cost time: 15.947076082229614
[2023-11-19 16:58:33] [32mIntermediate result: 1.1589154  (Index 19)[0m
Epoch: 20, Steps: 62 | Train Loss: 0.4492881 Vali Loss: 1.1589154 Test Loss: 0.4163620
EarlyStopping counter: 2 out of 100
Updating learning rate to 1.6677181699666577e-05
Epoch: 21 cost time: 15.906633138656616
[2023-11-19 16:58:54] [32mIntermediate result: 1.1473039  (Index 20)[0m
Epoch: 21, Steps: 62 | Train Loss: 0.4486459 Vali Loss: 1.1473039 Test Loss: 0.4150997
EarlyStopping counter: 3 out of 100
Updating learning rate to 1.5009463529699919e-05
Epoch: 22 cost time: 15.960448265075684
[2023-11-19 16:59:14] [32mIntermediate result: 1.1456245  (Index 21)[0m
Epoch: 22, Steps: 62 | Train Loss: 0.4483722 Vali Loss: 1.1456245 Test Loss: 0.4142514
EarlyStopping counter: 4 out of 100
Updating learning rate to 1.3508517176729929e-05
Epoch: 23 cost time: 15.995366334915161
[2023-11-19 16:59:34] [32mIntermediate result: 1.1533737  (Index 22)[0m
Epoch: 23, Steps: 62 | Train Loss: 0.4482747 Vali Loss: 1.1533737 Test Loss: 0.4144807
EarlyStopping counter: 5 out of 100
Updating learning rate to 1.2157665459056936e-05
Epoch: 24 cost time: 15.953356504440308
[2023-11-19 16:59:55] [32mIntermediate result: 1.1496946  (Index 23)[0m
Epoch: 24, Steps: 62 | Train Loss: 0.4478054 Vali Loss: 1.1496946 Test Loss: 0.4137487
EarlyStopping counter: 6 out of 100
Updating learning rate to 1.0941898913151242e-05
Epoch: 25 cost time: 15.948602199554443
[2023-11-19 17:00:15] [32mIntermediate result: 1.1539475  (Index 24)[0m
Epoch: 25, Steps: 62 | Train Loss: 0.4469120 Vali Loss: 1.1539475 Test Loss: 0.4135223
EarlyStopping counter: 7 out of 100
Updating learning rate to 9.847709021836118e-06
Epoch: 26 cost time: 15.980788230895996
[2023-11-19 17:00:36] [32mIntermediate result: 1.1566106  (Index 25)[0m
Epoch: 26, Steps: 62 | Train Loss: 0.4472952 Vali Loss: 1.1566106 Test Loss: 0.4138148
EarlyStopping counter: 8 out of 100
Updating learning rate to 8.862938119652508e-06
Epoch: 27 cost time: 16.019155979156494
[2023-11-19 17:00:56] [32mIntermediate result: 1.1488386  (Index 26)[0m
Epoch: 27, Steps: 62 | Train Loss: 0.4470303 Vali Loss: 1.1488386 Test Loss: 0.4134712
EarlyStopping counter: 9 out of 100
Updating learning rate to 7.976644307687255e-06
Epoch: 28 cost time: 15.958096742630005
[2023-11-19 17:01:16] [32mIntermediate result: 1.1560769  (Index 27)[0m
Epoch: 28, Steps: 62 | Train Loss: 0.4464323 Vali Loss: 1.1560769 Test Loss: 0.4134351
EarlyStopping counter: 10 out of 100
Updating learning rate to 7.178979876918531e-06
Epoch: 29 cost time: 15.958294153213501
[2023-11-19 17:01:37] [32mIntermediate result: 1.1538979  (Index 28)[0m
Epoch: 29, Steps: 62 | Train Loss: 0.4471461 Vali Loss: 1.1538979 Test Loss: 0.4128841
EarlyStopping counter: 11 out of 100
Updating learning rate to 6.4610818892266776e-06
Epoch: 30 cost time: 15.955360174179077
[2023-11-19 17:01:57] [32mIntermediate result: 1.1537594  (Index 29)[0m
Epoch: 30, Steps: 62 | Train Loss: 0.4459116 Vali Loss: 1.1537594 Test Loss: 0.4128778
EarlyStopping counter: 12 out of 100
Updating learning rate to 5.8149737003040096e-06
Epoch: 31 cost time: 15.887810945510864
[2023-11-19 17:02:17] [32mIntermediate result: 1.1524626  (Index 30)[0m
Epoch: 31, Steps: 62 | Train Loss: 0.4457816 Vali Loss: 1.1524626 Test Loss: 0.4130086
EarlyStopping counter: 13 out of 100
Updating learning rate to 5.23347633027361e-06
Epoch: 32 cost time: 15.983193635940552
[2023-11-19 17:02:38] [32mIntermediate result: 1.1544411  (Index 31)[0m
Epoch: 32, Steps: 62 | Train Loss: 0.4460203 Vali Loss: 1.1544411 Test Loss: 0.4128001
EarlyStopping counter: 14 out of 100
Updating learning rate to 4.710128697246249e-06
Epoch: 33 cost time: 15.9563570022583
[2023-11-19 17:02:58] [32mIntermediate result: 1.1487706  (Index 32)[0m
Epoch: 33, Steps: 62 | Train Loss: 0.4460565 Vali Loss: 1.1487706 Test Loss: 0.4125210
EarlyStopping counter: 15 out of 100
Updating learning rate to 4.239115827521624e-06
Epoch: 34 cost time: 15.958508014678955
[2023-11-19 17:03:19] [32mIntermediate result: 1.1540675  (Index 33)[0m
Epoch: 34, Steps: 62 | Train Loss: 0.4458151 Vali Loss: 1.1540675 Test Loss: 0.4125088
EarlyStopping counter: 16 out of 100
Updating learning rate to 3.815204244769462e-06
Epoch: 35 cost time: 15.985275030136108
[2023-11-19 17:03:39] [32mIntermediate result: 1.1509652  (Index 34)[0m
Epoch: 35, Steps: 62 | Train Loss: 0.4458382 Vali Loss: 1.1509652 Test Loss: 0.4126158
EarlyStopping counter: 17 out of 100
Updating learning rate to 3.4336838202925152e-06
Epoch: 36 cost time: 15.959648609161377
[2023-11-19 17:03:59] [32mIntermediate result: 1.1559101  (Index 35)[0m
Epoch: 36, Steps: 62 | Train Loss: 0.4456461 Vali Loss: 1.1559101 Test Loss: 0.4124699
EarlyStopping counter: 18 out of 100
Updating learning rate to 3.090315438263264e-06
Epoch: 37 cost time: 15.873944759368896
[2023-11-19 17:04:20] [32mIntermediate result: 1.1511899  (Index 36)[0m
Epoch: 37, Steps: 62 | Train Loss: 0.4457150 Vali Loss: 1.1511899 Test Loss: 0.4123196
EarlyStopping counter: 19 out of 100
Updating learning rate to 2.7812838944369375e-06
Epoch: 38 cost time: 15.977077722549438
[2023-11-19 17:04:40] [32mIntermediate result: 1.1548319  (Index 37)[0m
Epoch: 38, Steps: 62 | Train Loss: 0.4456475 Vali Loss: 1.1548319 Test Loss: 0.4125487
EarlyStopping counter: 20 out of 100
Updating learning rate to 2.503155504993244e-06
Epoch: 39 cost time: 15.933173179626465
[2023-11-19 17:05:00] [32mIntermediate result: 1.1506559  (Index 38)[0m
Epoch: 39, Steps: 62 | Train Loss: 0.4458412 Vali Loss: 1.1506559 Test Loss: 0.4119575
EarlyStopping counter: 21 out of 100
Updating learning rate to 2.2528399544939195e-06
Epoch: 40 cost time: 15.96077585220337
[2023-11-19 17:05:21] [32mIntermediate result: 1.1537051  (Index 39)[0m
Epoch: 40, Steps: 62 | Train Loss: 0.4455653 Vali Loss: 1.1537051 Test Loss: 0.4120650
EarlyStopping counter: 22 out of 100
Updating learning rate to 2.0275559590445276e-06
Epoch: 41 cost time: 15.939395904541016
[2023-11-19 17:05:41] [32mIntermediate result: 1.1543859  (Index 40)[0m
Epoch: 41, Steps: 62 | Train Loss: 0.4453269 Vali Loss: 1.1543859 Test Loss: 0.4120353
EarlyStopping counter: 23 out of 100
Updating learning rate to 1.8248003631400751e-06
Epoch: 42 cost time: 15.97482180595398
[2023-11-19 17:06:02] [32mIntermediate result: 1.1563755  (Index 41)[0m
Epoch: 42, Steps: 62 | Train Loss: 0.4450788 Vali Loss: 1.1563755 Test Loss: 0.4120819
EarlyStopping counter: 24 out of 100
Updating learning rate to 1.6423203268260676e-06
Epoch: 43 cost time: 15.904139280319214
[2023-11-19 17:06:22] [32mIntermediate result: 1.153824  (Index 42)[0m
Epoch: 43, Steps: 62 | Train Loss: 0.4455667 Vali Loss: 1.1538240 Test Loss: 0.4118552
EarlyStopping counter: 25 out of 100
Updating learning rate to 1.4780882941434609e-06
Epoch: 44 cost time: 15.948891878128052
[2023-11-19 17:06:42] [32mIntermediate result: 1.1497715  (Index 43)[0m
Epoch: 44, Steps: 62 | Train Loss: 0.4451450 Vali Loss: 1.1497715 Test Loss: 0.4123099
EarlyStopping counter: 26 out of 100
Updating learning rate to 1.3302794647291146e-06
Epoch: 45 cost time: 15.950891971588135
[2023-11-19 17:07:03] [32mIntermediate result: 1.1572196  (Index 44)[0m
Epoch: 45, Steps: 62 | Train Loss: 0.4453692 Vali Loss: 1.1572196 Test Loss: 0.4126084
EarlyStopping counter: 27 out of 100
Updating learning rate to 1.1972515182562034e-06
Epoch: 46 cost time: 15.921181678771973
[2023-11-19 17:07:23] [32mIntermediate result: 1.1542987  (Index 45)[0m
Epoch: 46, Steps: 62 | Train Loss: 0.4448630 Vali Loss: 1.1542987 Test Loss: 0.4120277
EarlyStopping counter: 28 out of 100
Updating learning rate to 1.077526366430583e-06
Epoch: 47 cost time: 16.011148929595947
[2023-11-19 17:07:43] [32mIntermediate result: 1.156036  (Index 46)[0m
Epoch: 47, Steps: 62 | Train Loss: 0.4451176 Vali Loss: 1.1560360 Test Loss: 0.4122116
EarlyStopping counter: 29 out of 100
Updating learning rate to 9.697737297875248e-07
Epoch: 48 cost time: 15.949721097946167
[2023-11-19 17:08:04] [32mIntermediate result: 1.1532104  (Index 47)[0m
Epoch: 48, Steps: 62 | Train Loss: 0.4453692 Vali Loss: 1.1532104 Test Loss: 0.4123894
EarlyStopping counter: 30 out of 100
Updating learning rate to 8.727963568087723e-07
Epoch: 49 cost time: 15.93754243850708
[2023-11-19 17:08:24] [32mIntermediate result: 1.1538785  (Index 48)[0m
Epoch: 49, Steps: 62 | Train Loss: 0.4450636 Vali Loss: 1.1538785 Test Loss: 0.4121266
EarlyStopping counter: 31 out of 100
Updating learning rate to 7.855167211278951e-07
Epoch: 50 cost time: 15.940736055374146
[2023-11-19 17:08:44] [32mIntermediate result: 1.1503946  (Index 49)[0m
Epoch: 50, Steps: 62 | Train Loss: 0.4448397 Vali Loss: 1.1503946 Test Loss: 0.4118186
EarlyStopping counter: 32 out of 100
Updating learning rate to 7.069650490151056e-07
Epoch: 51 cost time: 15.940222978591919
[2023-11-19 17:09:05] [32mIntermediate result: 1.1574246  (Index 50)[0m
Epoch: 51, Steps: 62 | Train Loss: 0.4451677 Vali Loss: 1.1574246 Test Loss: 0.4117961
EarlyStopping counter: 33 out of 100
Updating learning rate to 6.36268544113595e-07
Epoch: 52 cost time: 15.952478647232056
[2023-11-19 17:09:25] [32mIntermediate result: 1.1589383  (Index 51)[0m
Epoch: 52, Steps: 62 | Train Loss: 0.4448389 Vali Loss: 1.1589383 Test Loss: 0.4121886
EarlyStopping counter: 34 out of 100
Updating learning rate to 5.726416897022355e-07
Epoch: 53 cost time: 15.94803786277771
[2023-11-19 17:09:46] [32mIntermediate result: 1.1564269  (Index 52)[0m
Epoch: 53, Steps: 62 | Train Loss: 0.4447487 Vali Loss: 1.1564269 Test Loss: 0.4117157
EarlyStopping counter: 35 out of 100
Updating learning rate to 5.15377520732012e-07
Epoch: 54 cost time: 15.989052534103394
[2023-11-19 17:10:06] [32mIntermediate result: 1.1526078  (Index 53)[0m
Epoch: 54, Steps: 62 | Train Loss: 0.4447770 Vali Loss: 1.1526078 Test Loss: 0.4121430
EarlyStopping counter: 36 out of 100
Updating learning rate to 4.6383976865881085e-07
Epoch: 55 cost time: 15.989317178726196
[2023-11-19 17:10:26] [32mIntermediate result: 1.151854  (Index 54)[0m
Epoch: 55, Steps: 62 | Train Loss: 0.4451097 Vali Loss: 1.1518540 Test Loss: 0.4119324
EarlyStopping counter: 37 out of 100
Updating learning rate to 4.174557917929298e-07
Epoch: 56 cost time: 15.854618072509766
[2023-11-19 17:10:47] [32mIntermediate result: 1.1580653  (Index 55)[0m
Epoch: 56, Steps: 62 | Train Loss: 0.4449318 Vali Loss: 1.1580653 Test Loss: 0.4119568
EarlyStopping counter: 38 out of 100
Updating learning rate to 3.7571021261363677e-07
Epoch: 57 cost time: 15.949142456054688
