Args in experiment:
Namespace(activation='gelu', affine=0, batch_size=10, c_out=7, checkpoints='./checkpoints/', d_ff=128, d_layers=1, d_model=128, data='ETTm1', data_path='ETTm1.csv', dec_in=7, decomposition=0, des='Exp', devices='0', distil=True, do_predict=False, dropout=0.3, e_layers=3, embed='timeF', embed_type=0, enc_in=7, factor=1, fc_dropout=0.3, features='M', freq='h', frequency=50.0, gpu=0, head_dropout=0.0, individual=0, is_training=1, itr=100, kernel_size=25, label_len=48, learning_rate=1e-08, loss='mse', lradj='TST', model='new1TST', model_id='336_96', momentum=0.8000005119175486, moving_avg=25, n_heads=4, num_workers=10, output_attention=False, padding_patch='end', patch_len=16, patience=8, pct_start=0.4, pred_len=96, random_seed=2021, revin=1, root_path='./dataset/', sampling_rate=100, seq_len=336, stride=8, subtract_last=0, target='OT', test_flop=False, train_epochs=100, use_amp=False, use_gpu=True, use_multi_gpu=False, x=5)
Use GPU: cuda:0
{'learning_rate': 1e-08, 'momentum': 0.8000005119175486, 'e_layers': 3, 'n_heads': 4, 'x': 5, 'd_ff': 128, 'dropout': 0.3, 'fc_dropout': 0.3, 'head_dropout': 0, 'batch_size': 10}
>>>>>>>start training : 336_96_new1TST_ETTm1_ftM_sl336_ll48_pl96_dm128_nh4_el3_dl1_df128_fc1_ebtimeF_dtTrue_Exp_0>>>>>>>>>>>>>>>>>>>>>>>>>>
train 34129
val 11425
test 11425
	iters: 100, epoch: 1 | loss: 1356.3455811
	speed: 0.0195s/iter; left time: 6635.7162s
	iters: 200, epoch: 1 | loss: 954.4046021
	speed: 0.0159s/iter; left time: 5424.3124s
	iters: 300, epoch: 1 | loss: 1653.7777100
	speed: 0.0159s/iter; left time: 5408.8005s
	iters: 400, epoch: 1 | loss: 1186.1743164
	speed: 0.0159s/iter; left time: 5424.8922s
	iters: 500, epoch: 1 | loss: 1497.8745117
	speed: 0.0155s/iter; left time: 5293.8174s
	iters: 600, epoch: 1 | loss: 1375.7617188
	speed: 0.0158s/iter; left time: 5391.8899s
	iters: 700, epoch: 1 | loss: 1760.5336914
	speed: 0.0159s/iter; left time: 5418.9502s
	iters: 800, epoch: 1 | loss: 1492.0270996
	speed: 0.0159s/iter; left time: 5419.6871s
	iters: 900, epoch: 1 | loss: 1566.0604248
	speed: 0.0159s/iter; left time: 5417.3875s
	iters: 1000, epoch: 1 | loss: 1426.8413086
	speed: 0.0159s/iter; left time: 5410.1754s
	iters: 1100, epoch: 1 | loss: 1750.3536377
	speed: 0.0159s/iter; left time: 5414.2425s
	iters: 1200, epoch: 1 | loss: 1561.8936768
	speed: 0.0159s/iter; left time: 5396.5118s
	iters: 1300, epoch: 1 | loss: 1289.2000732
	speed: 0.0155s/iter; left time: 5275.4039s
	iters: 1400, epoch: 1 | loss: 1320.8509521
	speed: 0.0159s/iter; left time: 5405.5545s
	iters: 1500, epoch: 1 | loss: 1577.5471191
	speed: 0.0159s/iter; left time: 5401.5266s
	iters: 1600, epoch: 1 | loss: 1225.7502441
	speed: 0.0159s/iter; left time: 5402.3130s
	iters: 1700, epoch: 1 | loss: 1537.9720459
	speed: 0.0159s/iter; left time: 5403.9478s
	iters: 1800, epoch: 1 | loss: 1491.0819092
	speed: 0.0159s/iter; left time: 5398.0641s
	iters: 1900, epoch: 1 | loss: 1807.7069092
	speed: 0.0159s/iter; left time: 5396.9064s
	iters: 2000, epoch: 1 | loss: 1587.9627686
	speed: 0.0155s/iter; left time: 5249.0017s
	iters: 2100, epoch: 1 | loss: 1429.6500244
	speed: 0.0159s/iter; left time: 5396.3188s
	iters: 2200, epoch: 1 | loss: 1974.3269043
	speed: 0.0159s/iter; left time: 5390.7937s
	iters: 2300, epoch: 1 | loss: 1926.7396240
	speed: 0.0159s/iter; left time: 5394.5113s
	iters: 2400, epoch: 1 | loss: 1551.5858154
	speed: 0.0159s/iter; left time: 5391.8452s
	iters: 2500, epoch: 1 | loss: 1905.3848877
	speed: 0.0159s/iter; left time: 5394.9253s
	iters: 2600, epoch: 1 | loss: 1592.6324463
	speed: 0.0159s/iter; left time: 5394.5733s
	iters: 2700, epoch: 1 | loss: 1566.3066406
	speed: 0.0155s/iter; left time: 5241.5066s
	iters: 2800, epoch: 1 | loss: 1620.2006836
	speed: 0.0159s/iter; left time: 5393.2861s
	iters: 2900, epoch: 1 | loss: 1609.5648193
	speed: 0.0159s/iter; left time: 5388.1047s
	iters: 3000, epoch: 1 | loss: 1926.8834229
	speed: 0.0159s/iter; left time: 5385.5855s
	iters: 3100, epoch: 1 | loss: 1400.5993652
	speed: 0.0159s/iter; left time: 5381.3241s
	iters: 3200, epoch: 1 | loss: 1840.9862061
	speed: 0.0159s/iter; left time: 5383.5160s
	iters: 3300, epoch: 1 | loss: 1871.6015625
	speed: 0.0159s/iter; left time: 5379.8431s
	iters: 3400, epoch: 1 | loss: 1318.4743652
	speed: 0.0155s/iter; left time: 5235.1381s
Epoch: 1 cost time: 54.34007930755615
[2024-02-27 16:33:55] [32mIntermediate result: 2549.7063  (Index 0)[0m
Epoch: 1, Steps: 3412 | Train Loss: 1615.3296753 Vali Loss: 2754.1025391 Test Loss: 2549.7062988
Validation loss decreased (inf --> 2754.102539).  Saving model ...
Updating learning rate to 4.147970148065666e-10
	iters: 100, epoch: 2 | loss: 1748.9879150
	speed: 0.1021s/iter; left time: 34466.3705s
	iters: 200, epoch: 2 | loss: 1656.1428223
	speed: 0.0159s/iter; left time: 5368.8922s
	iters: 300, epoch: 2 | loss: 1285.9101562
	speed: 0.0159s/iter; left time: 5380.6226s
	iters: 400, epoch: 2 | loss: 1618.6666260
	speed: 0.0159s/iter; left time: 5363.9732s
	iters: 500, epoch: 2 | loss: 1432.5797119
	speed: 0.0159s/iter; left time: 5367.7929s
	iters: 600, epoch: 2 | loss: 1062.3591309
	speed: 0.0159s/iter; left time: 5375.4956s
	iters: 700, epoch: 2 | loss: 1106.6534424
	speed: 0.0159s/iter; left time: 5362.7310s
	iters: 800, epoch: 2 | loss: 1535.7301025
	speed: 0.0151s/iter; left time: 5099.8327s
	iters: 900, epoch: 2 | loss: 1984.8358154
	speed: 0.0159s/iter; left time: 5339.7880s
	iters: 1000, epoch: 2 | loss: 1720.2720947
	speed: 0.0159s/iter; left time: 5371.0716s
	iters: 1100, epoch: 2 | loss: 1654.1187744
	speed: 0.0159s/iter; left time: 5357.9368s
	iters: 1200, epoch: 2 | loss: 1343.5706787
	speed: 0.0159s/iter; left time: 5360.1131s
	iters: 1300, epoch: 2 | loss: 1812.0295410
	speed: 0.0159s/iter; left time: 5361.2716s
	iters: 1400, epoch: 2 | loss: 1988.7856445
	speed: 0.0159s/iter; left time: 5363.9763s
	iters: 1500, epoch: 2 | loss: 1295.5593262
	speed: 0.0157s/iter; left time: 5296.1606s
	iters: 1600, epoch: 2 | loss: 2094.5610352
	speed: 0.0157s/iter; left time: 5276.8630s
	iters: 1700, epoch: 2 | loss: 1199.6219482
	speed: 0.0159s/iter; left time: 5357.3407s
	iters: 1800, epoch: 2 | loss: 2081.5898438
	speed: 0.0159s/iter; left time: 5352.1652s
	iters: 1900, epoch: 2 | loss: 1525.3437500
	speed: 0.0159s/iter; left time: 5349.9388s
	iters: 2000, epoch: 2 | loss: 1660.5504150
	speed: 0.0159s/iter; left time: 5342.8212s
	iters: 2100, epoch: 2 | loss: 2021.0417480
	speed: 0.0159s/iter; left time: 5353.1104s
	iters: 2200, epoch: 2 | loss: 1553.9796143
	speed: 0.0159s/iter; left time: 5352.5310s
	iters: 2300, epoch: 2 | loss: 1316.2319336
	speed: 0.0155s/iter; left time: 5208.5323s
	iters: 2400, epoch: 2 | loss: 1289.5615234
	speed: 0.0160s/iter; left time: 5349.7201s
	iters: 2500, epoch: 2 | loss: 1855.0014648
	speed: 0.0160s/iter; left time: 5349.4169s
	iters: 2600, epoch: 2 | loss: 1393.3265381
	speed: 0.0159s/iter; left time: 5340.5219s
	iters: 2700, epoch: 2 | loss: 1204.5882568
	speed: 0.0159s/iter; left time: 5342.4303s
	iters: 2800, epoch: 2 | loss: 1763.7607422
	speed: 0.0159s/iter; left time: 5342.9732s
	iters: 2900, epoch: 2 | loss: 1366.5236816
	speed: 0.0159s/iter; left time: 5337.8667s
	iters: 3000, epoch: 2 | loss: 1411.0482178
	speed: 0.0155s/iter; left time: 5185.6598s
	iters: 3100, epoch: 2 | loss: 1595.8435059
	speed: 0.0159s/iter; left time: 5326.2053s
	iters: 3200, epoch: 2 | loss: 1805.7646484
	speed: 0.0159s/iter; left time: 5329.4194s
	iters: 3300, epoch: 2 | loss: 1240.3310547
	speed: 0.0160s/iter; left time: 5336.4259s
	iters: 3400, epoch: 2 | loss: 1800.2066650
	speed: 0.0159s/iter; left time: 5325.9244s
Epoch: 2 cost time: 54.29840970039368
