Args in experiment:
rnn_base_model = 'FreTS'
Namespace(random_seed=2021, is_training=1, model_id='36_60', model='FreTS_baseline', baseline=True, data='custom', root_path='./dataset/', data_path='national_illness.csv', features='M', target='OT', freq='h', checkpoints='./checkpoints/', seq_len=36, label_len=18, pred_len=60, fc_dropout=0.3, head_dropout=0.0, patch_len=24, stride=2, padding_patch='end', revin=1, affine=0, subtract_last=0, decomposition=0, kernel_size=25, individual=0, embed_type=0, enc_in=7, dec_in=7, c_out=7, d_model=16, n_heads=4, e_layers=3, d_layers=1, d_ff=128, moving_avg=25, factor=1, distil=True, dropout=0.3, embed='timeF', activation='gelu', output_attention=False, do_predict=False, num_workers=10, itr=1, train_epochs=100, batch_size=16, patience=8, learning_rate=0.0025, des='Exp', loss='mse', lradj='constant', pct_start=0.3, use_amp=False, momentum=0.9669740372386173, frequency=0.05, sampling_rate=100, use_norm=True, hidden_size=512, exp_name='MTSF', channel_independence=False, inverse=False, class_strategy='projection', target_root_path='./data/electricity/', target_data_path='electricity.csv', efficient_training=False, partial_start_index=0, top_k=5, num_kernels=6, use_gpu=True, gpu=0, use_multi_gpu=True, devices='0,1', test_flop=False, x=5, rnn_base_model='FreTS', debug=False, dvices='0,1', device_ids=[0, 1])
Use GPU: cuda:0
>>>>>>>start training : 36_60_FreTS_baseline_custom_ftM_sl36_ll18_pl60_dm16_nh4_el3_dl1_df128_fc1_ebtimeF_dtTrue_Exp_0>>>>>>>>>>>>>>>>>>>>>>>>>>
train 581
val 38
test 134
Epoch: 1 cost time: 1.964278221130371
[2024-04-18 17:54:28] [32mIntermediate result: 3.7279992  (Index 0)[0m
Epoch: 1, Steps: 36 | Train Loss: 0.7265292 Vali Loss: 0.4912978 Test Loss: 3.7279992
Validation loss decreased (inf --> 0.491298).  Saving model ...
Updating learning rate to 0.0025
Epoch: 2 cost time: 0.6789023876190186
[2024-04-18 17:54:30] [32mIntermediate result: 5.2270784  (Index 1)[0m
Epoch: 2, Steps: 36 | Train Loss: 1.3110928 Vali Loss: 0.6858064 Test Loss: 5.2270784
EarlyStopping counter: 1 out of 8
Updating learning rate to 0.0025
Epoch: 3 cost time: 0.6840593814849854
[2024-04-18 17:54:32] [32mIntermediate result: 4.1632714  (Index 2)[0m
Epoch: 3, Steps: 36 | Train Loss: 0.8059098 Vali Loss: 0.4730166 Test Loss: 4.1632714
Validation loss decreased (0.491298 --> 0.473017).  Saving model ...
Updating learning rate to 0.0025
Epoch: 4 cost time: 0.6858952045440674
[2024-04-18 17:54:33] [32mIntermediate result: 5.4234104  (Index 3)[0m
Epoch: 4, Steps: 36 | Train Loss: 0.6729046 Vali Loss: 0.4527625 Test Loss: 5.4234104
Validation loss decreased (0.473017 --> 0.452763).  Saving model ...
Updating learning rate to 0.0025
Epoch: 5 cost time: 0.6895885467529297
[2024-04-18 17:54:35] [32mIntermediate result: 5.594405  (Index 4)[0m
Epoch: 5, Steps: 36 | Train Loss: 0.5773786 Vali Loss: 0.3780080 Test Loss: 5.5944052
Validation loss decreased (0.452763 --> 0.378008).  Saving model ...
Updating learning rate to 0.0025
Epoch: 6 cost time: 0.669081449508667
[2024-04-18 17:54:36] [32mIntermediate result: 4.825306  (Index 5)[0m
Epoch: 6, Steps: 36 | Train Loss: 0.5298821 Vali Loss: 0.3527751 Test Loss: 4.8253059
Validation loss decreased (0.378008 --> 0.352775).  Saving model ...
Updating learning rate to 0.0025
Epoch: 7 cost time: 0.6710848808288574
[2024-04-18 17:54:38] [32mIntermediate result: 4.7765164  (Index 6)[0m
Epoch: 7, Steps: 36 | Train Loss: 0.4949240 Vali Loss: 0.3029121 Test Loss: 4.7765164
Validation loss decreased (0.352775 --> 0.302912).  Saving model ...
Updating learning rate to 0.0025
Epoch: 8 cost time: 0.737067461013794
[2024-04-18 17:54:40] [32mIntermediate result: 4.41106  (Index 7)[0m
Epoch: 8, Steps: 36 | Train Loss: 0.4746046 Vali Loss: 0.2594945 Test Loss: 4.4110599
Validation loss decreased (0.302912 --> 0.259494).  Saving model ...
Updating learning rate to 0.0025
Epoch: 9 cost time: 0.6542007923126221
[2024-04-18 17:54:41] [32mIntermediate result: 5.216475  (Index 8)[0m
Epoch: 9, Steps: 36 | Train Loss: 0.4625479 Vali Loss: 0.3344044 Test Loss: 5.2164750
EarlyStopping counter: 1 out of 8
Updating learning rate to 0.0025
Epoch: 10 cost time: 0.6751866340637207
[2024-04-18 17:54:43] [32mIntermediate result: 4.740494  (Index 9)[0m
Epoch: 10, Steps: 36 | Train Loss: 0.4481987 Vali Loss: 0.2875398 Test Loss: 4.7404938
EarlyStopping counter: 2 out of 8
Updating learning rate to 0.0025
Epoch: 11 cost time: 0.6854605674743652
[2024-04-18 17:54:44] [32mIntermediate result: 4.663271  (Index 10)[0m
Epoch: 11, Steps: 36 | Train Loss: 0.4257927 Vali Loss: 0.2623917 Test Loss: 4.6632710
EarlyStopping counter: 3 out of 8
Updating learning rate to 0.0025
Epoch: 12 cost time: 0.671912670135498
[2024-04-18 17:54:46] [32mIntermediate result: 4.948326  (Index 11)[0m
Epoch: 12, Steps: 36 | Train Loss: 0.4144429 Vali Loss: 0.3114094 Test Loss: 4.9483261
EarlyStopping counter: 4 out of 8
Updating learning rate to 0.0025
Epoch: 13 cost time: 0.6665027141571045
[2024-04-18 17:54:48] [32mIntermediate result: 4.063475  (Index 12)[0m
Epoch: 13, Steps: 36 | Train Loss: 0.4061470 Vali Loss: 0.2416712 Test Loss: 4.0634751
Validation loss decreased (0.259494 --> 0.241671).  Saving model ...
Updating learning rate to 0.0025
Epoch: 14 cost time: 0.6784176826477051
[2024-04-18 17:54:49] [32mIntermediate result: 4.70767  (Index 13)[0m
Epoch: 14, Steps: 36 | Train Loss: 0.4080029 Vali Loss: 0.2651666 Test Loss: 4.7076702
EarlyStopping counter: 1 out of 8
Updating learning rate to 0.0025
Epoch: 15 cost time: 0.6627752780914307
[2024-04-18 17:54:51] [32mIntermediate result: 4.574992  (Index 14)[0m
Epoch: 15, Steps: 36 | Train Loss: 0.3892105 Vali Loss: 0.2682387 Test Loss: 4.5749922
EarlyStopping counter: 2 out of 8
Updating learning rate to 0.0025
Epoch: 16 cost time: 0.7020900249481201
[2024-04-18 17:54:52] [32mIntermediate result: 4.691715  (Index 15)[0m
Epoch: 16, Steps: 36 | Train Loss: 0.3846414 Vali Loss: 0.2581976 Test Loss: 4.6917148
EarlyStopping counter: 3 out of 8
Updating learning rate to 0.0025
Epoch: 17 cost time: 0.6766364574432373
[2024-04-18 17:54:54] [32mIntermediate result: 4.5709095  (Index 16)[0m
Epoch: 17, Steps: 36 | Train Loss: 0.3788143 Vali Loss: 0.2473151 Test Loss: 4.5709095
EarlyStopping counter: 4 out of 8
Updating learning rate to 0.0025
Epoch: 18 cost time: 0.7199103832244873
[2024-04-18 17:54:56] [32mIntermediate result: 4.6455927  (Index 17)[0m
Epoch: 18, Steps: 36 | Train Loss: 0.3649639 Vali Loss: 0.2701799 Test Loss: 4.6455927
EarlyStopping counter: 5 out of 8
Updating learning rate to 0.0025
Epoch: 19 cost time: 0.6990132331848145
[2024-04-18 17:54:57] [32mIntermediate result: 4.750882  (Index 18)[0m
Epoch: 19, Steps: 36 | Train Loss: 0.3567404 Vali Loss: 0.2382031 Test Loss: 4.7508821
Validation loss decreased (0.241671 --> 0.238203).  Saving model ...
Updating learning rate to 0.0025
Epoch: 20 cost time: 0.6891486644744873
[2024-04-18 17:54:59] [32mIntermediate result: 4.7281704  (Index 19)[0m
Epoch: 20, Steps: 36 | Train Loss: 0.3483239 Vali Loss: 0.2473706 Test Loss: 4.7281704
EarlyStopping counter: 1 out of 8
Updating learning rate to 0.0025
Epoch: 21 cost time: 0.6872749328613281
[2024-04-18 17:55:00] [32mIntermediate result: 4.542714  (Index 20)[0m
Epoch: 21, Steps: 36 | Train Loss: 0.3481063 Vali Loss: 0.2588663 Test Loss: 4.5427141
EarlyStopping counter: 2 out of 8
Updating learning rate to 0.0025
Epoch: 22 cost time: 0.6969442367553711
[2024-04-18 17:55:02] [32mIntermediate result: 4.502709  (Index 21)[0m
Epoch: 22, Steps: 36 | Train Loss: 0.3442260 Vali Loss: 0.2327566 Test Loss: 4.5027089
Validation loss decreased (0.238203 --> 0.232757).  Saving model ...
Updating learning rate to 0.0025
Epoch: 23 cost time: 0.669079065322876
[2024-04-18 17:55:04] [32mIntermediate result: 4.767532  (Index 22)[0m
Epoch: 23, Steps: 36 | Train Loss: 0.3333308 Vali Loss: 0.2415998 Test Loss: 4.7675319
EarlyStopping counter: 1 out of 8
Updating learning rate to 0.0025
Epoch: 24 cost time: 0.6826317310333252
[2024-04-18 17:55:05] [32mIntermediate result: 4.7800994  (Index 23)[0m
Epoch: 24, Steps: 36 | Train Loss: 0.3386391 Vali Loss: 0.2670483 Test Loss: 4.7800994
EarlyStopping counter: 2 out of 8
Updating learning rate to 0.0025
Epoch: 25 cost time: 0.6671926975250244
[2024-04-18 17:55:07] [32mIntermediate result: 4.4179416  (Index 24)[0m
Epoch: 25, Steps: 36 | Train Loss: 0.3346560 Vali Loss: 0.2090799 Test Loss: 4.4179416
Validation loss decreased (0.232757 --> 0.209080).  Saving model ...
Updating learning rate to 0.0025
Epoch: 26 cost time: 0.6796753406524658
[2024-04-18 17:55:08] [32mIntermediate result: 4.612689  (Index 25)[0m
Epoch: 26, Steps: 36 | Train Loss: 0.3439217 Vali Loss: 0.2456124 Test Loss: 4.6126890
EarlyStopping counter: 1 out of 8
Updating learning rate to 0.0025
Epoch: 27 cost time: 0.6757190227508545
[2024-04-18 17:55:10] [32mIntermediate result: 4.687022  (Index 26)[0m
Epoch: 27, Steps: 36 | Train Loss: 0.3264844 Vali Loss: 0.2477116 Test Loss: 4.6870222
EarlyStopping counter: 2 out of 8
Updating learning rate to 0.0025
Epoch: 28 cost time: 0.6983520984649658
[2024-04-18 17:55:11] [32mIntermediate result: 4.374232  (Index 27)[0m
Epoch: 28, Steps: 36 | Train Loss: 0.3238841 Vali Loss: 0.2622758 Test Loss: 4.3742318
EarlyStopping counter: 3 out of 8
Updating learning rate to 0.0025
Epoch: 29 cost time: 0.6980154514312744
[2024-04-18 17:55:13] [32mIntermediate result: 4.65853  (Index 28)[0m
Epoch: 29, Steps: 36 | Train Loss: 0.3241426 Vali Loss: 0.2511366 Test Loss: 4.6585302
EarlyStopping counter: 4 out of 8
Updating learning rate to 0.0025
Epoch: 30 cost time: 0.6786396503448486
[2024-04-18 17:55:15] [32mIntermediate result: 4.6969056  (Index 29)[0m
Epoch: 30, Steps: 36 | Train Loss: 0.3181971 Vali Loss: 0.2460929 Test Loss: 4.6969056
EarlyStopping counter: 5 out of 8
Updating learning rate to 0.0025
Epoch: 31 cost time: 0.6757924556732178
[2024-04-18 17:55:16] [32mIntermediate result: 4.4515886  (Index 30)[0m
Epoch: 31, Steps: 36 | Train Loss: 0.3190800 Vali Loss: 0.2334759 Test Loss: 4.4515886
EarlyStopping counter: 6 out of 8
Updating learning rate to 0.0025
Epoch: 32 cost time: 0.6818780899047852
[2024-04-18 17:55:18] [32mIntermediate result: 4.536738  (Index 31)[0m
Epoch: 32, Steps: 36 | Train Loss: 0.3228878 Vali Loss: 0.2822530 Test Loss: 4.5367379
EarlyStopping counter: 7 out of 8
Updating learning rate to 0.0025
Epoch: 33 cost time: 0.682964563369751
[2024-04-18 17:55:19] [32mIntermediate result: 4.576059  (Index 32)[0m
Epoch: 33, Steps: 36 | Train Loss: 0.3219299 Vali Loss: 0.2431858 Test Loss: 4.5760589
EarlyStopping counter: 8 out of 8
Early stopping
>>>>>>>testing : 36_60_FreTS_baseline_custom_ftM_sl36_ll18_pl60_dm16_nh4_el3_dl1_df128_fc1_ebtimeF_dtTrue_Exp_0<<<<<<<<<<<<<<<<<<<<<<<<<<<<<<<<<
test 134
mse:4.417941570281982, mae:1.433823823928833, rse:1.0043727159500122
[2024-04-18 17:55:20] [32mFinal result: 4.4179416[0m
