Args in experiment:
Namespace(random_seed=2021, is_training=1, model_id='96_96', model='PatchTST', data='xuhao', root_path='./dataset/', data_path='test_cpu.csv', features='S', target='OT', freq='10T', checkpoints='./checkpoints/', seq_len=96, label_len=48, pred_len=96, fc_dropout=0.3, head_dropout=0.0, patch_len=16, stride=8, padding_patch='end', revin=1, affine=0, subtract_last=0, decomposition=0, kernel_size=25, individual=0, embed_type=0, enc_in=1, dec_in=7, c_out=7, d_model=16, n_heads=4, e_layers=3, d_layers=1, d_ff=128, moving_avg=25, factor=1, distil=True, dropout=0.3, embed='timeF', activation='gelu', output_attention=False, do_predict=False, num_workers=10, itr=1, train_epochs=100, batch_size=32, patience=100, learning_rate=0.0001, des='Exp', loss='mse', lradj='type3', pct_start=0.3, use_amp=False, momentum=0.9, use_gpu=True, gpu=0, use_multi_gpu=False, devices='0,1', test_flop=False)
Use GPU: cuda:0
{'learning_rate': 0.0001, 'momentum': 0.9, 'e_layers': 3, 'n_heads': 4, 'd_model': 16, 'd_ff': 128, 'dropout': 0.3, 'fc_dropout': 0.3, 'head_dropout': 0, 'batch_size': 128}
>>>>>>>start training : 96_96_PatchTST_xuhao_ftS_sl96_ll48_pl96_dm16_nh4_el3_dl1_df128_fc1_ebtimeF_dtTrue_Exp_0>>>>>>>>>>>>>>>>>>>>>>>>>>
train 611
val 21
test 134
Epoch: 1 cost time: 0.27483415603637695
[2023-11-14 17:00:45] [32mIntermediate result: nan  (Index 0)[0m
Epoch: 1, Steps: 4 | Train Loss: 1.5618593 Vali Loss: nan Test Loss: 1.1904048
Validation loss decreased (inf --> nan).  Saving model ...
Updating learning rate to 0.0001
Epoch: 2 cost time: 0.2756032943725586
[2023-11-14 17:00:46] [32mIntermediate result: nan  (Index 1)[0m
Epoch: 2, Steps: 4 | Train Loss: 1.5637536 Vali Loss: nan Test Loss: 1.1751847
Validation loss decreased (nan --> nan).  Saving model ...
Updating learning rate to 0.0001
Epoch: 3 cost time: 0.26345014572143555
[2023-11-14 17:00:46] [32mIntermediate result: nan  (Index 2)[0m
Epoch: 3, Steps: 4 | Train Loss: 1.5538101 Vali Loss: nan Test Loss: 1.1647025
Validation loss decreased (nan --> nan).  Saving model ...
Updating learning rate to 0.0001
Epoch: 4 cost time: 0.2645230293273926
[2023-11-14 17:00:47] [32mIntermediate result: nan  (Index 3)[0m
Epoch: 4, Steps: 4 | Train Loss: 1.5176398 Vali Loss: nan Test Loss: 1.1563376
Validation loss decreased (nan --> nan).  Saving model ...
Updating learning rate to 9e-05
Epoch: 5 cost time: 0.27081823348999023
[2023-11-14 17:00:48] [32mIntermediate result: nan  (Index 4)[0m
Epoch: 5, Steps: 4 | Train Loss: 1.4983099 Vali Loss: nan Test Loss: 1.1484584
Validation loss decreased (nan --> nan).  Saving model ...
Updating learning rate to 8.1e-05
Epoch: 6 cost time: 0.2702822685241699
[2023-11-14 17:00:48] [32mIntermediate result: nan  (Index 5)[0m
Epoch: 6, Steps: 4 | Train Loss: 1.4870333 Vali Loss: nan Test Loss: 1.1419395
Validation loss decreased (nan --> nan).  Saving model ...
Updating learning rate to 7.290000000000001e-05
Epoch: 7 cost time: 0.2707488536834717
[2023-11-14 17:00:49] [32mIntermediate result: nan  (Index 6)[0m
Epoch: 7, Steps: 4 | Train Loss: 1.4737912 Vali Loss: nan Test Loss: 1.1349345
Validation loss decreased (nan --> nan).  Saving model ...
Updating learning rate to 6.561e-05
Epoch: 8 cost time: 0.27753710746765137
[2023-11-14 17:00:50] [32mIntermediate result: nan  (Index 7)[0m
Epoch: 8, Steps: 4 | Train Loss: 1.4551388 Vali Loss: nan Test Loss: 1.1284598
Validation loss decreased (nan --> nan).  Saving model ...
Updating learning rate to 5.904900000000001e-05
Epoch: 9 cost time: 0.26818037033081055
[2023-11-14 17:00:50] [32mIntermediate result: nan  (Index 8)[0m
Epoch: 9, Steps: 4 | Train Loss: 1.4576031 Vali Loss: nan Test Loss: 1.1223787
Validation loss decreased (nan --> nan).  Saving model ...
Updating learning rate to 5.3144100000000005e-05
Epoch: 10 cost time: 0.26938390731811523
[2023-11-14 17:00:51] [32mIntermediate result: nan  (Index 9)[0m
Epoch: 10, Steps: 4 | Train Loss: 1.4466421 Vali Loss: nan Test Loss: 1.1166071
Validation loss decreased (nan --> nan).  Saving model ...
Updating learning rate to 4.782969000000001e-05
Epoch: 11 cost time: 0.2691800594329834
[2023-11-14 17:00:52] [32mIntermediate result: nan  (Index 10)[0m
Epoch: 11, Steps: 4 | Train Loss: 1.4230076 Vali Loss: nan Test Loss: 1.1112461
Validation loss decreased (nan --> nan).  Saving model ...
Updating learning rate to 4.304672100000001e-05
Epoch: 12 cost time: 0.28605127334594727
[2023-11-14 17:00:53] [32mIntermediate result: nan  (Index 11)[0m
Epoch: 12, Steps: 4 | Train Loss: 1.4171365 Vali Loss: nan Test Loss: 1.1064454
Validation loss decreased (nan --> nan).  Saving model ...
Updating learning rate to 3.874204890000001e-05
Epoch: 13 cost time: 0.26754164695739746
[2023-11-14 17:00:53] [32mIntermediate result: nan  (Index 12)[0m
Epoch: 13, Steps: 4 | Train Loss: 1.4044808 Vali Loss: nan Test Loss: 1.1013057
Validation loss decreased (nan --> nan).  Saving model ...
Updating learning rate to 3.486784401000001e-05
Epoch: 14 cost time: 0.27056169509887695
[2023-11-14 17:00:54] [32mIntermediate result: nan  (Index 13)[0m
Epoch: 14, Steps: 4 | Train Loss: 1.4002879 Vali Loss: nan Test Loss: 1.0971817
Validation loss decreased (nan --> nan).  Saving model ...
Updating learning rate to 3.138105960900001e-05
Epoch: 15 cost time: 0.2723259925842285
[2023-11-14 17:00:55] [32mIntermediate result: nan  (Index 14)[0m
Epoch: 15, Steps: 4 | Train Loss: 1.3905335 Vali Loss: nan Test Loss: 1.0932230
Validation loss decreased (nan --> nan).  Saving model ...
Updating learning rate to 2.824295364810001e-05
Epoch: 16 cost time: 0.27207040786743164
[2023-11-14 17:00:55] [32mIntermediate result: nan  (Index 15)[0m
Epoch: 16, Steps: 4 | Train Loss: 1.3818882 Vali Loss: nan Test Loss: 1.0896877
Validation loss decreased (nan --> nan).  Saving model ...
Updating learning rate to 2.541865828329001e-05
Epoch: 17 cost time: 0.2641632556915283
[2023-11-14 17:00:56] [32mIntermediate result: nan  (Index 16)[0m
Epoch: 17, Steps: 4 | Train Loss: 1.3892643 Vali Loss: nan Test Loss: 1.0871198
Validation loss decreased (nan --> nan).  Saving model ...
Updating learning rate to 2.287679245496101e-05
Epoch: 18 cost time: 0.264676570892334
[2023-11-14 17:00:57] [32mIntermediate result: nan  (Index 17)[0m
Epoch: 18, Steps: 4 | Train Loss: 1.3819014 Vali Loss: nan Test Loss: 1.0840434
Validation loss decreased (nan --> nan).  Saving model ...
Updating learning rate to 2.0589113209464907e-05
Epoch: 19 cost time: 0.3048882484436035
[2023-11-14 17:00:58] [32mIntermediate result: nan  (Index 18)[0m
Epoch: 19, Steps: 4 | Train Loss: 1.3732774 Vali Loss: nan Test Loss: 1.0811429
Validation loss decreased (nan --> nan).  Saving model ...
Updating learning rate to 1.8530201888518416e-05
Epoch: 20 cost time: 0.2756845951080322
[2023-11-14 17:00:58] [32mIntermediate result: nan  (Index 19)[0m
Epoch: 20, Steps: 4 | Train Loss: 1.3713257 Vali Loss: nan Test Loss: 1.0786515
Validation loss decreased (nan --> nan).  Saving model ...
Updating learning rate to 1.6677181699666577e-05
Epoch: 21 cost time: 0.27257323265075684
[2023-11-14 17:00:59] [32mIntermediate result: nan  (Index 20)[0m
Epoch: 21, Steps: 4 | Train Loss: 1.3650102 Vali Loss: nan Test Loss: 1.0766309
Validation loss decreased (nan --> nan).  Saving model ...
Updating learning rate to 1.5009463529699919e-05
Epoch: 22 cost time: 0.25990867614746094
[2023-11-14 17:01:00] [32mIntermediate result: nan  (Index 21)[0m
Epoch: 22, Steps: 4 | Train Loss: 1.3705341 Vali Loss: nan Test Loss: 1.0745469
Validation loss decreased (nan --> nan).  Saving model ...
Updating learning rate to 1.3508517176729929e-05
Epoch: 23 cost time: 0.3050200939178467
[2023-11-14 17:01:00] [32mIntermediate result: nan  (Index 22)[0m
Epoch: 23, Steps: 4 | Train Loss: 1.3565241 Vali Loss: nan Test Loss: 1.0729367
Validation loss decreased (nan --> nan).  Saving model ...
Updating learning rate to 1.2157665459056936e-05
Epoch: 24 cost time: 0.26274967193603516
[2023-11-14 17:01:01] [32mIntermediate result: nan  (Index 23)[0m
Epoch: 24, Steps: 4 | Train Loss: 1.3578652 Vali Loss: nan Test Loss: 1.0717576
Validation loss decreased (nan --> nan).  Saving model ...
Updating learning rate to 1.0941898913151242e-05
Epoch: 25 cost time: 0.27257800102233887
[2023-11-14 17:01:02] [32mIntermediate result: nan  (Index 24)[0m
Epoch: 25, Steps: 4 | Train Loss: 1.3526131 Vali Loss: nan Test Loss: 1.0698603
Validation loss decreased (nan --> nan).  Saving model ...
Updating learning rate to 9.847709021836118e-06
Epoch: 26 cost time: 0.263369083404541
[2023-11-14 17:01:02] [32mIntermediate result: nan  (Index 25)[0m
Epoch: 26, Steps: 4 | Train Loss: 1.3596974 Vali Loss: nan Test Loss: 1.0682312
Validation loss decreased (nan --> nan).  Saving model ...
Updating learning rate to 8.862938119652508e-06
Epoch: 27 cost time: 0.27140331268310547
[2023-11-14 17:01:03] [32mIntermediate result: nan  (Index 26)[0m
Epoch: 27, Steps: 4 | Train Loss: 1.3441952 Vali Loss: nan Test Loss: 1.0671014
Validation loss decreased (nan --> nan).  Saving model ...
Updating learning rate to 7.976644307687255e-06
Epoch: 28 cost time: 0.27483248710632324
[2023-11-14 17:01:04] [32mIntermediate result: nan  (Index 27)[0m
Epoch: 28, Steps: 4 | Train Loss: 1.3534265 Vali Loss: nan Test Loss: 1.0658463
Validation loss decreased (nan --> nan).  Saving model ...
Updating learning rate to 7.178979876918531e-06
Epoch: 29 cost time: 0.266585111618042
[2023-11-14 17:01:05] [32mIntermediate result: nan  (Index 28)[0m
Epoch: 29, Steps: 4 | Train Loss: 1.3643727 Vali Loss: nan Test Loss: 1.0648788
Validation loss decreased (nan --> nan).  Saving model ...
Updating learning rate to 6.4610818892266776e-06
Epoch: 30 cost time: 0.2660484313964844
[2023-11-14 17:01:05] [32mIntermediate result: nan  (Index 29)[0m
Epoch: 30, Steps: 4 | Train Loss: 1.3476898 Vali Loss: nan Test Loss: 1.0642049
Validation loss decreased (nan --> nan).  Saving model ...
Updating learning rate to 5.8149737003040096e-06
Epoch: 31 cost time: 0.27016258239746094
[2023-11-14 17:01:06] [32mIntermediate result: nan  (Index 30)[0m
Epoch: 31, Steps: 4 | Train Loss: 1.3459369 Vali Loss: nan Test Loss: 1.0635906
Validation loss decreased (nan --> nan).  Saving model ...
Updating learning rate to 5.23347633027361e-06
Epoch: 32 cost time: 0.25472450256347656
[2023-11-14 17:01:07] [32mIntermediate result: nan  (Index 31)[0m
Epoch: 32, Steps: 4 | Train Loss: 1.3409876 Vali Loss: nan Test Loss: 1.0628284
Validation loss decreased (nan --> nan).  Saving model ...
Updating learning rate to 4.710128697246249e-06
Epoch: 33 cost time: 0.2663581371307373
[2023-11-14 17:01:07] [32mIntermediate result: nan  (Index 32)[0m
Epoch: 33, Steps: 4 | Train Loss: 1.3466319 Vali Loss: nan Test Loss: 1.0618852
Validation loss decreased (nan --> nan).  Saving model ...
Updating learning rate to 4.239115827521624e-06
Epoch: 34 cost time: 0.2998075485229492
[2023-11-14 17:01:08] [32mIntermediate result: nan  (Index 33)[0m
Epoch: 34, Steps: 4 | Train Loss: 1.3366270 Vali Loss: nan Test Loss: 1.0614147
Validation loss decreased (nan --> nan).  Saving model ...
Updating learning rate to 3.815204244769462e-06
Epoch: 35 cost time: 0.2641258239746094
[2023-11-14 17:01:09] [32mIntermediate result: nan  (Index 34)[0m
Epoch: 35, Steps: 4 | Train Loss: 1.3486796 Vali Loss: nan Test Loss: 1.0612408
Validation loss decreased (nan --> nan).  Saving model ...
Updating learning rate to 3.4336838202925152e-06
Epoch: 36 cost time: 0.2666933536529541
[2023-11-14 17:01:10] [32mIntermediate result: nan  (Index 35)[0m
Epoch: 36, Steps: 4 | Train Loss: 1.3502233 Vali Loss: nan Test Loss: 1.0599531
Validation loss decreased (nan --> nan).  Saving model ...
Updating learning rate to 3.090315438263264e-06
Epoch: 37 cost time: 0.27233099937438965
[2023-11-14 17:01:10] [32mIntermediate result: nan  (Index 36)[0m
Epoch: 37, Steps: 4 | Train Loss: 1.3394853 Vali Loss: nan Test Loss: 1.0594486
Validation loss decreased (nan --> nan).  Saving model ...
Updating learning rate to 2.7812838944369375e-06
Epoch: 38 cost time: 0.27057719230651855
[2023-11-14 17:01:11] [32mIntermediate result: nan  (Index 37)[0m
Epoch: 38, Steps: 4 | Train Loss: 1.3509484 Vali Loss: nan Test Loss: 1.0597298
Validation loss decreased (nan --> nan).  Saving model ...
Updating learning rate to 2.503155504993244e-06
Epoch: 39 cost time: 0.2577073574066162
[2023-11-14 17:01:12] [32mIntermediate result: nan  (Index 38)[0m
Epoch: 39, Steps: 4 | Train Loss: 1.3398420 Vali Loss: nan Test Loss: 1.0595444
Validation loss decreased (nan --> nan).  Saving model ...
Updating learning rate to 2.2528399544939195e-06
Epoch: 40 cost time: 0.27534961700439453
[2023-11-14 17:01:12] [32mIntermediate result: nan  (Index 39)[0m
Epoch: 40, Steps: 4 | Train Loss: 1.3453216 Vali Loss: nan Test Loss: 1.0595338
Validation loss decreased (nan --> nan).  Saving model ...
Updating learning rate to 2.0275559590445276e-06
Epoch: 41 cost time: 0.26670336723327637
[2023-11-14 17:01:13] [32mIntermediate result: nan  (Index 40)[0m
Epoch: 41, Steps: 4 | Train Loss: 1.3325152 Vali Loss: nan Test Loss: 1.0592822
Validation loss decreased (nan --> nan).  Saving model ...
Updating learning rate to 1.8248003631400751e-06
Epoch: 42 cost time: 0.2795238494873047
[2023-11-14 17:01:14] [32mIntermediate result: nan  (Index 41)[0m
Epoch: 42, Steps: 4 | Train Loss: 1.3344346 Vali Loss: nan Test Loss: 1.0587484
Validation loss decreased (nan --> nan).  Saving model ...
Updating learning rate to 1.6423203268260676e-06
Epoch: 43 cost time: 0.27634596824645996
[2023-11-14 17:01:15] [32mIntermediate result: nan  (Index 42)[0m
Epoch: 43, Steps: 4 | Train Loss: 1.3435989 Vali Loss: nan Test Loss: 1.0580643
Validation loss decreased (nan --> nan).  Saving model ...
Updating learning rate to 1.4780882941434609e-06
Epoch: 44 cost time: 0.2682363986968994
[2023-11-14 17:01:15] [32mIntermediate result: nan  (Index 43)[0m
Epoch: 44, Steps: 4 | Train Loss: 1.3469032 Vali Loss: nan Test Loss: 1.0583621
Validation loss decreased (nan --> nan).  Saving model ...
Updating learning rate to 1.3302794647291146e-06
Epoch: 45 cost time: 0.2722506523132324
[2023-11-14 17:01:16] [32mIntermediate result: nan  (Index 44)[0m
Epoch: 45, Steps: 4 | Train Loss: 1.3416993 Vali Loss: nan Test Loss: 1.0579902
Validation loss decreased (nan --> nan).  Saving model ...
Updating learning rate to 1.1972515182562034e-06
Epoch: 46 cost time: 0.2688882350921631
[2023-11-14 17:01:17] [32mIntermediate result: nan  (Index 45)[0m
Epoch: 46, Steps: 4 | Train Loss: 1.3297619 Vali Loss: nan Test Loss: 1.0580207
Validation loss decreased (nan --> nan).  Saving model ...
Updating learning rate to 1.077526366430583e-06
Epoch: 47 cost time: 0.2745368480682373
[2023-11-14 17:01:17] [32mIntermediate result: nan  (Index 46)[0m
Epoch: 47, Steps: 4 | Train Loss: 1.3415993 Vali Loss: nan Test Loss: 1.0576347
Validation loss decreased (nan --> nan).  Saving model ...
Updating learning rate to 9.697737297875248e-07
Epoch: 48 cost time: 0.2668752670288086
[2023-11-14 17:01:18] [32mIntermediate result: nan  (Index 47)[0m
Epoch: 48, Steps: 4 | Train Loss: 1.3388769 Vali Loss: nan Test Loss: 1.0574762
Validation loss decreased (nan --> nan).  Saving model ...
Updating learning rate to 8.727963568087723e-07
Epoch: 49 cost time: 0.2699751853942871
[2023-11-14 17:01:19] [32mIntermediate result: nan  (Index 48)[0m
Epoch: 49, Steps: 4 | Train Loss: 1.3418576 Vali Loss: nan Test Loss: 1.0573556
Validation loss decreased (nan --> nan).  Saving model ...
Updating learning rate to 7.855167211278951e-07
Epoch: 50 cost time: 0.26941561698913574
[2023-11-14 17:01:19] [32mIntermediate result: nan  (Index 49)[0m
Epoch: 50, Steps: 4 | Train Loss: 1.3344403 Vali Loss: nan Test Loss: 1.0574948
Validation loss decreased (nan --> nan).  Saving model ...
Updating learning rate to 7.069650490151056e-07
Epoch: 51 cost time: 0.2646749019622803
[2023-11-14 17:01:20] [32mIntermediate result: nan  (Index 50)[0m
Epoch: 51, Steps: 4 | Train Loss: 1.3485974 Vali Loss: nan Test Loss: 1.0572199
Validation loss decreased (nan --> nan).  Saving model ...
Updating learning rate to 6.36268544113595e-07
Epoch: 52 cost time: 0.2735707759857178
[2023-11-14 17:01:21] [32mIntermediate result: nan  (Index 51)[0m
Epoch: 52, Steps: 4 | Train Loss: 1.3377411 Vali Loss: nan Test Loss: 1.0573980
Validation loss decreased (nan --> nan).  Saving model ...
Updating learning rate to 5.726416897022355e-07
Epoch: 53 cost time: 0.2705848217010498
[2023-11-14 17:01:21] [32mIntermediate result: nan  (Index 52)[0m
Epoch: 53, Steps: 4 | Train Loss: 1.3251991 Vali Loss: nan Test Loss: 1.0573519
Validation loss decreased (nan --> nan).  Saving model ...
Updating learning rate to 5.15377520732012e-07
Epoch: 54 cost time: 0.2763347625732422
[2023-11-14 17:01:22] [32mIntermediate result: nan  (Index 53)[0m
Epoch: 54, Steps: 4 | Train Loss: 1.3397794 Vali Loss: nan Test Loss: 1.0573553
Validation loss decreased (nan --> nan).  Saving model ...
Updating learning rate to 4.6383976865881085e-07
Epoch: 55 cost time: 0.2615485191345215
[2023-11-14 17:01:23] [32mIntermediate result: nan  (Index 54)[0m
Epoch: 55, Steps: 4 | Train Loss: 1.3529437 Vali Loss: nan Test Loss: 1.0571048
Validation loss decreased (nan --> nan).  Saving model ...
Updating learning rate to 4.174557917929298e-07
Epoch: 56 cost time: 0.2708754539489746
[2023-11-14 17:01:24] [32mIntermediate result: nan  (Index 55)[0m
Epoch: 56, Steps: 4 | Train Loss: 1.3477907 Vali Loss: nan Test Loss: 1.0568166
Validation loss decreased (nan --> nan).  Saving model ...
Updating learning rate to 3.7571021261363677e-07
Epoch: 57 cost time: 0.26987528800964355
[2023-11-14 17:01:24] [32mIntermediate result: nan  (Index 56)[0m
Epoch: 57, Steps: 4 | Train Loss: 1.3406311 Vali Loss: nan Test Loss: 1.0565017
Validation loss decreased (nan --> nan).  Saving model ...
Updating learning rate to 3.381391913522731e-07
Epoch: 58 cost time: 0.26744961738586426
[2023-11-14 17:01:25] [32mIntermediate result: nan  (Index 57)[0m
Epoch: 58, Steps: 4 | Train Loss: 1.3339623 Vali Loss: nan Test Loss: 1.0562150
Validation loss decreased (nan --> nan).  Saving model ...
Updating learning rate to 3.043252722170458e-07
Epoch: 59 cost time: 0.2655375003814697
[2023-11-14 17:01:26] [32mIntermediate result: nan  (Index 58)[0m
Epoch: 59, Steps: 4 | Train Loss: 1.3425239 Vali Loss: nan Test Loss: 1.0563067
Validation loss decreased (nan --> nan).  Saving model ...
Updating learning rate to 2.7389274499534124e-07
Epoch: 60 cost time: 0.2726602554321289
[2023-11-14 17:01:26] [32mIntermediate result: nan  (Index 59)[0m
Epoch: 60, Steps: 4 | Train Loss: 1.3332522 Vali Loss: nan Test Loss: 1.0561429
Validation loss decreased (nan --> nan).  Saving model ...
Updating learning rate to 2.465034704958071e-07
Epoch: 61 cost time: 0.2747519016265869
[2023-11-14 17:01:27] [32mIntermediate result: nan  (Index 60)[0m
Epoch: 61, Steps: 4 | Train Loss: 1.3431585 Vali Loss: nan Test Loss: 1.0567614
Validation loss decreased (nan --> nan).  Saving model ...
Updating learning rate to 2.218531234462264e-07
Epoch: 62 cost time: 0.271467924118042
[2023-11-14 17:01:28] [32mIntermediate result: nan  (Index 61)[0m
Epoch: 62, Steps: 4 | Train Loss: 1.3367605 Vali Loss: nan Test Loss: 1.0565420
Validation loss decreased (nan --> nan).  Saving model ...
Updating learning rate to 1.9966781110160376e-07
Epoch: 63 cost time: 0.2637767791748047
[2023-11-14 17:01:29] [32mIntermediate result: nan  (Index 62)[0m
Epoch: 63, Steps: 4 | Train Loss: 1.3526974 Vali Loss: nan Test Loss: 1.0567780
Validation loss decreased (nan --> nan).  Saving model ...
Updating learning rate to 1.797010299914434e-07
Epoch: 64 cost time: 0.2750072479248047
[2023-11-14 17:01:29] [32mIntermediate result: nan  (Index 63)[0m
Epoch: 64, Steps: 4 | Train Loss: 1.3367486 Vali Loss: nan Test Loss: 1.0570469
Validation loss decreased (nan --> nan).  Saving model ...
Updating learning rate to 1.6173092699229907e-07
Epoch: 65 cost time: 0.2691166400909424
[2023-11-14 17:01:30] [32mIntermediate result: nan  (Index 64)[0m
Epoch: 65, Steps: 4 | Train Loss: 1.3303595 Vali Loss: nan Test Loss: 1.0566864
Validation loss decreased (nan --> nan).  Saving model ...
Updating learning rate to 1.4555783429306916e-07
Epoch: 66 cost time: 0.2668490409851074
[2023-11-14 17:01:31] [32mIntermediate result: nan  (Index 65)[0m
Epoch: 66, Steps: 4 | Train Loss: 1.3427725 Vali Loss: nan Test Loss: 1.0565022
Validation loss decreased (nan --> nan).  Saving model ...
Updating learning rate to 1.3100205086376224e-07
Epoch: 67 cost time: 0.2706727981567383
[2023-11-14 17:01:31] [32mIntermediate result: nan  (Index 66)[0m
Epoch: 67, Steps: 4 | Train Loss: 1.3274663 Vali Loss: nan Test Loss: 1.0563093
Validation loss decreased (nan --> nan).  Saving model ...
Updating learning rate to 1.1790184577738603e-07
Epoch: 68 cost time: 0.2751598358154297
[2023-11-14 17:01:32] [32mIntermediate result: nan  (Index 67)[0m
Epoch: 68, Steps: 4 | Train Loss: 1.3495823 Vali Loss: nan Test Loss: 1.0560620
Validation loss decreased (nan --> nan).  Saving model ...
Updating learning rate to 1.0611166119964742e-07
Epoch: 69 cost time: 0.26932573318481445
[2023-11-14 17:01:33] [32mIntermediate result: nan  (Index 68)[0m
Epoch: 69, Steps: 4 | Train Loss: 1.3266580 Vali Loss: nan Test Loss: 1.0559558
Validation loss decreased (nan --> nan).  Saving model ...
Updating learning rate to 9.550049507968268e-08
Epoch: 70 cost time: 0.2626214027404785
[2023-11-14 17:01:33] [32mIntermediate result: nan  (Index 69)[0m
Epoch: 70, Steps: 4 | Train Loss: 1.3224835 Vali Loss: nan Test Loss: 1.0563827
Validation loss decreased (nan --> nan).  Saving model ...
Updating learning rate to 8.595044557171442e-08
Epoch: 71 cost time: 0.2643744945526123
[2023-11-14 17:01:34] [32mIntermediate result: nan  (Index 70)[0m
Epoch: 71, Steps: 4 | Train Loss: 1.3366127 Vali Loss: nan Test Loss: 1.0565298
Validation loss decreased (nan --> nan).  Saving model ...
Updating learning rate to 7.735540101454298e-08
Epoch: 72 cost time: 0.28284215927124023
[2023-11-14 17:01:35] [32mIntermediate result: nan  (Index 71)[0m
Epoch: 72, Steps: 4 | Train Loss: 1.3333431 Vali Loss: nan Test Loss: 1.0565275
Validation loss decreased (nan --> nan).  Saving model ...
Updating learning rate to 6.961986091308869e-08
Epoch: 73 cost time: 0.2648890018463135
[2023-11-14 17:01:36] [32mIntermediate result: nan  (Index 72)[0m
Epoch: 73, Steps: 4 | Train Loss: 1.3352982 Vali Loss: nan Test Loss: 1.0562171
Validation loss decreased (nan --> nan).  Saving model ...
Updating learning rate to 6.265787482177981e-08
Epoch: 74 cost time: 0.26153111457824707
[2023-11-14 17:01:36] [32mIntermediate result: nan  (Index 73)[0m
Epoch: 74, Steps: 4 | Train Loss: 1.3412719 Vali Loss: nan Test Loss: 1.0562046
Validation loss decreased (nan --> nan).  Saving model ...
Updating learning rate to 5.639208733960184e-08
Epoch: 75 cost time: 0.2690153121948242
[2023-11-14 17:01:37] [32mIntermediate result: nan  (Index 74)[0m
Epoch: 75, Steps: 4 | Train Loss: 1.3391460 Vali Loss: nan Test Loss: 1.0561861
Validation loss decreased (nan --> nan).  Saving model ...
Updating learning rate to 5.075287860564165e-08
Epoch: 76 cost time: 0.265061616897583
[2023-11-14 17:01:38] [32mIntermediate result: nan  (Index 75)[0m
Epoch: 76, Steps: 4 | Train Loss: 1.3404021 Vali Loss: nan Test Loss: 1.0561894
Validation loss decreased (nan --> nan).  Saving model ...
Updating learning rate to 4.567759074507749e-08
Epoch: 77 cost time: 0.26618266105651855
[2023-11-14 17:01:38] [32mIntermediate result: nan  (Index 76)[0m
Epoch: 77, Steps: 4 | Train Loss: 1.3497322 Vali Loss: nan Test Loss: 1.0561252
Validation loss decreased (nan --> nan).  Saving model ...
Updating learning rate to 4.1109831670569744e-08
Epoch: 78 cost time: 0.26578688621520996
[2023-11-14 17:01:39] [32mIntermediate result: nan  (Index 77)[0m
Epoch: 78, Steps: 4 | Train Loss: 1.3318939 Vali Loss: nan Test Loss: 1.0568202
Validation loss decreased (nan --> nan).  Saving model ...
Updating learning rate to 3.6998848503512764e-08
Epoch: 79 cost time: 0.2784092426300049
[2023-11-14 17:01:40] [32mIntermediate result: nan  (Index 78)[0m
Epoch: 79, Steps: 4 | Train Loss: 1.3397680 Vali Loss: nan Test Loss: 1.0567375
Validation loss decreased (nan --> nan).  Saving model ...
Updating learning rate to 3.3298963653161496e-08
Epoch: 80 cost time: 0.30117344856262207
[2023-11-14 17:01:41] [32mIntermediate result: nan  (Index 79)[0m
Epoch: 80, Steps: 4 | Train Loss: 1.3453048 Vali Loss: nan Test Loss: 1.0565536
Validation loss decreased (nan --> nan).  Saving model ...
Updating learning rate to 2.996906728784534e-08
Epoch: 81 cost time: 0.27373290061950684
[2023-11-14 17:01:41] [32mIntermediate result: nan  (Index 80)[0m
Epoch: 81, Steps: 4 | Train Loss: 1.3417720 Vali Loss: nan Test Loss: 1.0568941
Validation loss decreased (nan --> nan).  Saving model ...
Updating learning rate to 2.697216055906081e-08
Epoch: 82 cost time: 0.26850271224975586
[2023-11-14 17:01:42] [32mIntermediate result: nan  (Index 81)[0m
Epoch: 82, Steps: 4 | Train Loss: 1.3365122 Vali Loss: nan Test Loss: 1.0566492
Validation loss decreased (nan --> nan).  Saving model ...
Updating learning rate to 2.427494450315473e-08
Epoch: 83 cost time: 0.2710576057434082
[2023-11-14 17:01:43] [32mIntermediate result: nan  (Index 82)[0m
Epoch: 83, Steps: 4 | Train Loss: 1.3310611 Vali Loss: nan Test Loss: 1.0564910
Validation loss decreased (nan --> nan).  Saving model ...
Updating learning rate to 2.1847450052839257e-08
Epoch: 84 cost time: 0.26918554306030273
[2023-11-14 17:01:43] [32mIntermediate result: nan  (Index 83)[0m
Epoch: 84, Steps: 4 | Train Loss: 1.3225336 Vali Loss: nan Test Loss: 1.0564518
Validation loss decreased (nan --> nan).  Saving model ...
Updating learning rate to 1.9662705047555332e-08
Epoch: 85 cost time: 0.26096105575561523
[2023-11-14 17:01:44] [32mIntermediate result: nan  (Index 84)[0m
Epoch: 85, Steps: 4 | Train Loss: 1.3429159 Vali Loss: nan Test Loss: 1.0566356
Validation loss decreased (nan --> nan).  Saving model ...
Updating learning rate to 1.7696434542799797e-08
Epoch: 86 cost time: 0.26955723762512207
[2023-11-14 17:01:45] [32mIntermediate result: nan  (Index 85)[0m
Epoch: 86, Steps: 4 | Train Loss: 1.3324877 Vali Loss: nan Test Loss: 1.0560447
Validation loss decreased (nan --> nan).  Saving model ...
Updating learning rate to 1.5926791088519817e-08
Epoch: 87 cost time: 0.26546764373779297
[2023-11-14 17:01:45] [32mIntermediate result: nan  (Index 86)[0m
Epoch: 87, Steps: 4 | Train Loss: 1.3481762 Vali Loss: nan Test Loss: 1.0558138
Validation loss decreased (nan --> nan).  Saving model ...
Updating learning rate to 1.4334111979667836e-08
Epoch: 88 cost time: 0.2686455249786377
[2023-11-14 17:01:46] [32mIntermediate result: nan  (Index 87)[0m
Epoch: 88, Steps: 4 | Train Loss: 1.3387130 Vali Loss: nan Test Loss: 1.0555165
Validation loss decreased (nan --> nan).  Saving model ...
Updating learning rate to 1.2900700781701054e-08
Epoch: 89 cost time: 0.2616150379180908
[2023-11-14 17:01:47] [32mIntermediate result: nan  (Index 88)[0m
Epoch: 89, Steps: 4 | Train Loss: 1.3294481 Vali Loss: nan Test Loss: 1.0556037
Validation loss decreased (nan --> nan).  Saving model ...
Updating learning rate to 1.161063070353095e-08
Epoch: 90 cost time: 0.2580723762512207
[2023-11-14 17:01:48] [32mIntermediate result: nan  (Index 89)[0m
Epoch: 90, Steps: 4 | Train Loss: 1.3403541 Vali Loss: nan Test Loss: 1.0555233
Validation loss decreased (nan --> nan).  Saving model ...
Updating learning rate to 1.0449567633177854e-08
Epoch: 91 cost time: 0.2654569149017334
[2023-11-14 17:01:48] [32mIntermediate result: nan  (Index 90)[0m
Epoch: 91, Steps: 4 | Train Loss: 1.3412308 Vali Loss: nan Test Loss: 1.0555854
Validation loss decreased (nan --> nan).  Saving model ...
Updating learning rate to 9.404610869860069e-09
Epoch: 92 cost time: 0.26461315155029297
[2023-11-14 17:01:49] [32mIntermediate result: nan  (Index 91)[0m
Epoch: 92, Steps: 4 | Train Loss: 1.3487940 Vali Loss: nan Test Loss: 1.0555916
Validation loss decreased (nan --> nan).  Saving model ...
Updating learning rate to 8.464149782874063e-09
Epoch: 93 cost time: 0.2652738094329834
[2023-11-14 17:01:50] [32mIntermediate result: nan  (Index 92)[0m
Epoch: 93, Steps: 4 | Train Loss: 1.3492237 Vali Loss: nan Test Loss: 1.0556766
Validation loss decreased (nan --> nan).  Saving model ...
Updating learning rate to 7.617734804586658e-09
Epoch: 94 cost time: 0.27655887603759766
[2023-11-14 17:01:50] [32mIntermediate result: nan  (Index 93)[0m
Epoch: 94, Steps: 4 | Train Loss: 1.3499263 Vali Loss: nan Test Loss: 1.0555043
Validation loss decreased (nan --> nan).  Saving model ...
Updating learning rate to 6.855961324127991e-09
Epoch: 95 cost time: 0.2731039524078369
[2023-11-14 17:01:51] [32mIntermediate result: nan  (Index 94)[0m
Epoch: 95, Steps: 4 | Train Loss: 1.3336486 Vali Loss: nan Test Loss: 1.0556883
Validation loss decreased (nan --> nan).  Saving model ...
Updating learning rate to 6.170365191715193e-09
Epoch: 96 cost time: 0.26348137855529785
[2023-11-14 17:01:52] [32mIntermediate result: nan  (Index 95)[0m
Epoch: 96, Steps: 4 | Train Loss: 1.3495359 Vali Loss: nan Test Loss: 1.0556763
Validation loss decreased (nan --> nan).  Saving model ...
Updating learning rate to 5.5533286725436726e-09
Epoch: 97 cost time: 0.26980137825012207
[2023-11-14 17:01:52] [32mIntermediate result: nan  (Index 96)[0m
Epoch: 97, Steps: 4 | Train Loss: 1.3396507 Vali Loss: nan Test Loss: 1.0557481
Validation loss decreased (nan --> nan).  Saving model ...
Updating learning rate to 4.997995805289306e-09
Epoch: 98 cost time: 0.26796865463256836
[2023-11-14 17:01:53] [32mIntermediate result: nan  (Index 97)[0m
Epoch: 98, Steps: 4 | Train Loss: 1.3350745 Vali Loss: nan Test Loss: 1.0559951
Validation loss decreased (nan --> nan).  Saving model ...
Updating learning rate to 4.498196224760375e-09
Epoch: 99 cost time: 0.2728548049926758
[2023-11-14 17:01:54] [32mIntermediate result: nan  (Index 98)[0m
Epoch: 99, Steps: 4 | Train Loss: 1.3444298 Vali Loss: nan Test Loss: 1.0559582
Validation loss decreased (nan --> nan).  Saving model ...
Updating learning rate to 4.048376602284338e-09
Epoch: 100 cost time: 0.2686614990234375
[2023-11-14 17:01:55] [32mIntermediate result: nan  (Index 99)[0m
Epoch: 100, Steps: 4 | Train Loss: 1.3386362 Vali Loss: nan Test Loss: 1.0562352
Validation loss decreased (nan --> nan).  Saving model ...
Updating learning rate to 3.643538942055904e-09
[2023-11-14 17:01:55] [32mFinal result: 1.0562352[0m
>>>>>>>testing : 96_96_PatchTST_xuhao_ftS_sl96_ll48_pl96_dm16_nh4_el3_dl1_df128_fc1_ebtimeF_dtTrue_Exp_0<<<<<<<<<<<<<<<<<<<<<<<<<<<<<<<<<
test 134
mse:1.0562351942062378, mae:0.8134644627571106, rse:1.1178483963012695
