Args in experiment:
Namespace(random_seed=2021, is_training=1, model_id='336_720', model='PatchTST', data='ETTh1', root_path='./dataset/', data_path='ETTh1.csv', features='M', target='OT', freq='h', checkpoints='./checkpoints/', seq_len=336, label_len=48, pred_len=720, fc_dropout=0.3, head_dropout=0.0, patch_len=16, stride=8, padding_patch='end', revin=1, affine=0, subtract_last=0, decomposition=0, kernel_size=25, individual=0, embed_type=0, enc_in=7, dec_in=7, c_out=7, d_model=16, n_heads=4, e_layers=3, d_layers=1, d_ff=128, moving_avg=25, factor=1, distil=True, dropout=0.3, embed='timeF', activation='gelu', output_attention=False, do_predict=False, num_workers=10, itr=1, train_epochs=100, batch_size=128, patience=100, learning_rate=0.0001, des='Exp', loss='mse', lradj='type3', pct_start=0.3, use_amp=False, momentum=0.9, use_gpu=True, gpu=0, use_multi_gpu=False, devices='0,1', test_flop=False)
Use GPU: cuda:0
{'learning_rate': 0.0001, 'momentum': 0.9, 'e_layers': 3, 'n_heads': 4, 'd_model': 16, 'd_ff': 128, 'dropout': 0.3, 'fc_dropout': 0.3, 'head_dropout': 0, 'batch_size': 128}
>>>>>>>start training : 336_720_PatchTST_ETTh1_ftM_sl336_ll48_pl720_dm16_nh4_el3_dl1_df128_fc1_ebtimeF_dtTrue_Exp_0>>>>>>>>>>>>>>>>>>>>>>>>>>
train 7585
val 2161
test 2161
Epoch: 1 cost time: 1.6780622005462646
[2023-11-19 15:32:58] [32mIntermediate result: 1.9748085  (Index 0)[0m
Epoch: 1, Steps: 59 | Train Loss: 0.9000883 Vali Loss: 1.9748085 Test Loss: 0.7927527
Validation loss decreased (inf --> 1.974808).  Saving model ...
Updating learning rate to 0.0001
Epoch: 2 cost time: 1.6556663513183594
[2023-11-19 15:33:01] [32mIntermediate result: 1.5448449  (Index 1)[0m
Epoch: 2, Steps: 59 | Train Loss: 0.7681121 Vali Loss: 1.5448449 Test Loss: 0.5065498
Validation loss decreased (1.974808 --> 1.544845).  Saving model ...
Updating learning rate to 0.0001
Epoch: 3 cost time: 1.7220051288604736
[2023-11-19 15:33:04] [32mIntermediate result: 1.4914544  (Index 2)[0m
Epoch: 3, Steps: 59 | Train Loss: 0.6728115 Vali Loss: 1.4914544 Test Loss: 0.4623097
Validation loss decreased (1.544845 --> 1.491454).  Saving model ...
Updating learning rate to 0.0001
Epoch: 4 cost time: 1.6645393371582031
[2023-11-19 15:33:06] [32mIntermediate result: 1.4604982  (Index 3)[0m
Epoch: 4, Steps: 59 | Train Loss: 0.6383922 Vali Loss: 1.4604982 Test Loss: 0.4523845
Validation loss decreased (1.491454 --> 1.460498).  Saving model ...
Updating learning rate to 9e-05
Epoch: 5 cost time: 1.7392585277557373
[2023-11-19 15:33:09] [32mIntermediate result: 1.4478135  (Index 4)[0m
Epoch: 5, Steps: 59 | Train Loss: 0.6200882 Vali Loss: 1.4478135 Test Loss: 0.4484178
Validation loss decreased (1.460498 --> 1.447814).  Saving model ...
Updating learning rate to 8.1e-05
Epoch: 6 cost time: 1.6627960205078125
[2023-11-19 15:33:12] [32mIntermediate result: 1.4442455  (Index 5)[0m
Epoch: 6, Steps: 59 | Train Loss: 0.6077954 Vali Loss: 1.4442455 Test Loss: 0.4498965
Validation loss decreased (1.447814 --> 1.444245).  Saving model ...
Updating learning rate to 7.290000000000001e-05
Epoch: 7 cost time: 1.6841869354248047
[2023-11-19 15:33:14] [32mIntermediate result: 1.4507947  (Index 6)[0m
Epoch: 7, Steps: 59 | Train Loss: 0.5994661 Vali Loss: 1.4507947 Test Loss: 0.4544433
EarlyStopping counter: 1 out of 100
Updating learning rate to 6.561e-05
Epoch: 8 cost time: 1.739443302154541
[2023-11-19 15:33:17] [32mIntermediate result: 1.4545739  (Index 7)[0m
Epoch: 8, Steps: 59 | Train Loss: 0.5937424 Vali Loss: 1.4545739 Test Loss: 0.4600368
EarlyStopping counter: 2 out of 100
Updating learning rate to 5.904900000000001e-05
Epoch: 9 cost time: 1.660818099975586
[2023-11-19 15:33:20] [32mIntermediate result: 1.4623718  (Index 8)[0m
Epoch: 9, Steps: 59 | Train Loss: 0.5894292 Vali Loss: 1.4623718 Test Loss: 0.4642302
EarlyStopping counter: 3 out of 100
Updating learning rate to 5.3144100000000005e-05
Epoch: 10 cost time: 1.68752121925354
[2023-11-19 15:33:22] [32mIntermediate result: 1.4612439  (Index 9)[0m
Epoch: 10, Steps: 59 | Train Loss: 0.5857413 Vali Loss: 1.4612439 Test Loss: 0.4680660
EarlyStopping counter: 4 out of 100
Updating learning rate to 4.782969000000001e-05
Epoch: 11 cost time: 1.6835618019104004
[2023-11-19 15:33:25] [32mIntermediate result: 1.4630821  (Index 10)[0m
Epoch: 11, Steps: 59 | Train Loss: 0.5838835 Vali Loss: 1.4630821 Test Loss: 0.4673596
EarlyStopping counter: 5 out of 100
Updating learning rate to 4.304672100000001e-05
Epoch: 12 cost time: 1.6577167510986328
[2023-11-19 15:33:28] [32mIntermediate result: 1.466374  (Index 11)[0m
Epoch: 12, Steps: 59 | Train Loss: 0.5816576 Vali Loss: 1.4663740 Test Loss: 0.4668773
EarlyStopping counter: 6 out of 100
Updating learning rate to 3.874204890000001e-05
Epoch: 13 cost time: 1.6920883655548096
[2023-11-19 15:33:30] [32mIntermediate result: 1.470514  (Index 12)[0m
Epoch: 13, Steps: 59 | Train Loss: 0.5801153 Vali Loss: 1.4705141 Test Loss: 0.4666324
EarlyStopping counter: 7 out of 100
Updating learning rate to 3.486784401000001e-05
Epoch: 14 cost time: 1.7268753051757812
[2023-11-19 15:33:33] [32mIntermediate result: 1.4702535  (Index 13)[0m
Epoch: 14, Steps: 59 | Train Loss: 0.5780982 Vali Loss: 1.4702535 Test Loss: 0.4662248
EarlyStopping counter: 8 out of 100
Updating learning rate to 3.138105960900001e-05
Epoch: 15 cost time: 1.7053747177124023
[2023-11-19 15:33:36] [32mIntermediate result: 1.4741151  (Index 14)[0m
Epoch: 15, Steps: 59 | Train Loss: 0.5765175 Vali Loss: 1.4741151 Test Loss: 0.4669335
EarlyStopping counter: 9 out of 100
Updating learning rate to 2.824295364810001e-05
Epoch: 16 cost time: 1.737480640411377
[2023-11-19 15:33:39] [32mIntermediate result: 1.475533  (Index 15)[0m
Epoch: 16, Steps: 59 | Train Loss: 0.5760431 Vali Loss: 1.4755330 Test Loss: 0.4663257
EarlyStopping counter: 10 out of 100
Updating learning rate to 2.541865828329001e-05
Epoch: 17 cost time: 1.6617002487182617
[2023-11-19 15:33:41] [32mIntermediate result: 1.4707111  (Index 16)[0m
Epoch: 17, Steps: 59 | Train Loss: 0.5749914 Vali Loss: 1.4707111 Test Loss: 0.4654606
EarlyStopping counter: 11 out of 100
Updating learning rate to 2.287679245496101e-05
Epoch: 18 cost time: 1.7137360572814941
[2023-11-19 15:33:44] [32mIntermediate result: 1.4738573  (Index 17)[0m
Epoch: 18, Steps: 59 | Train Loss: 0.5740278 Vali Loss: 1.4738573 Test Loss: 0.4665126
EarlyStopping counter: 12 out of 100
Updating learning rate to 2.0589113209464907e-05
Epoch: 19 cost time: 1.7306740283966064
[2023-11-19 15:33:47] [32mIntermediate result: 1.4819348  (Index 18)[0m
Epoch: 19, Steps: 59 | Train Loss: 0.5731612 Vali Loss: 1.4819348 Test Loss: 0.4669553
EarlyStopping counter: 13 out of 100
Updating learning rate to 1.8530201888518416e-05
Epoch: 20 cost time: 1.6706492900848389
[2023-11-19 15:33:49] [32mIntermediate result: 1.4766512  (Index 19)[0m
Epoch: 20, Steps: 59 | Train Loss: 0.5722265 Vali Loss: 1.4766512 Test Loss: 0.4663110
EarlyStopping counter: 14 out of 100
Updating learning rate to 1.6677181699666577e-05
Epoch: 21 cost time: 1.6768155097961426
[2023-11-19 15:33:52] [32mIntermediate result: 1.4808742  (Index 20)[0m
Epoch: 21, Steps: 59 | Train Loss: 0.5713186 Vali Loss: 1.4808742 Test Loss: 0.4656957
EarlyStopping counter: 15 out of 100
Updating learning rate to 1.5009463529699919e-05
Epoch: 22 cost time: 1.7354748249053955
[2023-11-19 15:33:55] [32mIntermediate result: 1.479392  (Index 21)[0m
Epoch: 22, Steps: 59 | Train Loss: 0.5705308 Vali Loss: 1.4793921 Test Loss: 0.4664752
EarlyStopping counter: 16 out of 100
Updating learning rate to 1.3508517176729929e-05
Epoch: 23 cost time: 1.6689670085906982
[2023-11-19 15:33:57] [32mIntermediate result: 1.4834151  (Index 22)[0m
Epoch: 23, Steps: 59 | Train Loss: 0.5701289 Vali Loss: 1.4834151 Test Loss: 0.4661602
EarlyStopping counter: 17 out of 100
Updating learning rate to 1.2157665459056936e-05
Epoch: 24 cost time: 1.6814138889312744
[2023-11-19 15:34:00] [32mIntermediate result: 1.4790989  (Index 23)[0m
Epoch: 24, Steps: 59 | Train Loss: 0.5699041 Vali Loss: 1.4790989 Test Loss: 0.4671423
EarlyStopping counter: 18 out of 100
Updating learning rate to 1.0941898913151242e-05
Epoch: 25 cost time: 1.6964678764343262
[2023-11-19 15:34:03] [32mIntermediate result: 1.4831926  (Index 24)[0m
Epoch: 25, Steps: 59 | Train Loss: 0.5696365 Vali Loss: 1.4831926 Test Loss: 0.4671359
EarlyStopping counter: 19 out of 100
Updating learning rate to 9.847709021836118e-06
Epoch: 26 cost time: 1.7015624046325684
[2023-11-19 15:34:05] [32mIntermediate result: 1.4822304  (Index 25)[0m
Epoch: 26, Steps: 59 | Train Loss: 0.5685422 Vali Loss: 1.4822304 Test Loss: 0.4676754
EarlyStopping counter: 20 out of 100
Updating learning rate to 8.862938119652508e-06
Epoch: 27 cost time: 1.7350683212280273
[2023-11-19 15:34:08] [32mIntermediate result: 1.4862133  (Index 26)[0m
Epoch: 27, Steps: 59 | Train Loss: 0.5680827 Vali Loss: 1.4862133 Test Loss: 0.4673503
EarlyStopping counter: 21 out of 100
Updating learning rate to 7.976644307687255e-06
Epoch: 28 cost time: 1.6572301387786865
[2023-11-19 15:34:11] [32mIntermediate result: 1.4882207  (Index 27)[0m
Epoch: 28, Steps: 59 | Train Loss: 0.5674918 Vali Loss: 1.4882207 Test Loss: 0.4685505
EarlyStopping counter: 22 out of 100
Updating learning rate to 7.178979876918531e-06
Epoch: 29 cost time: 1.653923749923706
[2023-11-19 15:34:13] [32mIntermediate result: 1.4839753  (Index 28)[0m
Epoch: 29, Steps: 59 | Train Loss: 0.5673938 Vali Loss: 1.4839753 Test Loss: 0.4688395
EarlyStopping counter: 23 out of 100
Updating learning rate to 6.4610818892266776e-06
Epoch: 30 cost time: 1.6941876411437988
[2023-11-19 15:34:16] [32mIntermediate result: 1.4881945  (Index 29)[0m
Epoch: 30, Steps: 59 | Train Loss: 0.5672238 Vali Loss: 1.4881945 Test Loss: 0.4678462
EarlyStopping counter: 24 out of 100
Updating learning rate to 5.8149737003040096e-06
Epoch: 31 cost time: 1.7195756435394287
[2023-11-19 15:34:19] [32mIntermediate result: 1.487597  (Index 30)[0m
Epoch: 31, Steps: 59 | Train Loss: 0.5671608 Vali Loss: 1.4875970 Test Loss: 0.4701269
EarlyStopping counter: 25 out of 100
Updating learning rate to 5.23347633027361e-06
Epoch: 32 cost time: 1.6754086017608643
[2023-11-19 15:34:21] [32mIntermediate result: 1.4908168  (Index 31)[0m
Epoch: 32, Steps: 59 | Train Loss: 0.5662242 Vali Loss: 1.4908168 Test Loss: 0.4693504
EarlyStopping counter: 26 out of 100
Updating learning rate to 4.710128697246249e-06
Epoch: 33 cost time: 1.6766092777252197
[2023-11-19 15:34:24] [32mIntermediate result: 1.4946737  (Index 32)[0m
Epoch: 33, Steps: 59 | Train Loss: 0.5664575 Vali Loss: 1.4946737 Test Loss: 0.4695668
EarlyStopping counter: 27 out of 100
Updating learning rate to 4.239115827521624e-06
Epoch: 34 cost time: 1.7202863693237305
[2023-11-19 15:34:27] [32mIntermediate result: 1.48664  (Index 33)[0m
Epoch: 34, Steps: 59 | Train Loss: 0.5658264 Vali Loss: 1.4866400 Test Loss: 0.4703673
EarlyStopping counter: 28 out of 100
Updating learning rate to 3.815204244769462e-06
Epoch: 35 cost time: 1.6642796993255615
[2023-11-19 15:34:29] [32mIntermediate result: 1.4880109  (Index 34)[0m
Epoch: 35, Steps: 59 | Train Loss: 0.5661462 Vali Loss: 1.4880109 Test Loss: 0.4699842
EarlyStopping counter: 29 out of 100
Updating learning rate to 3.4336838202925152e-06
Epoch: 36 cost time: 1.6688427925109863
[2023-11-19 15:34:32] [32mIntermediate result: 1.4834075  (Index 35)[0m
Epoch: 36, Steps: 59 | Train Loss: 0.5661107 Vali Loss: 1.4834075 Test Loss: 0.4707107
EarlyStopping counter: 30 out of 100
Updating learning rate to 3.090315438263264e-06
Epoch: 37 cost time: 1.6734919548034668
[2023-11-19 15:34:34] [32mIntermediate result: 1.491205  (Index 36)[0m
Epoch: 37, Steps: 59 | Train Loss: 0.5655975 Vali Loss: 1.4912050 Test Loss: 0.4696864
EarlyStopping counter: 31 out of 100
Updating learning rate to 2.7812838944369375e-06
Epoch: 38 cost time: 1.7242457866668701
[2023-11-19 15:34:37] [32mIntermediate result: 1.4889333  (Index 37)[0m
Epoch: 38, Steps: 59 | Train Loss: 0.5656035 Vali Loss: 1.4889333 Test Loss: 0.4706789
EarlyStopping counter: 32 out of 100
Updating learning rate to 2.503155504993244e-06
Epoch: 39 cost time: 1.6730260848999023
[2023-11-19 15:34:40] [32mIntermediate result: 1.4874783  (Index 38)[0m
Epoch: 39, Steps: 59 | Train Loss: 0.5651203 Vali Loss: 1.4874783 Test Loss: 0.4700250
EarlyStopping counter: 33 out of 100
Updating learning rate to 2.2528399544939195e-06
Epoch: 40 cost time: 1.7173395156860352
[2023-11-19 15:34:43] [32mIntermediate result: 1.4921706  (Index 39)[0m
Epoch: 40, Steps: 59 | Train Loss: 0.5656159 Vali Loss: 1.4921706 Test Loss: 0.4701873
EarlyStopping counter: 34 out of 100
Updating learning rate to 2.0275559590445276e-06
Epoch: 41 cost time: 1.6627976894378662
[2023-11-19 15:34:45] [32mIntermediate result: 1.483213  (Index 40)[0m
Epoch: 41, Steps: 59 | Train Loss: 0.5653994 Vali Loss: 1.4832129 Test Loss: 0.4704990
EarlyStopping counter: 35 out of 100
Updating learning rate to 1.8248003631400751e-06
Epoch: 42 cost time: 1.7372207641601562
[2023-11-19 15:34:48] [32mIntermediate result: 1.4906899  (Index 41)[0m
Epoch: 42, Steps: 59 | Train Loss: 0.5656005 Vali Loss: 1.4906899 Test Loss: 0.4705569
EarlyStopping counter: 36 out of 100
Updating learning rate to 1.6423203268260676e-06
Epoch: 43 cost time: 1.6760363578796387
[2023-11-19 15:34:51] [32mIntermediate result: 1.489152  (Index 42)[0m
Epoch: 43, Steps: 59 | Train Loss: 0.5645934 Vali Loss: 1.4891520 Test Loss: 0.4697315
EarlyStopping counter: 37 out of 100
Updating learning rate to 1.4780882941434609e-06
Epoch: 44 cost time: 1.687528133392334
[2023-11-19 15:34:53] [32mIntermediate result: 1.4904873  (Index 43)[0m
Epoch: 44, Steps: 59 | Train Loss: 0.5650356 Vali Loss: 1.4904873 Test Loss: 0.4703160
EarlyStopping counter: 38 out of 100
Updating learning rate to 1.3302794647291146e-06
Epoch: 45 cost time: 1.6655268669128418
[2023-11-19 15:34:56] [32mIntermediate result: 1.4878575  (Index 44)[0m
Epoch: 45, Steps: 59 | Train Loss: 0.5650029 Vali Loss: 1.4878575 Test Loss: 0.4712012
EarlyStopping counter: 39 out of 100
Updating learning rate to 1.1972515182562034e-06
Epoch: 46 cost time: 1.6859352588653564
[2023-11-19 15:34:58] [32mIntermediate result: 1.4932806  (Index 45)[0m
Epoch: 46, Steps: 59 | Train Loss: 0.5647213 Vali Loss: 1.4932806 Test Loss: 0.4693696
EarlyStopping counter: 40 out of 100
Updating learning rate to 1.077526366430583e-06
Epoch: 47 cost time: 1.6679096221923828
[2023-11-19 15:35:01] [32mIntermediate result: 1.4914032  (Index 46)[0m
Epoch: 47, Steps: 59 | Train Loss: 0.5642815 Vali Loss: 1.4914032 Test Loss: 0.4710415
EarlyStopping counter: 41 out of 100
Updating learning rate to 9.697737297875248e-07
Epoch: 48 cost time: 1.6940157413482666
[2023-11-19 15:35:04] [32mIntermediate result: 1.4879568  (Index 47)[0m
Epoch: 48, Steps: 59 | Train Loss: 0.5643823 Vali Loss: 1.4879568 Test Loss: 0.4722524
EarlyStopping counter: 42 out of 100
Updating learning rate to 8.727963568087723e-07
Epoch: 49 cost time: 1.6676106452941895
[2023-11-19 15:35:06] [32mIntermediate result: 1.489398  (Index 48)[0m
Epoch: 49, Steps: 59 | Train Loss: 0.5646124 Vali Loss: 1.4893980 Test Loss: 0.4707960
EarlyStopping counter: 43 out of 100
Updating learning rate to 7.855167211278951e-07
Epoch: 50 cost time: 1.7268078327178955
[2023-11-19 15:35:09] [32mIntermediate result: 1.4876742  (Index 49)[0m
Epoch: 50, Steps: 59 | Train Loss: 0.5649270 Vali Loss: 1.4876742 Test Loss: 0.4723956
EarlyStopping counter: 44 out of 100
Updating learning rate to 7.069650490151056e-07
Epoch: 51 cost time: 1.6639750003814697
[2023-11-19 15:35:12] [32mIntermediate result: 1.4876386  (Index 50)[0m
Epoch: 51, Steps: 59 | Train Loss: 0.5644309 Vali Loss: 1.4876386 Test Loss: 0.4717055
EarlyStopping counter: 45 out of 100
Updating learning rate to 6.36268544113595e-07
Epoch: 52 cost time: 1.706493854522705
[2023-11-19 15:35:14] [32mIntermediate result: 1.4906287  (Index 51)[0m
Epoch: 52, Steps: 59 | Train Loss: 0.5646210 Vali Loss: 1.4906287 Test Loss: 0.4715676
EarlyStopping counter: 46 out of 100
Updating learning rate to 5.726416897022355e-07
Epoch: 53 cost time: 1.6945888996124268
[2023-11-19 15:35:17] [32mIntermediate result: 1.4893215  (Index 52)[0m
Epoch: 53, Steps: 59 | Train Loss: 0.5644699 Vali Loss: 1.4893215 Test Loss: 0.4709762
EarlyStopping counter: 47 out of 100
Updating learning rate to 5.15377520732012e-07
Epoch: 54 cost time: 1.6665408611297607
[2023-11-19 15:35:20] [32mIntermediate result: 1.4878898  (Index 53)[0m
Epoch: 54, Steps: 59 | Train Loss: 0.5645527 Vali Loss: 1.4878898 Test Loss: 0.4715148
EarlyStopping counter: 48 out of 100
Updating learning rate to 4.6383976865881085e-07
Epoch: 55 cost time: 1.6815996170043945
[2023-11-19 15:35:22] [32mIntermediate result: 1.4931054  (Index 54)[0m
Epoch: 55, Steps: 59 | Train Loss: 0.5635434 Vali Loss: 1.4931054 Test Loss: 0.4704985
EarlyStopping counter: 49 out of 100
Updating learning rate to 4.174557917929298e-07
Epoch: 56 cost time: 1.6984965801239014
[2023-11-19 15:35:25] [32mIntermediate result: 1.4918878  (Index 55)[0m
Epoch: 56, Steps: 59 | Train Loss: 0.5641393 Vali Loss: 1.4918878 Test Loss: 0.4713454
EarlyStopping counter: 50 out of 100
Updating learning rate to 3.7571021261363677e-07
Epoch: 57 cost time: 1.7214851379394531
[2023-11-19 15:35:28] [32mIntermediate result: 1.4910522  (Index 56)[0m
Epoch: 57, Steps: 59 | Train Loss: 0.5641899 Vali Loss: 1.4910522 Test Loss: 0.4721303
EarlyStopping counter: 51 out of 100
Updating learning rate to 3.381391913522731e-07
Epoch: 58 cost time: 1.6625134944915771
[2023-11-19 15:35:30] [32mIntermediate result: 1.4904575  (Index 57)[0m
Epoch: 58, Steps: 59 | Train Loss: 0.5645678 Vali Loss: 1.4904575 Test Loss: 0.4709015
EarlyStopping counter: 52 out of 100
Updating learning rate to 3.043252722170458e-07
Epoch: 59 cost time: 1.6951773166656494
[2023-11-19 15:35:33] [32mIntermediate result: 1.4891177  (Index 58)[0m
Epoch: 59, Steps: 59 | Train Loss: 0.5645432 Vali Loss: 1.4891177 Test Loss: 0.4718798
EarlyStopping counter: 53 out of 100
Updating learning rate to 2.7389274499534124e-07
Epoch: 60 cost time: 1.7358193397521973
[2023-11-19 15:35:36] [32mIntermediate result: 1.4897165  (Index 59)[0m
Epoch: 60, Steps: 59 | Train Loss: 0.5644571 Vali Loss: 1.4897165 Test Loss: 0.4720670
EarlyStopping counter: 54 out of 100
Updating learning rate to 2.465034704958071e-07
Epoch: 61 cost time: 1.6748616695404053
[2023-11-19 15:35:39] [32mIntermediate result: 1.4938841  (Index 60)[0m
Epoch: 61, Steps: 59 | Train Loss: 0.5652625 Vali Loss: 1.4938841 Test Loss: 0.4713089
EarlyStopping counter: 55 out of 100
Updating learning rate to 2.218531234462264e-07
Epoch: 62 cost time: 1.7074568271636963
[2023-11-19 15:35:41] [32mIntermediate result: 1.4949771  (Index 61)[0m
Epoch: 62, Steps: 59 | Train Loss: 0.5649011 Vali Loss: 1.4949771 Test Loss: 0.4714180
EarlyStopping counter: 56 out of 100
Updating learning rate to 1.9966781110160376e-07
Epoch: 63 cost time: 1.7107253074645996
[2023-11-19 15:35:44] [32mIntermediate result: 1.4924421  (Index 62)[0m
Epoch: 63, Steps: 59 | Train Loss: 0.5642727 Vali Loss: 1.4924421 Test Loss: 0.4717417
EarlyStopping counter: 57 out of 100
Updating learning rate to 1.797010299914434e-07
Epoch: 64 cost time: 1.6681289672851562
[2023-11-19 15:35:47] [32mIntermediate result: 1.4916109  (Index 63)[0m
Epoch: 64, Steps: 59 | Train Loss: 0.5643038 Vali Loss: 1.4916109 Test Loss: 0.4704031
EarlyStopping counter: 58 out of 100
Updating learning rate to 1.6173092699229907e-07
Epoch: 65 cost time: 1.749791145324707
[2023-11-19 15:35:49] [32mIntermediate result: 1.4874103  (Index 64)[0m
Epoch: 65, Steps: 59 | Train Loss: 0.5643569 Vali Loss: 1.4874103 Test Loss: 0.4716555
EarlyStopping counter: 59 out of 100
Updating learning rate to 1.4555783429306916e-07
Epoch: 66 cost time: 1.675818681716919
[2023-11-19 15:35:52] [32mIntermediate result: 1.489515  (Index 65)[0m
Epoch: 66, Steps: 59 | Train Loss: 0.5648464 Vali Loss: 1.4895149 Test Loss: 0.4717764
EarlyStopping counter: 60 out of 100
Updating learning rate to 1.3100205086376224e-07
Epoch: 67 cost time: 1.687145471572876
[2023-11-19 15:35:55] [32mIntermediate result: 1.494806  (Index 66)[0m
Epoch: 67, Steps: 59 | Train Loss: 0.5651498 Vali Loss: 1.4948061 Test Loss: 0.4713221
EarlyStopping counter: 61 out of 100
Updating learning rate to 1.1790184577738603e-07
Epoch: 68 cost time: 1.717085838317871
[2023-11-19 15:35:57] [32mIntermediate result: 1.4967024  (Index 67)[0m
Epoch: 68, Steps: 59 | Train Loss: 0.5646882 Vali Loss: 1.4967024 Test Loss: 0.4709354
EarlyStopping counter: 62 out of 100
Updating learning rate to 1.0611166119964742e-07
Epoch: 69 cost time: 1.6665539741516113
[2023-11-19 15:36:00] [32mIntermediate result: 1.4966875  (Index 68)[0m
Epoch: 69, Steps: 59 | Train Loss: 0.5638137 Vali Loss: 1.4966875 Test Loss: 0.4711089
EarlyStopping counter: 63 out of 100
Updating learning rate to 9.550049507968268e-08
Epoch: 70 cost time: 1.7317283153533936
[2023-11-19 15:36:03] [32mIntermediate result: 1.4919219  (Index 69)[0m
Epoch: 70, Steps: 59 | Train Loss: 0.5644934 Vali Loss: 1.4919219 Test Loss: 0.4714471
EarlyStopping counter: 64 out of 100
Updating learning rate to 8.595044557171442e-08
Epoch: 71 cost time: 1.672800064086914
[2023-11-19 15:36:05] [32mIntermediate result: 1.4897091  (Index 70)[0m
Epoch: 71, Steps: 59 | Train Loss: 0.5645644 Vali Loss: 1.4897091 Test Loss: 0.4725118
EarlyStopping counter: 65 out of 100
Updating learning rate to 7.735540101454298e-08
Epoch: 72 cost time: 1.7390434741973877
[2023-11-19 15:36:08] [32mIntermediate result: 1.4844882  (Index 71)[0m
Epoch: 72, Steps: 59 | Train Loss: 0.5645143 Vali Loss: 1.4844882 Test Loss: 0.4721597
EarlyStopping counter: 66 out of 100
Updating learning rate to 6.961986091308869e-08
Epoch: 73 cost time: 1.6760716438293457
[2023-11-19 15:36:11] [32mIntermediate result: 1.4931581  (Index 72)[0m
Epoch: 73, Steps: 59 | Train Loss: 0.5650565 Vali Loss: 1.4931581 Test Loss: 0.4719368
EarlyStopping counter: 67 out of 100
Updating learning rate to 6.265787482177981e-08
Epoch: 74 cost time: 1.6870286464691162
[2023-11-19 15:36:13] [32mIntermediate result: 1.4915469  (Index 73)[0m
Epoch: 74, Steps: 59 | Train Loss: 0.5640698 Vali Loss: 1.4915469 Test Loss: 0.4724985
EarlyStopping counter: 68 out of 100
Updating learning rate to 5.639208733960184e-08
Epoch: 75 cost time: 1.6912248134613037
[2023-11-19 15:36:16] [32mIntermediate result: 1.4938313  (Index 74)[0m
Epoch: 75, Steps: 59 | Train Loss: 0.5644175 Vali Loss: 1.4938313 Test Loss: 0.4719985
EarlyStopping counter: 69 out of 100
Updating learning rate to 5.075287860564165e-08
Epoch: 76 cost time: 1.7294566631317139
[2023-11-19 15:36:19] [32mIntermediate result: 1.4882178  (Index 75)[0m
Epoch: 76, Steps: 59 | Train Loss: 0.5644902 Vali Loss: 1.4882178 Test Loss: 0.4722850
EarlyStopping counter: 70 out of 100
Updating learning rate to 4.567759074507749e-08
Epoch: 77 cost time: 1.670992374420166
[2023-11-19 15:36:21] [32mIntermediate result: 1.4933822  (Index 76)[0m
Epoch: 77, Steps: 59 | Train Loss: 0.5643039 Vali Loss: 1.4933822 Test Loss: 0.4708071
EarlyStopping counter: 71 out of 100
Updating learning rate to 4.1109831670569744e-08
Epoch: 78 cost time: 1.667478084564209
[2023-11-19 15:36:24] [32mIntermediate result: 1.4904052  (Index 77)[0m
Epoch: 78, Steps: 59 | Train Loss: 0.5640099 Vali Loss: 1.4904052 Test Loss: 0.4715908
EarlyStopping counter: 72 out of 100
Updating learning rate to 3.6998848503512764e-08
Epoch: 79 cost time: 1.6611967086791992
[2023-11-19 15:36:27] [32mIntermediate result: 1.4887884  (Index 78)[0m
Epoch: 79, Steps: 59 | Train Loss: 0.5642825 Vali Loss: 1.4887884 Test Loss: 0.4713174
EarlyStopping counter: 73 out of 100
Updating learning rate to 3.3298963653161496e-08
