Args in experiment:
rnn_base_model = 'TCN'
Namespace(random_seed=2021, is_training=1, model_id='96_336', model='PatchTST', data='ETTm2', root_path='./dataset/', data_path='ETTm2.csv', features='M', target='OT', freq='h', checkpoints='./checkpoints/', seq_len=96, label_len=48, pred_len=336, fc_dropout=0.2, head_dropout=0.0, patch_len=96, stride=53, padding_patch='end', revin=1, affine=0, subtract_last=0, decomposition=0, kernel_size=25, individual=0, embed_type=0, enc_in=7, dec_in=7, c_out=7, d_model=128, n_heads=16, e_layers=3, d_layers=1, d_ff=256, moving_avg=25, factor=1, distil=True, dropout=0.2, embed='timeF', activation='gelu', output_attention=False, do_predict=False, num_workers=10, itr=1, train_epochs=100, batch_size=1000, patience=8, learning_rate=0.00549, des='Exp', loss='mse', lradj='TST', pct_start=0.4, use_amp=False, momentum=0.9669740372386173, frequency=0.05, sampling_rate=100, use_norm=True, hidden_size=353, exp_name='MTSF', channel_independence=False, inverse=False, class_strategy='projection', target_root_path='./data/electricity/', target_data_path='electricity.csv', efficient_training=False, partial_start_index=0, top_k=5, num_kernels=6, use_gpu=True, gpu=0, use_multi_gpu=True, devices='0,1', test_flop=False, x=5, ksize=7, levels=8, nhid=30, rnn_base_model='TCN', debug=False, dvices='0,1', device_ids=[0, 1])
Use GPU: cuda:0
>>>>>>>start training : 96_336_PatchTST_ETTm2_ftM_sl96_ll48_pl336_dm128_nh16_el3_dl1_df256_fc1_ebtimeF_dtTrue_Exp_0>>>>>>>>>>>>>>>>>>>>>>>>>>
train 34129
val 11185
test 11185
Epoch: 1 cost time: 126.00438618659973
[2024-04-10 01:59:44] [32mIntermediate result: 2.0031285  (Index 0)[0m
Epoch: 1, Steps: 34 | Train Loss: 0.9424930 Vali Loss: 0.9917567 Test Loss: 2.0031285
Validation loss decreased (inf --> 0.991757).  Saving model ...
Updating learning rate to 0.00022773539541651178
Epoch: 2 cost time: 124.34053015708923
[2024-04-10 02:02:14] [32mIntermediate result: 0.5863194  (Index 1)[0m
Epoch: 2, Steps: 34 | Train Loss: 0.5136279 Vali Loss: 0.3350601 Test Loss: 0.5863194
Validation loss decreased (0.991757 --> 0.335060).  Saving model ...
Updating learning rate to 0.00025209135044368305
Epoch: 3 cost time: 124.10597920417786
[2024-04-10 02:04:44] [32mIntermediate result: 0.42258376  (Index 2)[0m
Epoch: 3, Steps: 34 | Train Loss: 0.4424216 Vali Loss: 0.2718398 Test Loss: 0.4225838
Validation loss decreased (0.335060 --> 0.271840).  Saving model ...
Updating learning rate to 0.0002925174815623212
Epoch: 4 cost time: 123.80318665504456
[2024-04-10 02:07:13] [32mIntermediate result: 0.43974444  (Index 3)[0m
Epoch: 4, Steps: 34 | Train Loss: 0.4295344 Vali Loss: 0.2756814 Test Loss: 0.4397444
EarlyStopping counter: 1 out of 8
Updating learning rate to 0.0003487641814850749
Epoch: 5 cost time: 124.02239418029785
[2024-04-10 02:09:43] [32mIntermediate result: 0.456791  (Index 4)[0m
Epoch: 5, Steps: 34 | Train Loss: 0.4255328 Vali Loss: 0.2819595 Test Loss: 0.4567910
EarlyStopping counter: 2 out of 8
Updating learning rate to 0.0004204841603328126
Epoch: 6 cost time: 124.13102650642395
[2024-04-10 02:12:13] [32mIntermediate result: 0.4383856  (Index 5)[0m
Epoch: 6, Steps: 34 | Train Loss: 0.4214003 Vali Loss: 0.2741483 Test Loss: 0.4383856
EarlyStopping counter: 3 out of 8
Updating learning rate to 0.0005072345899428225
Epoch: 7 cost time: 124.10897517204285
[2024-04-10 02:14:43] [32mIntermediate result: 0.43671882  (Index 6)[0m
Epoch: 7, Steps: 34 | Train Loss: 0.4184789 Vali Loss: 0.2739401 Test Loss: 0.4367188
EarlyStopping counter: 4 out of 8
Updating learning rate to 0.0006084798380690277
Epoch: 8 cost time: 123.32492923736572
[2024-04-10 02:17:12] [32mIntermediate result: 0.42478818  (Index 7)[0m
Epoch: 8, Steps: 34 | Train Loss: 0.4131556 Vali Loss: 0.2683359 Test Loss: 0.4247882
Validation loss decreased (0.271840 --> 0.268336).  Saving model ...
Updating learning rate to 0.0007235947755921592
Epoch: 9 cost time: 123.73081827163696
[2024-04-10 02:19:41] [32mIntermediate result: 0.41679373  (Index 8)[0m
Epoch: 9, Steps: 34 | Train Loss: 0.4088026 Vali Loss: 0.2646510 Test Loss: 0.4167937
Validation loss decreased (0.268336 --> 0.264651).  Saving model ...
Updating learning rate to 0.0008518686363198228
Epoch: 10 cost time: 123.42530369758606
[2024-04-10 02:22:10] [32mIntermediate result: 0.42576835  (Index 9)[0m
Epoch: 10, Steps: 34 | Train Loss: 0.4054743 Vali Loss: 0.2687292 Test Loss: 0.4257683
EarlyStopping counter: 1 out of 8
Updating learning rate to 0.0009925094055445024
Epoch: 11 cost time: 124.12412548065186
[2024-04-10 02:24:40] [32mIntermediate result: 0.3743165  (Index 10)[0m
Epoch: 11, Steps: 34 | Train Loss: 0.4019801 Vali Loss: 0.2499361 Test Loss: 0.3743165
Validation loss decreased (0.264651 --> 0.249936).  Saving model ...
Updating learning rate to 0.0011446487102627668
Epoch: 12 cost time: 124.4589171409607
[2024-04-10 02:27:10] [32mIntermediate result: 0.3974949  (Index 11)[0m
Epoch: 12, Steps: 34 | Train Loss: 0.3967331 Vali Loss: 0.2562232 Test Loss: 0.3974949
EarlyStopping counter: 1 out of 8
Updating learning rate to 0.001307347180861472
Epoch: 13 cost time: 124.53682518005371
[2024-04-10 02:29:40] [32mIntermediate result: 0.3856826  (Index 12)[0m
Epoch: 13, Steps: 34 | Train Loss: 0.3934181 Vali Loss: 0.2536176 Test Loss: 0.3856826
EarlyStopping counter: 2 out of 8
Updating learning rate to 0.0014796002511657672
Epoch: 14 cost time: 123.77733278274536
[2024-04-10 02:32:09] [32mIntermediate result: 0.4127288  (Index 13)[0m
Epoch: 14, Steps: 34 | Train Loss: 0.3853185 Vali Loss: 0.2550671 Test Loss: 0.4127288
EarlyStopping counter: 3 out of 8
Updating learning rate to 0.0016603443610370442
Epoch: 15 cost time: 124.41825795173645
[2024-04-10 02:34:40] [32mIntermediate result: 0.42535532  (Index 14)[0m
Epoch: 15, Steps: 34 | Train Loss: 0.3779445 Vali Loss: 0.2625103 Test Loss: 0.4253553
EarlyStopping counter: 4 out of 8
Updating learning rate to 0.0018484635232234722
Epoch: 16 cost time: 124.25794196128845
[2024-04-10 02:37:10] [32mIntermediate result: 0.35976657  (Index 15)[0m
Epoch: 16, Steps: 34 | Train Loss: 0.3695185 Vali Loss: 0.2328451 Test Loss: 0.3597666
Validation loss decreased (0.249936 --> 0.232845).  Saving model ...
Updating learning rate to 0.0020427962139167592
Epoch: 17 cost time: 123.98117065429688
[2024-04-10 02:39:40] [32mIntermediate result: 0.41462123  (Index 16)[0m
Epoch: 17, Steps: 34 | Train Loss: 0.3620173 Vali Loss: 0.2416457 Test Loss: 0.4146212
EarlyStopping counter: 1 out of 8
Updating learning rate to 0.0022421425444700115
Epoch: 18 cost time: 124.69042181968689
[2024-04-10 02:42:10] [32mIntermediate result: 0.41108772  (Index 17)[0m
Epoch: 18, Steps: 34 | Train Loss: 0.3540842 Vali Loss: 0.2502167 Test Loss: 0.4110877
EarlyStopping counter: 2 out of 8
Updating learning rate to 0.0024452716699956455
Epoch: 19 cost time: 125.71431183815002
[2024-04-10 02:44:42] [32mIntermediate result: 0.34734237  (Index 18)[0m
Epoch: 19, Steps: 34 | Train Loss: 0.3521643 Vali Loss: 0.2296759 Test Loss: 0.3473424
Validation loss decreased (0.232845 --> 0.229676).  Saving model ...
Updating learning rate to 0.002650929389099641
Epoch: 20 cost time: 124.93041634559631
[2024-04-10 02:47:12] [32mIntermediate result: 0.36110565  (Index 19)[0m
Epoch: 20, Steps: 34 | Train Loss: 0.3494274 Vali Loss: 0.2363767 Test Loss: 0.3611057
EarlyStopping counter: 1 out of 8
Updating learning rate to 0.0028578458878283173
Epoch: 21 cost time: 123.10858178138733
[2024-04-10 02:49:42] [32mIntermediate result: 0.47707358  (Index 20)[0m
Epoch: 21, Steps: 34 | Train Loss: 0.3456324 Vali Loss: 0.2428750 Test Loss: 0.4770736
EarlyStopping counter: 2 out of 8
Updating learning rate to 0.003064743580013372
Epoch: 22 cost time: 124.71733283996582
[2024-04-10 02:52:12] [32mIntermediate result: 0.507928  (Index 21)[0m
Epoch: 22, Steps: 34 | Train Loss: 0.3477624 Vali Loss: 0.2713580 Test Loss: 0.5079280
EarlyStopping counter: 3 out of 8
Updating learning rate to 0.0032703449956057056
Epoch: 23 cost time: 123.54992651939392
[2024-04-10 02:54:41] [32mIntermediate result: 0.47300604  (Index 22)[0m
Epoch: 23, Steps: 34 | Train Loss: 0.3419007 Vali Loss: 0.2618748 Test Loss: 0.4730060
EarlyStopping counter: 4 out of 8
Updating learning rate to 0.0034733806682922994
Epoch: 24 cost time: 123.27216362953186
[2024-04-10 02:57:10] [32mIntermediate result: 0.35904142  (Index 23)[0m
Epoch: 24, Steps: 34 | Train Loss: 0.3458775 Vali Loss: 0.2350049 Test Loss: 0.3590414
EarlyStopping counter: 5 out of 8
Updating learning rate to 0.003672596973694764
Epoch: 25 cost time: 123.3784008026123
[2024-04-10 02:59:39] [32mIntermediate result: 0.45330742  (Index 24)[0m
Epoch: 25, Steps: 34 | Train Loss: 0.3403644 Vali Loss: 0.2569291 Test Loss: 0.4533074
EarlyStopping counter: 6 out of 8
Updating learning rate to 0.0038667638697533974
Epoch: 26 cost time: 125.20233392715454
[2024-04-10 03:02:10] [32mIntermediate result: 0.3554486  (Index 25)[0m
Epoch: 26, Steps: 34 | Train Loss: 0.3372102 Vali Loss: 0.2264923 Test Loss: 0.3554486
Validation loss decreased (0.229676 --> 0.226492).  Saving model ...
Updating learning rate to 0.00405468249150445
Epoch: 27 cost time: 125.34168338775635
[2024-04-10 03:04:41] [32mIntermediate result: 0.4827717  (Index 26)[0m
Epoch: 27, Steps: 34 | Train Loss: 0.3359371 Vali Loss: 0.2429098 Test Loss: 0.4827717
EarlyStopping counter: 1 out of 8
Updating learning rate to 0.004235192553357404
Epoch: 28 cost time: 124.45491766929626
[2024-04-10 03:07:11] [32mIntermediate result: 0.42281973  (Index 27)[0m
Epoch: 28, Steps: 34 | Train Loss: 0.3358446 Vali Loss: 0.2450945 Test Loss: 0.4228197
EarlyStopping counter: 2 out of 8
Updating learning rate to 0.004407179513167574
Epoch: 29 cost time: 124.49215126037598
[2024-04-10 03:09:42] [32mIntermediate result: 0.4804414  (Index 28)[0m
Epoch: 29, Steps: 34 | Train Loss: 0.3340319 Vali Loss: 0.2628862 Test Loss: 0.4804414
EarlyStopping counter: 3 out of 8
Updating learning rate to 0.0045695814538701945
Epoch: 30 cost time: 124.56613087654114
[2024-04-10 03:12:12] [32mIntermediate result: 0.3838928  (Index 29)[0m
Epoch: 30, Steps: 34 | Train Loss: 0.3405738 Vali Loss: 0.2437208 Test Loss: 0.3838928
EarlyStopping counter: 4 out of 8
Updating learning rate to 0.004721395640185947
Epoch: 31 cost time: 123.66704893112183
[2024-04-10 03:14:42] [32mIntermediate result: 0.39983323  (Index 30)[0m
Epoch: 31, Steps: 34 | Train Loss: 0.3373904 Vali Loss: 0.2507405 Test Loss: 0.3998332
EarlyStopping counter: 5 out of 8
Updating learning rate to 0.004861684709914234
Epoch: 32 cost time: 124.26848673820496
[2024-04-10 03:17:12] [32mIntermediate result: 0.4543431  (Index 31)[0m
Epoch: 32, Steps: 34 | Train Loss: 0.3337218 Vali Loss: 0.2512846 Test Loss: 0.4543431
EarlyStopping counter: 6 out of 8
Updating learning rate to 0.004989582461586583
Epoch: 33 cost time: 124.79842257499695
[2024-04-10 03:19:43] [32mIntermediate result: 0.44613245  (Index 32)[0m
Epoch: 33, Steps: 34 | Train Loss: 0.3314573 Vali Loss: 0.2455514 Test Loss: 0.4461325
EarlyStopping counter: 7 out of 8
Updating learning rate to 0.005104299202744938
Epoch: 34 cost time: 123.89562559127808
[2024-04-10 03:22:13] [32mIntermediate result: 0.47227097  (Index 33)[0m
Epoch: 34, Steps: 34 | Train Loss: 0.3345869 Vali Loss: 0.2664943 Test Loss: 0.4722710
EarlyStopping counter: 8 out of 8
Early stopping
>>>>>>>testing : 96_336_PatchTST_ETTm2_ftM_sl96_ll48_pl336_dm128_nh16_el3_dl1_df256_fc1_ebtimeF_dtTrue_Exp_0<<<<<<<<<<<<<<<<<<<<<<<<<<<<<<<<<
test 11185
mse:0.3554481565952301, mae:0.3719402849674225, rse:0.4795445203781128
[2024-04-10 03:22:26] [32mFinal result: 0.35544816[0m
