Args in experiment:
rnn_base_model = 'TCN'
Namespace(random_seed=2021, is_training=1, model_id='96_192', model='PatchTST', data='ETTm2', root_path='./dataset/', data_path='ETTm2.csv', features='M', target='OT', freq='h', checkpoints='./checkpoints/', seq_len=96, label_len=48, pred_len=192, fc_dropout=0.2, head_dropout=0.0, patch_len=96, stride=53, padding_patch='end', revin=1, affine=0, subtract_last=0, decomposition=0, kernel_size=25, individual=0, embed_type=0, enc_in=7, dec_in=7, c_out=7, d_model=128, n_heads=16, e_layers=3, d_layers=1, d_ff=256, moving_avg=25, factor=1, distil=True, dropout=0.2, embed='timeF', activation='gelu', output_attention=False, do_predict=False, num_workers=10, itr=1, train_epochs=100, batch_size=1000, patience=8, learning_rate=0.00549, des='Exp', loss='mse', lradj='TST', pct_start=0.4, use_amp=False, momentum=0.9669740372386173, frequency=0.05, sampling_rate=100, use_norm=True, hidden_size=353, exp_name='MTSF', channel_independence=False, inverse=False, class_strategy='projection', target_root_path='./data/electricity/', target_data_path='electricity.csv', efficient_training=False, partial_start_index=0, top_k=5, num_kernels=6, use_gpu=True, gpu=0, use_multi_gpu=True, devices='0,1', test_flop=False, x=5, ksize=7, levels=8, nhid=30, rnn_base_model='TCN', debug=False, dvices='0,1', device_ids=[0, 1])
Use GPU: cuda:0
>>>>>>>start training : 96_192_PatchTST_ETTm2_ftM_sl96_ll48_pl192_dm128_nh16_el3_dl1_df256_fc1_ebtimeF_dtTrue_Exp_0>>>>>>>>>>>>>>>>>>>>>>>>>>
train 34273
val 11329
test 11329
Epoch: 1 cost time: 124.56146669387817
[2024-04-10 00:42:13] [32mIntermediate result: 1.7901143  (Index 0)[0m
Epoch: 1, Steps: 34 | Train Loss: 0.9319708 Vali Loss: 0.9040222 Test Loss: 1.7901143
Validation loss decreased (inf --> 0.904022).  Saving model ...
Updating learning rate to 0.00022773539541651178
Epoch: 2 cost time: 123.77850651741028
[2024-04-10 00:44:42] [32mIntermediate result: 0.4620305  (Index 1)[0m
Epoch: 2, Steps: 34 | Train Loss: 0.4473364 Vali Loss: 0.2626363 Test Loss: 0.4620305
Validation loss decreased (0.904022 --> 0.262636).  Saving model ...
Updating learning rate to 0.00025209135044368305
Epoch: 3 cost time: 122.99247908592224
[2024-04-10 00:47:10] [32mIntermediate result: 0.34417355  (Index 2)[0m
Epoch: 3, Steps: 34 | Train Loss: 0.3674177 Vali Loss: 0.2177293 Test Loss: 0.3441736
Validation loss decreased (0.262636 --> 0.217729).  Saving model ...
Updating learning rate to 0.0002925174815623212
Epoch: 4 cost time: 123.28228163719177
[2024-04-10 00:49:39] [32mIntermediate result: 0.34243137  (Index 3)[0m
Epoch: 4, Steps: 34 | Train Loss: 0.3521337 Vali Loss: 0.2138386 Test Loss: 0.3424314
Validation loss decreased (0.217729 --> 0.213839).  Saving model ...
Updating learning rate to 0.0003487641814850749
Epoch: 5 cost time: 123.9077672958374
[2024-04-10 00:52:08] [32mIntermediate result: 0.34085047  (Index 4)[0m
Epoch: 5, Steps: 34 | Train Loss: 0.3449116 Vali Loss: 0.2128801 Test Loss: 0.3408505
Validation loss decreased (0.213839 --> 0.212880).  Saving model ...
Updating learning rate to 0.0004204841603328126
Epoch: 6 cost time: 123.38677453994751
[2024-04-10 00:54:37] [32mIntermediate result: 0.3370908  (Index 5)[0m
Epoch: 6, Steps: 34 | Train Loss: 0.3409730 Vali Loss: 0.2115174 Test Loss: 0.3370908
Validation loss decreased (0.212880 --> 0.211517).  Saving model ...
Updating learning rate to 0.0005072345899428225
Epoch: 7 cost time: 123.74055051803589
[2024-04-10 00:57:07] [32mIntermediate result: 0.32902002  (Index 6)[0m
Epoch: 7, Steps: 34 | Train Loss: 0.3376029 Vali Loss: 0.2093807 Test Loss: 0.3290200
Validation loss decreased (0.211517 --> 0.209381).  Saving model ...
Updating learning rate to 0.0006084798380690277
Epoch: 8 cost time: 123.63608479499817
[2024-04-10 00:59:36] [32mIntermediate result: 0.32632664  (Index 7)[0m
Epoch: 8, Steps: 34 | Train Loss: 0.3348506 Vali Loss: 0.2084834 Test Loss: 0.3263266
Validation loss decreased (0.209381 --> 0.208483).  Saving model ...
Updating learning rate to 0.0007235947755921592
Epoch: 9 cost time: 122.86871838569641
[2024-04-10 01:02:05] [32mIntermediate result: 0.30579975  (Index 8)[0m
Epoch: 9, Steps: 34 | Train Loss: 0.3328120 Vali Loss: 0.2008198 Test Loss: 0.3057998
Validation loss decreased (0.208483 --> 0.200820).  Saving model ...
Updating learning rate to 0.0008518686363198228
Epoch: 10 cost time: 122.53485465049744
[2024-04-10 01:04:32] [32mIntermediate result: 0.30703685  (Index 9)[0m
Epoch: 10, Steps: 34 | Train Loss: 0.3304051 Vali Loss: 0.2003699 Test Loss: 0.3070368
Validation loss decreased (0.200820 --> 0.200370).  Saving model ...
Updating learning rate to 0.0009925094055445024
Epoch: 11 cost time: 124.14577436447144
[2024-04-10 01:07:02] [32mIntermediate result: 0.30455878  (Index 10)[0m
Epoch: 11, Steps: 34 | Train Loss: 0.3273089 Vali Loss: 0.1997642 Test Loss: 0.3045588
Validation loss decreased (0.200370 --> 0.199764).  Saving model ...
Updating learning rate to 0.0011446487102627668
Epoch: 12 cost time: 124.72945189476013
[2024-04-10 01:09:32] [32mIntermediate result: 0.31931403  (Index 11)[0m
Epoch: 12, Steps: 34 | Train Loss: 0.3237164 Vali Loss: 0.2033539 Test Loss: 0.3193140
EarlyStopping counter: 1 out of 8
Updating learning rate to 0.001307347180861472
Epoch: 13 cost time: 122.29425621032715
[2024-04-10 01:12:01] [32mIntermediate result: 0.30575922  (Index 12)[0m
Epoch: 13, Steps: 34 | Train Loss: 0.3182623 Vali Loss: 0.1998244 Test Loss: 0.3057592
EarlyStopping counter: 2 out of 8
Updating learning rate to 0.0014796002511657672
Epoch: 14 cost time: 123.59210228919983
[2024-04-10 01:14:31] [32mIntermediate result: 0.3158392  (Index 13)[0m
Epoch: 14, Steps: 34 | Train Loss: 0.3147015 Vali Loss: 0.2013467 Test Loss: 0.3158392
EarlyStopping counter: 3 out of 8
Updating learning rate to 0.0016603443610370442
Epoch: 15 cost time: 124.02799463272095
[2024-04-10 01:17:00] [32mIntermediate result: 0.2870196  (Index 14)[0m
Epoch: 15, Steps: 34 | Train Loss: 0.3088947 Vali Loss: 0.1889311 Test Loss: 0.2870196
Validation loss decreased (0.199764 --> 0.188931).  Saving model ...
Updating learning rate to 0.0018484635232234722
Epoch: 16 cost time: 124.2731454372406
[2024-04-10 01:19:30] [32mIntermediate result: 0.3096579  (Index 15)[0m
Epoch: 16, Steps: 34 | Train Loss: 0.3029181 Vali Loss: 0.1932083 Test Loss: 0.3096579
EarlyStopping counter: 1 out of 8
Updating learning rate to 0.0020427962139167592
Epoch: 17 cost time: 123.49442720413208
[2024-04-10 01:21:59] [32mIntermediate result: 0.2615761  (Index 16)[0m
Epoch: 17, Steps: 34 | Train Loss: 0.2954266 Vali Loss: 0.1758770 Test Loss: 0.2615761
Validation loss decreased (0.188931 --> 0.175877).  Saving model ...
Updating learning rate to 0.0022421425444700115
Epoch: 18 cost time: 125.50712513923645
[2024-04-10 01:24:30] [32mIntermediate result: 0.27548453  (Index 17)[0m
Epoch: 18, Steps: 34 | Train Loss: 0.2933196 Vali Loss: 0.1787291 Test Loss: 0.2754845
EarlyStopping counter: 1 out of 8
Updating learning rate to 0.0024452716699956455
Epoch: 19 cost time: 123.95613241195679
[2024-04-10 01:27:00] [32mIntermediate result: 0.28558344  (Index 18)[0m
Epoch: 19, Steps: 34 | Train Loss: 0.2898448 Vali Loss: 0.1831006 Test Loss: 0.2855834
EarlyStopping counter: 2 out of 8
Updating learning rate to 0.002650929389099641
Epoch: 20 cost time: 123.69889116287231
[2024-04-10 01:29:29] [32mIntermediate result: 0.29047984  (Index 19)[0m
Epoch: 20, Steps: 34 | Train Loss: 0.2876578 Vali Loss: 0.1835038 Test Loss: 0.2904798
EarlyStopping counter: 3 out of 8
Updating learning rate to 0.0028578458878283173
Epoch: 21 cost time: 123.65671062469482
[2024-04-10 01:31:58] [32mIntermediate result: 0.36480743  (Index 20)[0m
Epoch: 21, Steps: 34 | Train Loss: 0.2848197 Vali Loss: 0.2143471 Test Loss: 0.3648074
EarlyStopping counter: 4 out of 8
Updating learning rate to 0.003064743580013372
Epoch: 22 cost time: 123.1249349117279
[2024-04-10 01:34:27] [32mIntermediate result: 0.31014684  (Index 21)[0m
Epoch: 22, Steps: 34 | Train Loss: 0.2824948 Vali Loss: 0.1921938 Test Loss: 0.3101468
EarlyStopping counter: 5 out of 8
Updating learning rate to 0.0032703449956057056
Epoch: 23 cost time: 123.88086891174316
[2024-04-10 01:36:56] [32mIntermediate result: 0.24695773  (Index 22)[0m
Epoch: 23, Steps: 34 | Train Loss: 0.2841399 Vali Loss: 0.1744806 Test Loss: 0.2469577
Validation loss decreased (0.175877 --> 0.174481).  Saving model ...
Updating learning rate to 0.0034733806682922994
Epoch: 24 cost time: 124.6211485862732
[2024-04-10 01:39:27] [32mIntermediate result: 0.27033204  (Index 23)[0m
Epoch: 24, Steps: 34 | Train Loss: 0.2827607 Vali Loss: 0.1795072 Test Loss: 0.2703320
EarlyStopping counter: 1 out of 8
Updating learning rate to 0.003672596973694764
Epoch: 25 cost time: 124.48875093460083
[2024-04-10 01:41:57] [32mIntermediate result: 0.35343912  (Index 24)[0m
Epoch: 25, Steps: 34 | Train Loss: 0.2815774 Vali Loss: 0.2086361 Test Loss: 0.3534391
EarlyStopping counter: 2 out of 8
Updating learning rate to 0.0038667638697533974
Epoch: 26 cost time: 122.51495432853699
[2024-04-10 01:44:26] [32mIntermediate result: 0.28230727  (Index 25)[0m
Epoch: 26, Steps: 34 | Train Loss: 0.2783828 Vali Loss: 0.1834327 Test Loss: 0.2823073
EarlyStopping counter: 3 out of 8
Updating learning rate to 0.00405468249150445
Epoch: 27 cost time: 124.53332853317261
[2024-04-10 01:46:56] [32mIntermediate result: 0.30144262  (Index 26)[0m
Epoch: 27, Steps: 34 | Train Loss: 0.2784701 Vali Loss: 0.1901547 Test Loss: 0.3014426
EarlyStopping counter: 4 out of 8
Updating learning rate to 0.004235192553357404
Epoch: 28 cost time: 123.93610548973083
[2024-04-10 01:49:25] [32mIntermediate result: 0.3608236  (Index 27)[0m
Epoch: 28, Steps: 34 | Train Loss: 0.2821629 Vali Loss: 0.2084286 Test Loss: 0.3608236
EarlyStopping counter: 5 out of 8
Updating learning rate to 0.004407179513167574
Epoch: 29 cost time: 124.7548189163208
[2024-04-10 01:51:55] [32mIntermediate result: 0.2757845  (Index 28)[0m
Epoch: 29, Steps: 34 | Train Loss: 0.2759094 Vali Loss: 0.1825874 Test Loss: 0.2757845
EarlyStopping counter: 6 out of 8
Updating learning rate to 0.0045695814538701945
Epoch: 30 cost time: 124.4273931980133
[2024-04-10 01:54:25] [32mIntermediate result: 0.3423452  (Index 29)[0m
Epoch: 30, Steps: 34 | Train Loss: 0.2754763 Vali Loss: 0.2041457 Test Loss: 0.3423452
EarlyStopping counter: 7 out of 8
Updating learning rate to 0.004721395640185947
Epoch: 31 cost time: 124.11387276649475
[2024-04-10 01:56:55] [32mIntermediate result: 0.6352658  (Index 30)[0m
Epoch: 31, Steps: 34 | Train Loss: 0.2766284 Vali Loss: 0.3098603 Test Loss: 0.6352658
EarlyStopping counter: 8 out of 8
Early stopping
>>>>>>>testing : 96_192_PatchTST_ETTm2_ftM_sl96_ll48_pl192_dm128_nh16_el3_dl1_df256_fc1_ebtimeF_dtTrue_Exp_0<<<<<<<<<<<<<<<<<<<<<<<<<<<<<<<<<
test 11329
mse:0.24695779383182526, mae:0.3170139193534851, rse:0.39929571747779846
[2024-04-10 01:57:08] [32mFinal result: 0.2469578[0m
