Args in experiment:
Namespace(random_seed=2021, is_training=1, model_id='96_1', model='PatchTST', data='xuhao', root_path='./dataset/', data_path='test_cpu.csv', features='S', target='OT', freq='10T', checkpoints='./checkpoints/', seq_len=96, label_len=48, pred_len=1, fc_dropout=0.3, head_dropout=0.0, patch_len=16, stride=8, padding_patch='end', revin=1, affine=0, subtract_last=0, decomposition=0, kernel_size=25, individual=0, embed_type=0, enc_in=1, dec_in=7, c_out=7, d_model=16, n_heads=4, e_layers=3, d_layers=1, d_ff=128, moving_avg=25, factor=1, distil=True, dropout=0.3, embed='timeF', activation='gelu', output_attention=False, do_predict=False, num_workers=10, itr=1, train_epochs=100, batch_size=32, patience=100, learning_rate=0.0001, des='Exp', loss='mse', lradj='type3', pct_start=0.3, use_amp=False, momentum=0.9, use_gpu=True, gpu=0, use_multi_gpu=False, devices='0,1', test_flop=False)
Use GPU: cuda:0
{'learning_rate': 0.0001, 'momentum': 0.9, 'e_layers': 3, 'n_heads': 4, 'd_model': 16, 'd_ff': 128, 'dropout': 0.3, 'fc_dropout': 0.3, 'head_dropout': 0, 'batch_size': 128}
>>>>>>>start training : 96_1_PatchTST_xuhao_ftS_sl96_ll48_pl1_dm16_nh4_el3_dl1_df128_fc1_ebtimeF_dtTrue_Exp_0>>>>>>>>>>>>>>>>>>>>>>>>>>
train 706
val 116
test 229
Epoch: 1 cost time: 0.2615368366241455
[2023-11-14 16:57:09] [32mIntermediate result: nan  (Index 0)[0m
Epoch: 1, Steps: 5 | Train Loss: 1.4502108 Vali Loss: nan Test Loss: 1.2838756
Validation loss decreased (inf --> nan).  Saving model ...
Updating learning rate to 0.0001
Epoch: 2 cost time: 0.2553517818450928
[2023-11-14 16:57:10] [32mIntermediate result: nan  (Index 1)[0m
Epoch: 2, Steps: 5 | Train Loss: 1.4980713 Vali Loss: nan Test Loss: 1.1891625
Validation loss decreased (nan --> nan).  Saving model ...
Updating learning rate to 0.0001
Epoch: 3 cost time: 0.25701379776000977
[2023-11-14 16:57:11] [32mIntermediate result: nan  (Index 2)[0m
Epoch: 3, Steps: 5 | Train Loss: 1.3429989 Vali Loss: nan Test Loss: 1.1109225
Validation loss decreased (nan --> nan).  Saving model ...
Updating learning rate to 0.0001
Epoch: 4 cost time: 0.261768102645874
[2023-11-14 16:57:11] [32mIntermediate result: nan  (Index 3)[0m
Epoch: 4, Steps: 5 | Train Loss: 1.2752252 Vali Loss: nan Test Loss: 1.0407830
Validation loss decreased (nan --> nan).  Saving model ...
Updating learning rate to 9e-05
Epoch: 5 cost time: 0.2576887607574463
[2023-11-14 16:57:12] [32mIntermediate result: nan  (Index 4)[0m
Epoch: 5, Steps: 5 | Train Loss: 1.2347405 Vali Loss: nan Test Loss: 0.9865766
Validation loss decreased (nan --> nan).  Saving model ...
Updating learning rate to 8.1e-05
Epoch: 6 cost time: 0.2747616767883301
[2023-11-14 16:57:13] [32mIntermediate result: nan  (Index 5)[0m
Epoch: 6, Steps: 5 | Train Loss: 1.2261612 Vali Loss: nan Test Loss: 0.9435146
Validation loss decreased (nan --> nan).  Saving model ...
Updating learning rate to 7.290000000000001e-05
Epoch: 7 cost time: 0.258434534072876
[2023-11-14 16:57:13] [32mIntermediate result: nan  (Index 6)[0m
Epoch: 7, Steps: 5 | Train Loss: 1.0476906 Vali Loss: nan Test Loss: 0.9064497
Validation loss decreased (nan --> nan).  Saving model ...
Updating learning rate to 6.561e-05
Epoch: 8 cost time: 0.2626016139984131
[2023-11-14 16:57:14] [32mIntermediate result: nan  (Index 7)[0m
Epoch: 8, Steps: 5 | Train Loss: 1.0979615 Vali Loss: nan Test Loss: 0.8780888
Validation loss decreased (nan --> nan).  Saving model ...
Updating learning rate to 5.904900000000001e-05
Epoch: 9 cost time: 0.26003551483154297
[2023-11-14 16:57:15] [32mIntermediate result: nan  (Index 8)[0m
Epoch: 9, Steps: 5 | Train Loss: 1.0464729 Vali Loss: nan Test Loss: 0.8521680
Validation loss decreased (nan --> nan).  Saving model ...
Updating learning rate to 5.3144100000000005e-05
Epoch: 10 cost time: 0.25798821449279785
[2023-11-14 16:57:15] [32mIntermediate result: nan  (Index 9)[0m
Epoch: 10, Steps: 5 | Train Loss: 1.0310071 Vali Loss: nan Test Loss: 0.8303294
Validation loss decreased (nan --> nan).  Saving model ...
Updating learning rate to 4.782969000000001e-05
Epoch: 11 cost time: 0.25438809394836426
[2023-11-14 16:57:16] [32mIntermediate result: nan  (Index 10)[0m
Epoch: 11, Steps: 5 | Train Loss: 0.9389489 Vali Loss: nan Test Loss: 0.8104024
Validation loss decreased (nan --> nan).  Saving model ...
Updating learning rate to 4.304672100000001e-05
Epoch: 12 cost time: 0.2551443576812744
[2023-11-14 16:57:17] [32mIntermediate result: nan  (Index 11)[0m
Epoch: 12, Steps: 5 | Train Loss: 1.0352310 Vali Loss: nan Test Loss: 0.7928526
Validation loss decreased (nan --> nan).  Saving model ...
Updating learning rate to 3.874204890000001e-05
Epoch: 13 cost time: 0.25850892066955566
[2023-11-14 16:57:17] [32mIntermediate result: nan  (Index 12)[0m
Epoch: 13, Steps: 5 | Train Loss: 0.9633937 Vali Loss: nan Test Loss: 0.7795347
Validation loss decreased (nan --> nan).  Saving model ...
Updating learning rate to 3.486784401000001e-05
Epoch: 14 cost time: 0.257143497467041
[2023-11-14 16:57:18] [32mIntermediate result: nan  (Index 13)[0m
Epoch: 14, Steps: 5 | Train Loss: 0.9872073 Vali Loss: nan Test Loss: 0.7689744
Validation loss decreased (nan --> nan).  Saving model ...
Updating learning rate to 3.138105960900001e-05
Epoch: 15 cost time: 0.2511119842529297
[2023-11-14 16:57:19] [32mIntermediate result: nan  (Index 14)[0m
Epoch: 15, Steps: 5 | Train Loss: 0.9730520 Vali Loss: nan Test Loss: 0.7592023
Validation loss decreased (nan --> nan).  Saving model ...
Updating learning rate to 2.824295364810001e-05
Epoch: 16 cost time: 0.26295995712280273
[2023-11-14 16:57:19] [32mIntermediate result: nan  (Index 15)[0m
Epoch: 16, Steps: 5 | Train Loss: 0.9271419 Vali Loss: nan Test Loss: 0.7512094
Validation loss decreased (nan --> nan).  Saving model ...
Updating learning rate to 2.541865828329001e-05
Epoch: 17 cost time: 0.26432108879089355
[2023-11-14 16:57:20] [32mIntermediate result: nan  (Index 16)[0m
Epoch: 17, Steps: 5 | Train Loss: 0.9344130 Vali Loss: nan Test Loss: 0.7413368
Validation loss decreased (nan --> nan).  Saving model ...
Updating learning rate to 2.287679245496101e-05
Epoch: 18 cost time: 0.2561771869659424
[2023-11-14 16:57:21] [32mIntermediate result: nan  (Index 17)[0m
Epoch: 18, Steps: 5 | Train Loss: 0.8672469 Vali Loss: nan Test Loss: 0.7329826
Validation loss decreased (nan --> nan).  Saving model ...
Updating learning rate to 2.0589113209464907e-05
Epoch: 19 cost time: 0.25850749015808105
[2023-11-14 16:57:21] [32mIntermediate result: nan  (Index 18)[0m
Epoch: 19, Steps: 5 | Train Loss: 0.8907207 Vali Loss: nan Test Loss: 0.7280995
Validation loss decreased (nan --> nan).  Saving model ...
Updating learning rate to 1.8530201888518416e-05
Epoch: 20 cost time: 0.2690567970275879
[2023-11-14 16:57:22] [32mIntermediate result: nan  (Index 19)[0m
Epoch: 20, Steps: 5 | Train Loss: 0.8678903 Vali Loss: nan Test Loss: 0.7230263
Validation loss decreased (nan --> nan).  Saving model ...
Updating learning rate to 1.6677181699666577e-05
Epoch: 21 cost time: 0.25441479682922363
[2023-11-14 16:57:22] [32mIntermediate result: nan  (Index 20)[0m
Epoch: 21, Steps: 5 | Train Loss: 0.8947305 Vali Loss: nan Test Loss: 0.7193289
Validation loss decreased (nan --> nan).  Saving model ...
Updating learning rate to 1.5009463529699919e-05
Epoch: 22 cost time: 0.2541944980621338
[2023-11-14 16:57:23] [32mIntermediate result: nan  (Index 21)[0m
Epoch: 22, Steps: 5 | Train Loss: 0.8545768 Vali Loss: nan Test Loss: 0.7140217
Validation loss decreased (nan --> nan).  Saving model ...
Updating learning rate to 1.3508517176729929e-05
Epoch: 23 cost time: 0.2560441493988037
[2023-11-14 16:57:24] [32mIntermediate result: nan  (Index 22)[0m
Epoch: 23, Steps: 5 | Train Loss: 0.8336153 Vali Loss: nan Test Loss: 0.7100307
Validation loss decreased (nan --> nan).  Saving model ...
Updating learning rate to 1.2157665459056936e-05
Epoch: 24 cost time: 0.25913095474243164
[2023-11-14 16:57:24] [32mIntermediate result: nan  (Index 23)[0m
Epoch: 24, Steps: 5 | Train Loss: 0.8622609 Vali Loss: nan Test Loss: 0.7060416
Validation loss decreased (nan --> nan).  Saving model ...
Updating learning rate to 1.0941898913151242e-05
Epoch: 25 cost time: 0.2539992332458496
[2023-11-14 16:57:25] [32mIntermediate result: nan  (Index 24)[0m
Epoch: 25, Steps: 5 | Train Loss: 0.8356991 Vali Loss: nan Test Loss: 0.7026083
Validation loss decreased (nan --> nan).  Saving model ...
Updating learning rate to 9.847709021836118e-06
Epoch: 26 cost time: 0.26265859603881836
[2023-11-14 16:57:26] [32mIntermediate result: nan  (Index 25)[0m
Epoch: 26, Steps: 5 | Train Loss: 0.8298585 Vali Loss: nan Test Loss: 0.6992018
Validation loss decreased (nan --> nan).  Saving model ...
Updating learning rate to 8.862938119652508e-06
Epoch: 27 cost time: 0.25716686248779297
[2023-11-14 16:57:26] [32mIntermediate result: nan  (Index 26)[0m
Epoch: 27, Steps: 5 | Train Loss: 0.8299530 Vali Loss: nan Test Loss: 0.6963220
Validation loss decreased (nan --> nan).  Saving model ...
Updating learning rate to 7.976644307687255e-06
Epoch: 28 cost time: 0.2684166431427002
[2023-11-14 16:57:27] [32mIntermediate result: nan  (Index 27)[0m
Epoch: 28, Steps: 5 | Train Loss: 0.8395813 Vali Loss: nan Test Loss: 0.6956557
Validation loss decreased (nan --> nan).  Saving model ...
Updating learning rate to 7.178979876918531e-06
Epoch: 29 cost time: 0.2736184597015381
[2023-11-14 16:57:28] [32mIntermediate result: nan  (Index 28)[0m
Epoch: 29, Steps: 5 | Train Loss: 0.8267634 Vali Loss: nan Test Loss: 0.6946031
Validation loss decreased (nan --> nan).  Saving model ...
Updating learning rate to 6.4610818892266776e-06
Epoch: 30 cost time: 0.2548792362213135
[2023-11-14 16:57:28] [32mIntermediate result: nan  (Index 29)[0m
Epoch: 30, Steps: 5 | Train Loss: 0.8127316 Vali Loss: nan Test Loss: 0.6929748
Validation loss decreased (nan --> nan).  Saving model ...
Updating learning rate to 5.8149737003040096e-06
Epoch: 31 cost time: 0.2587721347808838
[2023-11-14 16:57:29] [32mIntermediate result: nan  (Index 30)[0m
Epoch: 31, Steps: 5 | Train Loss: 0.8153976 Vali Loss: nan Test Loss: 0.6912363
Validation loss decreased (nan --> nan).  Saving model ...
Updating learning rate to 5.23347633027361e-06
Epoch: 32 cost time: 0.2664964199066162
[2023-11-14 16:57:30] [32mIntermediate result: nan  (Index 31)[0m
Epoch: 32, Steps: 5 | Train Loss: 0.7792066 Vali Loss: nan Test Loss: 0.6884125
Validation loss decreased (nan --> nan).  Saving model ...
Updating learning rate to 4.710128697246249e-06
Epoch: 33 cost time: 0.26035213470458984
[2023-11-14 16:57:30] [32mIntermediate result: nan  (Index 32)[0m
Epoch: 33, Steps: 5 | Train Loss: 0.8007102 Vali Loss: nan Test Loss: 0.6860021
Validation loss decreased (nan --> nan).  Saving model ...
Updating learning rate to 4.239115827521624e-06
Epoch: 34 cost time: 0.26048731803894043
[2023-11-14 16:57:31] [32mIntermediate result: nan  (Index 33)[0m
Epoch: 34, Steps: 5 | Train Loss: 0.8297628 Vali Loss: nan Test Loss: 0.6868446
Validation loss decreased (nan --> nan).  Saving model ...
Updating learning rate to 3.815204244769462e-06
Epoch: 35 cost time: 0.2682344913482666
[2023-11-14 16:57:32] [32mIntermediate result: nan  (Index 34)[0m
Epoch: 35, Steps: 5 | Train Loss: 0.8208826 Vali Loss: nan Test Loss: 0.6839582
Validation loss decreased (nan --> nan).  Saving model ...
Updating learning rate to 3.4336838202925152e-06
Epoch: 36 cost time: 0.24992942810058594
[2023-11-14 16:57:32] [32mIntermediate result: nan  (Index 35)[0m
Epoch: 36, Steps: 5 | Train Loss: 0.8503517 Vali Loss: nan Test Loss: 0.6844243
Validation loss decreased (nan --> nan).  Saving model ...
Updating learning rate to 3.090315438263264e-06
Epoch: 37 cost time: 0.2594001293182373
[2023-11-14 16:57:33] [32mIntermediate result: nan  (Index 36)[0m
Epoch: 37, Steps: 5 | Train Loss: 0.7682875 Vali Loss: nan Test Loss: 0.6832335
Validation loss decreased (nan --> nan).  Saving model ...
Updating learning rate to 2.7812838944369375e-06
Epoch: 38 cost time: 0.2545320987701416
[2023-11-14 16:57:34] [32mIntermediate result: nan  (Index 37)[0m
Epoch: 38, Steps: 5 | Train Loss: 0.8126547 Vali Loss: nan Test Loss: 0.6830367
Validation loss decreased (nan --> nan).  Saving model ...
Updating learning rate to 2.503155504993244e-06
Epoch: 39 cost time: 0.26290464401245117
[2023-11-14 16:57:34] [32mIntermediate result: nan  (Index 38)[0m
Epoch: 39, Steps: 5 | Train Loss: 0.8019706 Vali Loss: nan Test Loss: 0.6814213
Validation loss decreased (nan --> nan).  Saving model ...
Updating learning rate to 2.2528399544939195e-06
Epoch: 40 cost time: 0.2577176094055176
[2023-11-14 16:57:35] [32mIntermediate result: nan  (Index 39)[0m
Epoch: 40, Steps: 5 | Train Loss: 0.8216261 Vali Loss: nan Test Loss: 0.6821580
Validation loss decreased (nan --> nan).  Saving model ...
Updating learning rate to 2.0275559590445276e-06
Epoch: 41 cost time: 0.25719618797302246
[2023-11-14 16:57:35] [32mIntermediate result: nan  (Index 40)[0m
Epoch: 41, Steps: 5 | Train Loss: 0.8161566 Vali Loss: nan Test Loss: 0.6816407
Validation loss decreased (nan --> nan).  Saving model ...
Updating learning rate to 1.8248003631400751e-06
Epoch: 42 cost time: 0.27379775047302246
[2023-11-14 16:57:36] [32mIntermediate result: nan  (Index 41)[0m
Epoch: 42, Steps: 5 | Train Loss: 0.8002578 Vali Loss: nan Test Loss: 0.6804542
Validation loss decreased (nan --> nan).  Saving model ...
Updating learning rate to 1.6423203268260676e-06
Epoch: 43 cost time: 0.2579326629638672
[2023-11-14 16:57:37] [32mIntermediate result: nan  (Index 42)[0m
Epoch: 43, Steps: 5 | Train Loss: 0.8185649 Vali Loss: nan Test Loss: 0.6811958
Validation loss decreased (nan --> nan).  Saving model ...
Updating learning rate to 1.4780882941434609e-06
Epoch: 44 cost time: 0.2624537944793701
[2023-11-14 16:57:37] [32mIntermediate result: nan  (Index 43)[0m
Epoch: 44, Steps: 5 | Train Loss: 0.8322911 Vali Loss: nan Test Loss: 0.6795792
Validation loss decreased (nan --> nan).  Saving model ...
Updating learning rate to 1.3302794647291146e-06
Epoch: 45 cost time: 0.26006340980529785
[2023-11-14 16:57:38] [32mIntermediate result: nan  (Index 44)[0m
Epoch: 45, Steps: 5 | Train Loss: 0.8447424 Vali Loss: nan Test Loss: 0.6790354
Validation loss decreased (nan --> nan).  Saving model ...
Updating learning rate to 1.1972515182562034e-06
Epoch: 46 cost time: 0.25709009170532227
[2023-11-14 16:57:39] [32mIntermediate result: nan  (Index 45)[0m
Epoch: 46, Steps: 5 | Train Loss: 0.8606227 Vali Loss: nan Test Loss: 0.6778218
Validation loss decreased (nan --> nan).  Saving model ...
Updating learning rate to 1.077526366430583e-06
Epoch: 47 cost time: 0.26048970222473145
[2023-11-14 16:57:39] [32mIntermediate result: nan  (Index 46)[0m
Epoch: 47, Steps: 5 | Train Loss: 0.8074995 Vali Loss: nan Test Loss: 0.6781580
Validation loss decreased (nan --> nan).  Saving model ...
Updating learning rate to 9.697737297875248e-07
Epoch: 48 cost time: 0.25879907608032227
[2023-11-14 16:57:40] [32mIntermediate result: nan  (Index 47)[0m
Epoch: 48, Steps: 5 | Train Loss: 0.7373451 Vali Loss: nan Test Loss: 0.6781563
Validation loss decreased (nan --> nan).  Saving model ...
Updating learning rate to 8.727963568087723e-07
Epoch: 49 cost time: 0.2690885066986084
[2023-11-14 16:57:41] [32mIntermediate result: nan  (Index 48)[0m
Epoch: 49, Steps: 5 | Train Loss: 0.8139953 Vali Loss: nan Test Loss: 0.6777940
Validation loss decreased (nan --> nan).  Saving model ...
Updating learning rate to 7.855167211278951e-07
Epoch: 50 cost time: 0.26801562309265137
[2023-11-14 16:57:41] [32mIntermediate result: nan  (Index 49)[0m
Epoch: 50, Steps: 5 | Train Loss: 0.8010796 Vali Loss: nan Test Loss: 0.6774377
Validation loss decreased (nan --> nan).  Saving model ...
Updating learning rate to 7.069650490151056e-07
Epoch: 51 cost time: 0.2690739631652832
[2023-11-14 16:57:42] [32mIntermediate result: nan  (Index 50)[0m
Epoch: 51, Steps: 5 | Train Loss: 0.8004582 Vali Loss: nan Test Loss: 0.6764211
Validation loss decreased (nan --> nan).  Saving model ...
Updating learning rate to 6.36268544113595e-07
Epoch: 52 cost time: 0.253875732421875
[2023-11-14 16:57:43] [32mIntermediate result: nan  (Index 51)[0m
Epoch: 52, Steps: 5 | Train Loss: 0.7479481 Vali Loss: nan Test Loss: 0.6759074
Validation loss decreased (nan --> nan).  Saving model ...
Updating learning rate to 5.726416897022355e-07
Epoch: 53 cost time: 0.24592351913452148
[2023-11-14 16:57:43] [32mIntermediate result: nan  (Index 52)[0m
Epoch: 53, Steps: 5 | Train Loss: 0.8231028 Vali Loss: nan Test Loss: 0.6746383
Validation loss decreased (nan --> nan).  Saving model ...
Updating learning rate to 5.15377520732012e-07
Epoch: 54 cost time: 0.26036834716796875
[2023-11-14 16:57:44] [32mIntermediate result: nan  (Index 53)[0m
Epoch: 54, Steps: 5 | Train Loss: 0.8443848 Vali Loss: nan Test Loss: 0.6754864
Validation loss decreased (nan --> nan).  Saving model ...
Updating learning rate to 4.6383976865881085e-07
Epoch: 55 cost time: 0.26213812828063965
[2023-11-14 16:57:45] [32mIntermediate result: nan  (Index 54)[0m
Epoch: 55, Steps: 5 | Train Loss: 0.7886956 Vali Loss: nan Test Loss: 0.6770141
Validation loss decreased (nan --> nan).  Saving model ...
Updating learning rate to 4.174557917929298e-07
Epoch: 56 cost time: 0.251220703125
[2023-11-14 16:57:45] [32mIntermediate result: nan  (Index 55)[0m
Epoch: 56, Steps: 5 | Train Loss: 0.7919898 Vali Loss: nan Test Loss: 0.6777869
Validation loss decreased (nan --> nan).  Saving model ...
Updating learning rate to 3.7571021261363677e-07
Epoch: 57 cost time: 0.2665221691131592
[2023-11-14 16:57:46] [32mIntermediate result: nan  (Index 56)[0m
Epoch: 57, Steps: 5 | Train Loss: 0.7971611 Vali Loss: nan Test Loss: 0.6779758
Validation loss decreased (nan --> nan).  Saving model ...
Updating learning rate to 3.381391913522731e-07
Epoch: 58 cost time: 0.26677393913269043
[2023-11-14 16:57:46] [32mIntermediate result: nan  (Index 57)[0m
Epoch: 58, Steps: 5 | Train Loss: 0.8449865 Vali Loss: nan Test Loss: 0.6773212
Validation loss decreased (nan --> nan).  Saving model ...
Updating learning rate to 3.043252722170458e-07
Epoch: 59 cost time: 0.2642030715942383
[2023-11-14 16:57:47] [32mIntermediate result: nan  (Index 58)[0m
Epoch: 59, Steps: 5 | Train Loss: 0.7697619 Vali Loss: nan Test Loss: 0.6766678
Validation loss decreased (nan --> nan).  Saving model ...
Updating learning rate to 2.7389274499534124e-07
Epoch: 60 cost time: 0.2634565830230713
[2023-11-14 16:57:48] [32mIntermediate result: nan  (Index 59)[0m
Epoch: 60, Steps: 5 | Train Loss: 0.8015769 Vali Loss: nan Test Loss: 0.6759598
Validation loss decreased (nan --> nan).  Saving model ...
Updating learning rate to 2.465034704958071e-07
Epoch: 61 cost time: 0.283233642578125
[2023-11-14 16:57:48] [32mIntermediate result: nan  (Index 60)[0m
Epoch: 61, Steps: 5 | Train Loss: 0.8359698 Vali Loss: nan Test Loss: 0.6757435
Validation loss decreased (nan --> nan).  Saving model ...
Updating learning rate to 2.218531234462264e-07
Epoch: 62 cost time: 0.2570066452026367
[2023-11-14 16:57:49] [32mIntermediate result: nan  (Index 61)[0m
Epoch: 62, Steps: 5 | Train Loss: 0.8351660 Vali Loss: nan Test Loss: 0.6765862
Validation loss decreased (nan --> nan).  Saving model ...
Updating learning rate to 1.9966781110160376e-07
Epoch: 63 cost time: 0.26171088218688965
[2023-11-14 16:57:50] [32mIntermediate result: nan  (Index 62)[0m
Epoch: 63, Steps: 5 | Train Loss: 0.7961658 Vali Loss: nan Test Loss: 0.6774715
Validation loss decreased (nan --> nan).  Saving model ...
Updating learning rate to 1.797010299914434e-07
Epoch: 64 cost time: 0.2638845443725586
[2023-11-14 16:57:50] [32mIntermediate result: nan  (Index 63)[0m
Epoch: 64, Steps: 5 | Train Loss: 0.8129326 Vali Loss: nan Test Loss: 0.6787183
Validation loss decreased (nan --> nan).  Saving model ...
Updating learning rate to 1.6173092699229907e-07
Epoch: 65 cost time: 0.2563936710357666
[2023-11-14 16:57:51] [32mIntermediate result: nan  (Index 64)[0m
Epoch: 65, Steps: 5 | Train Loss: 0.8411106 Vali Loss: nan Test Loss: 0.6773921
Validation loss decreased (nan --> nan).  Saving model ...
Updating learning rate to 1.4555783429306916e-07
Epoch: 66 cost time: 0.2673065662384033
[2023-11-14 16:57:52] [32mIntermediate result: nan  (Index 65)[0m
Epoch: 66, Steps: 5 | Train Loss: 0.8015362 Vali Loss: nan Test Loss: 0.6758152
Validation loss decreased (nan --> nan).  Saving model ...
Updating learning rate to 1.3100205086376224e-07
Epoch: 67 cost time: 0.2616410255432129
[2023-11-14 16:57:52] [32mIntermediate result: nan  (Index 66)[0m
Epoch: 67, Steps: 5 | Train Loss: 0.8012435 Vali Loss: nan Test Loss: 0.6755892
Validation loss decreased (nan --> nan).  Saving model ...
Updating learning rate to 1.1790184577738603e-07
Epoch: 68 cost time: 0.2538933753967285
[2023-11-14 16:57:53] [32mIntermediate result: nan  (Index 67)[0m
Epoch: 68, Steps: 5 | Train Loss: 0.8004799 Vali Loss: nan Test Loss: 0.6759920
Validation loss decreased (nan --> nan).  Saving model ...
Updating learning rate to 1.0611166119964742e-07
Epoch: 69 cost time: 0.25800442695617676
[2023-11-14 16:57:54] [32mIntermediate result: nan  (Index 68)[0m
Epoch: 69, Steps: 5 | Train Loss: 0.8043527 Vali Loss: nan Test Loss: 0.6755494
Validation loss decreased (nan --> nan).  Saving model ...
Updating learning rate to 9.550049507968268e-08
Epoch: 70 cost time: 0.2515850067138672
[2023-11-14 16:57:54] [32mIntermediate result: nan  (Index 69)[0m
Epoch: 70, Steps: 5 | Train Loss: 0.8455348 Vali Loss: nan Test Loss: 0.6764744
Validation loss decreased (nan --> nan).  Saving model ...
Updating learning rate to 8.595044557171442e-08
Epoch: 71 cost time: 0.2632734775543213
[2023-11-14 16:57:55] [32mIntermediate result: nan  (Index 70)[0m
Epoch: 71, Steps: 5 | Train Loss: 0.7969958 Vali Loss: nan Test Loss: 0.6765304
Validation loss decreased (nan --> nan).  Saving model ...
Updating learning rate to 7.735540101454298e-08
Epoch: 72 cost time: 0.26015734672546387
[2023-11-14 16:57:56] [32mIntermediate result: nan  (Index 71)[0m
Epoch: 72, Steps: 5 | Train Loss: 0.8344837 Vali Loss: nan Test Loss: 0.6761144
Validation loss decreased (nan --> nan).  Saving model ...
Updating learning rate to 6.961986091308869e-08
Epoch: 73 cost time: 0.2599518299102783
[2023-11-14 16:57:56] [32mIntermediate result: nan  (Index 72)[0m
Epoch: 73, Steps: 5 | Train Loss: 0.8369462 Vali Loss: nan Test Loss: 0.6756433
Validation loss decreased (nan --> nan).  Saving model ...
Updating learning rate to 6.265787482177981e-08
Epoch: 74 cost time: 0.27475953102111816
[2023-11-14 16:57:57] [32mIntermediate result: nan  (Index 73)[0m
Epoch: 74, Steps: 5 | Train Loss: 0.8079364 Vali Loss: nan Test Loss: 0.6772876
Validation loss decreased (nan --> nan).  Saving model ...
Updating learning rate to 5.639208733960184e-08
Epoch: 75 cost time: 0.25542473793029785
[2023-11-14 16:57:58] [32mIntermediate result: nan  (Index 74)[0m
Epoch: 75, Steps: 5 | Train Loss: 0.8152694 Vali Loss: nan Test Loss: 0.6759650
Validation loss decreased (nan --> nan).  Saving model ...
Updating learning rate to 5.075287860564165e-08
Epoch: 76 cost time: 0.2615334987640381
[2023-11-14 16:57:58] [32mIntermediate result: nan  (Index 75)[0m
Epoch: 76, Steps: 5 | Train Loss: 0.8057405 Vali Loss: nan Test Loss: 0.6763230
Validation loss decreased (nan --> nan).  Saving model ...
Updating learning rate to 4.567759074507749e-08
Epoch: 77 cost time: 0.26366758346557617
[2023-11-14 16:57:59] [32mIntermediate result: nan  (Index 76)[0m
Epoch: 77, Steps: 5 | Train Loss: 0.7781773 Vali Loss: nan Test Loss: 0.6759995
Validation loss decreased (nan --> nan).  Saving model ...
Updating learning rate to 4.1109831670569744e-08
Epoch: 78 cost time: 0.26276111602783203
[2023-11-14 16:58:00] [32mIntermediate result: nan  (Index 77)[0m
Epoch: 78, Steps: 5 | Train Loss: 0.8416198 Vali Loss: nan Test Loss: 0.6761258
Validation loss decreased (nan --> nan).  Saving model ...
Updating learning rate to 3.6998848503512764e-08
Epoch: 79 cost time: 0.2734642028808594
[2023-11-14 16:58:00] [32mIntermediate result: nan  (Index 78)[0m
Epoch: 79, Steps: 5 | Train Loss: 0.8426919 Vali Loss: nan Test Loss: 0.6762028
Validation loss decreased (nan --> nan).  Saving model ...
Updating learning rate to 3.3298963653161496e-08
Epoch: 80 cost time: 0.2568323612213135
[2023-11-14 16:58:01] [32mIntermediate result: nan  (Index 79)[0m
Epoch: 80, Steps: 5 | Train Loss: 0.8788861 Vali Loss: nan Test Loss: 0.6763547
Validation loss decreased (nan --> nan).  Saving model ...
Updating learning rate to 2.996906728784534e-08
Epoch: 81 cost time: 0.261796236038208
[2023-11-14 16:58:02] [32mIntermediate result: nan  (Index 80)[0m
Epoch: 81, Steps: 5 | Train Loss: 0.8263586 Vali Loss: nan Test Loss: 0.6760632
Validation loss decreased (nan --> nan).  Saving model ...
Updating learning rate to 2.697216055906081e-08
Epoch: 82 cost time: 0.2587931156158447
[2023-11-14 16:58:02] [32mIntermediate result: nan  (Index 81)[0m
Epoch: 82, Steps: 5 | Train Loss: 0.7741817 Vali Loss: nan Test Loss: 0.6762260
Validation loss decreased (nan --> nan).  Saving model ...
Updating learning rate to 2.427494450315473e-08
Epoch: 83 cost time: 0.25890302658081055
[2023-11-14 16:58:03] [32mIntermediate result: nan  (Index 82)[0m
Epoch: 83, Steps: 5 | Train Loss: 0.7916528 Vali Loss: nan Test Loss: 0.6756638
Validation loss decreased (nan --> nan).  Saving model ...
Updating learning rate to 2.1847450052839257e-08
Epoch: 84 cost time: 0.25584959983825684
[2023-11-14 16:58:03] [32mIntermediate result: nan  (Index 83)[0m
Epoch: 84, Steps: 5 | Train Loss: 0.8022068 Vali Loss: nan Test Loss: 0.6761787
Validation loss decreased (nan --> nan).  Saving model ...
Updating learning rate to 1.9662705047555332e-08
Epoch: 85 cost time: 0.25545239448547363
[2023-11-14 16:58:04] [32mIntermediate result: nan  (Index 84)[0m
Epoch: 85, Steps: 5 | Train Loss: 0.7835125 Vali Loss: nan Test Loss: 0.6756241
Validation loss decreased (nan --> nan).  Saving model ...
Updating learning rate to 1.7696434542799797e-08
Epoch: 86 cost time: 0.26053595542907715
[2023-11-14 16:58:05] [32mIntermediate result: nan  (Index 85)[0m
Epoch: 86, Steps: 5 | Train Loss: 0.8089416 Vali Loss: nan Test Loss: 0.6754342
Validation loss decreased (nan --> nan).  Saving model ...
Updating learning rate to 1.5926791088519817e-08
Epoch: 87 cost time: 0.2606937885284424
[2023-11-14 16:58:05] [32mIntermediate result: nan  (Index 86)[0m
Epoch: 87, Steps: 5 | Train Loss: 0.7321117 Vali Loss: nan Test Loss: 0.6746979
Validation loss decreased (nan --> nan).  Saving model ...
Updating learning rate to 1.4334111979667836e-08
Epoch: 88 cost time: 0.26030421257019043
[2023-11-14 16:58:06] [32mIntermediate result: nan  (Index 87)[0m
Epoch: 88, Steps: 5 | Train Loss: 0.8367735 Vali Loss: nan Test Loss: 0.6751860
Validation loss decreased (nan --> nan).  Saving model ...
Updating learning rate to 1.2900700781701054e-08
Epoch: 89 cost time: 0.26488304138183594
[2023-11-14 16:58:07] [32mIntermediate result: nan  (Index 88)[0m
Epoch: 89, Steps: 5 | Train Loss: 0.8557923 Vali Loss: nan Test Loss: 0.6761819
Validation loss decreased (nan --> nan).  Saving model ...
Updating learning rate to 1.161063070353095e-08
Epoch: 90 cost time: 0.26793384552001953
[2023-11-14 16:58:07] [32mIntermediate result: nan  (Index 89)[0m
Epoch: 90, Steps: 5 | Train Loss: 0.8243300 Vali Loss: nan Test Loss: 0.6760581
Validation loss decreased (nan --> nan).  Saving model ...
Updating learning rate to 1.0449567633177854e-08
Epoch: 91 cost time: 0.26904726028442383
[2023-11-14 16:58:08] [32mIntermediate result: nan  (Index 90)[0m
Epoch: 91, Steps: 5 | Train Loss: 0.8193626 Vali Loss: nan Test Loss: 0.6768267
Validation loss decreased (nan --> nan).  Saving model ...
Updating learning rate to 9.404610869860069e-09
Epoch: 92 cost time: 0.2642483711242676
[2023-11-14 16:58:09] [32mIntermediate result: nan  (Index 91)[0m
Epoch: 92, Steps: 5 | Train Loss: 0.8295011 Vali Loss: nan Test Loss: 0.6758587
Validation loss decreased (nan --> nan).  Saving model ...
Updating learning rate to 8.464149782874063e-09
Epoch: 93 cost time: 0.25156712532043457
[2023-11-14 16:58:09] [32mIntermediate result: nan  (Index 92)[0m
Epoch: 93, Steps: 5 | Train Loss: 0.8228587 Vali Loss: nan Test Loss: 0.6766602
Validation loss decreased (nan --> nan).  Saving model ...
Updating learning rate to 7.617734804586658e-09
Epoch: 94 cost time: 0.26936888694763184
[2023-11-14 16:58:10] [32mIntermediate result: nan  (Index 93)[0m
Epoch: 94, Steps: 5 | Train Loss: 0.7629688 Vali Loss: nan Test Loss: 0.6774828
Validation loss decreased (nan --> nan).  Saving model ...
Updating learning rate to 6.855961324127991e-09
Epoch: 95 cost time: 0.2587566375732422
[2023-11-14 16:58:11] [32mIntermediate result: nan  (Index 94)[0m
Epoch: 95, Steps: 5 | Train Loss: 0.7820140 Vali Loss: nan Test Loss: 0.6753913
Validation loss decreased (nan --> nan).  Saving model ...
Updating learning rate to 6.170365191715193e-09
Epoch: 96 cost time: 0.25739264488220215
[2023-11-14 16:58:11] [32mIntermediate result: nan  (Index 95)[0m
Epoch: 96, Steps: 5 | Train Loss: 0.7994625 Vali Loss: nan Test Loss: 0.6752766
Validation loss decreased (nan --> nan).  Saving model ...
Updating learning rate to 5.5533286725436726e-09
Epoch: 97 cost time: 0.26052427291870117
[2023-11-14 16:58:12] [32mIntermediate result: nan  (Index 96)[0m
Epoch: 97, Steps: 5 | Train Loss: 0.8398456 Vali Loss: nan Test Loss: 0.6763705
Validation loss decreased (nan --> nan).  Saving model ...
Updating learning rate to 4.997995805289306e-09
Epoch: 98 cost time: 0.25688767433166504
[2023-11-14 16:58:13] [32mIntermediate result: nan  (Index 97)[0m
Epoch: 98, Steps: 5 | Train Loss: 0.7703790 Vali Loss: nan Test Loss: 0.6781910
Validation loss decreased (nan --> nan).  Saving model ...
Updating learning rate to 4.498196224760375e-09
Epoch: 99 cost time: 0.2568676471710205
[2023-11-14 16:58:13] [32mIntermediate result: nan  (Index 98)[0m
Epoch: 99, Steps: 5 | Train Loss: 0.8213024 Vali Loss: nan Test Loss: 0.6776936
Validation loss decreased (nan --> nan).  Saving model ...
Updating learning rate to 4.048376602284338e-09
Epoch: 100 cost time: 0.27933287620544434
[2023-11-14 16:58:14] [32mIntermediate result: nan  (Index 99)[0m
Epoch: 100, Steps: 5 | Train Loss: 0.7981243 Vali Loss: nan Test Loss: 0.6763204
Validation loss decreased (nan --> nan).  Saving model ...
Updating learning rate to 3.643538942055904e-09
[2023-11-14 16:58:14] [32mFinal result: 0.67632043[0m
>>>>>>>testing : 96_1_PatchTST_xuhao_ftS_sl96_ll48_pl1_dm16_nh4_el3_dl1_df128_fc1_ebtimeF_dtTrue_Exp_0<<<<<<<<<<<<<<<<<<<<<<<<<<<<<<<<<
test 229
mse:0.6763204336166382, mae:0.6479989886283875, rse:0.9045886397361755
