Args in experiment:
Namespace(random_seed=2021, is_training=1, model_id='96_48', model='PatchTST', data='xuhao', root_path='./dataset/', data_path='test_cpu.csv', features='S', target='OT', freq='10T', checkpoints='./checkpoints/', seq_len=96, label_len=48, pred_len=48, fc_dropout=0.3, head_dropout=0.0, patch_len=16, stride=8, padding_patch='end', revin=1, affine=0, subtract_last=0, decomposition=0, kernel_size=25, individual=0, embed_type=0, enc_in=1, dec_in=7, c_out=7, d_model=16, n_heads=4, e_layers=3, d_layers=1, d_ff=128, moving_avg=25, factor=1, distil=True, dropout=0.3, embed='timeF', activation='gelu', output_attention=False, do_predict=False, num_workers=10, itr=1, train_epochs=100, batch_size=32, patience=100, learning_rate=0.0001, des='Exp', loss='mse', lradj='type3', pct_start=0.3, use_amp=False, momentum=0.9, use_gpu=True, gpu=0, use_multi_gpu=False, devices='0,1', test_flop=False)
Use GPU: cuda:0
{'learning_rate': 0.0001, 'momentum': 0.9, 'e_layers': 3, 'n_heads': 4, 'd_model': 16, 'd_ff': 128, 'dropout': 0.3, 'fc_dropout': 0.3, 'head_dropout': 0, 'batch_size': 128}
>>>>>>>start training : 96_48_PatchTST_xuhao_ftS_sl96_ll48_pl48_dm16_nh4_el3_dl1_df128_fc1_ebtimeF_dtTrue_Exp_0>>>>>>>>>>>>>>>>>>>>>>>>>>
train 659
val 69
test 182
Epoch: 1 cost time: 0.2716958522796631
[2023-11-14 16:59:32] [32mIntermediate result: nan  (Index 0)[0m
Epoch: 1, Steps: 5 | Train Loss: 1.7980744 Vali Loss: nan Test Loss: 1.4612151
Validation loss decreased (inf --> nan).  Saving model ...
Updating learning rate to 0.0001
Epoch: 2 cost time: 0.27353835105895996
[2023-11-14 16:59:32] [32mIntermediate result: nan  (Index 1)[0m
Epoch: 2, Steps: 5 | Train Loss: 1.7959172 Vali Loss: nan Test Loss: 1.4434100
Validation loss decreased (nan --> nan).  Saving model ...
Updating learning rate to 0.0001
Epoch: 3 cost time: 0.26965832710266113
[2023-11-14 16:59:33] [32mIntermediate result: nan  (Index 2)[0m
Epoch: 3, Steps: 5 | Train Loss: 1.7702470 Vali Loss: nan Test Loss: 1.4315935
Validation loss decreased (nan --> nan).  Saving model ...
Updating learning rate to 0.0001
Epoch: 4 cost time: 0.27215003967285156
[2023-11-14 16:59:34] [32mIntermediate result: nan  (Index 3)[0m
Epoch: 4, Steps: 5 | Train Loss: 1.7336891 Vali Loss: nan Test Loss: 1.4204946
Validation loss decreased (nan --> nan).  Saving model ...
Updating learning rate to 9e-05
Epoch: 5 cost time: 0.2683377265930176
[2023-11-14 16:59:34] [32mIntermediate result: nan  (Index 4)[0m
Epoch: 5, Steps: 5 | Train Loss: 1.7136913 Vali Loss: nan Test Loss: 1.4104176
Validation loss decreased (nan --> nan).  Saving model ...
Updating learning rate to 8.1e-05
Epoch: 6 cost time: 0.27202367782592773
[2023-11-14 16:59:35] [32mIntermediate result: nan  (Index 5)[0m
Epoch: 6, Steps: 5 | Train Loss: 1.6900847 Vali Loss: nan Test Loss: 1.3999664
Validation loss decreased (nan --> nan).  Saving model ...
Updating learning rate to 7.290000000000001e-05
Epoch: 7 cost time: 0.2608039379119873
[2023-11-14 16:59:36] [32mIntermediate result: nan  (Index 6)[0m
Epoch: 7, Steps: 5 | Train Loss: 1.6710523 Vali Loss: nan Test Loss: 1.3905028
Validation loss decreased (nan --> nan).  Saving model ...
Updating learning rate to 6.561e-05
Epoch: 8 cost time: 0.2720987796783447
[2023-11-14 16:59:36] [32mIntermediate result: nan  (Index 7)[0m
Epoch: 8, Steps: 5 | Train Loss: 1.6568312 Vali Loss: nan Test Loss: 1.3812977
Validation loss decreased (nan --> nan).  Saving model ...
Updating learning rate to 5.904900000000001e-05
Epoch: 9 cost time: 0.27402210235595703
[2023-11-14 16:59:37] [32mIntermediate result: nan  (Index 8)[0m
Epoch: 9, Steps: 5 | Train Loss: 1.6374815 Vali Loss: nan Test Loss: 1.3724133
Validation loss decreased (nan --> nan).  Saving model ...
Updating learning rate to 5.3144100000000005e-05
Epoch: 10 cost time: 0.2673184871673584
[2023-11-14 16:59:38] [32mIntermediate result: nan  (Index 9)[0m
Epoch: 10, Steps: 5 | Train Loss: 1.6126969 Vali Loss: nan Test Loss: 1.3639736
Validation loss decreased (nan --> nan).  Saving model ...
Updating learning rate to 4.782969000000001e-05
Epoch: 11 cost time: 0.2705342769622803
[2023-11-14 16:59:38] [32mIntermediate result: nan  (Index 10)[0m
Epoch: 11, Steps: 5 | Train Loss: 1.6151398 Vali Loss: nan Test Loss: 1.3562268
Validation loss decreased (nan --> nan).  Saving model ...
Updating learning rate to 4.304672100000001e-05
Epoch: 12 cost time: 0.2722654342651367
[2023-11-14 16:59:39] [32mIntermediate result: nan  (Index 11)[0m
Epoch: 12, Steps: 5 | Train Loss: 1.6014797 Vali Loss: nan Test Loss: 1.3488859
Validation loss decreased (nan --> nan).  Saving model ...
Updating learning rate to 3.874204890000001e-05
Epoch: 13 cost time: 0.28100013732910156
[2023-11-14 16:59:40] [32mIntermediate result: nan  (Index 12)[0m
Epoch: 13, Steps: 5 | Train Loss: 1.5894061 Vali Loss: nan Test Loss: 1.3430570
Validation loss decreased (nan --> nan).  Saving model ...
Updating learning rate to 3.486784401000001e-05
Epoch: 14 cost time: 0.26850008964538574
[2023-11-14 16:59:40] [32mIntermediate result: nan  (Index 13)[0m
Epoch: 14, Steps: 5 | Train Loss: 1.5804343 Vali Loss: nan Test Loss: 1.3372532
Validation loss decreased (nan --> nan).  Saving model ...
Updating learning rate to 3.138105960900001e-05
Epoch: 15 cost time: 0.2634007930755615
[2023-11-14 16:59:41] [32mIntermediate result: nan  (Index 14)[0m
Epoch: 15, Steps: 5 | Train Loss: 1.5700761 Vali Loss: nan Test Loss: 1.3319916
Validation loss decreased (nan --> nan).  Saving model ...
Updating learning rate to 2.824295364810001e-05
Epoch: 16 cost time: 0.2739698886871338
[2023-11-14 16:59:42] [32mIntermediate result: nan  (Index 15)[0m
Epoch: 16, Steps: 5 | Train Loss: 1.5669342 Vali Loss: nan Test Loss: 1.3271710
Validation loss decreased (nan --> nan).  Saving model ...
Updating learning rate to 2.541865828329001e-05
Epoch: 17 cost time: 0.2714259624481201
[2023-11-14 16:59:43] [32mIntermediate result: nan  (Index 16)[0m
Epoch: 17, Steps: 5 | Train Loss: 1.5582294 Vali Loss: nan Test Loss: 1.3227688
Validation loss decreased (nan --> nan).  Saving model ...
Updating learning rate to 2.287679245496101e-05
Epoch: 18 cost time: 0.27371883392333984
[2023-11-14 16:59:43] [32mIntermediate result: nan  (Index 17)[0m
Epoch: 18, Steps: 5 | Train Loss: 1.5551096 Vali Loss: nan Test Loss: 1.3186189
Validation loss decreased (nan --> nan).  Saving model ...
Updating learning rate to 2.0589113209464907e-05
Epoch: 19 cost time: 0.27008605003356934
[2023-11-14 16:59:44] [32mIntermediate result: nan  (Index 18)[0m
Epoch: 19, Steps: 5 | Train Loss: 1.5433077 Vali Loss: nan Test Loss: 1.3151199
Validation loss decreased (nan --> nan).  Saving model ...
Updating learning rate to 1.8530201888518416e-05
Epoch: 20 cost time: 0.2661607265472412
[2023-11-14 16:59:45] [32mIntermediate result: nan  (Index 19)[0m
Epoch: 20, Steps: 5 | Train Loss: 1.5423987 Vali Loss: nan Test Loss: 1.3119518
Validation loss decreased (nan --> nan).  Saving model ...
Updating learning rate to 1.6677181699666577e-05
Epoch: 21 cost time: 0.2696661949157715
[2023-11-14 16:59:45] [32mIntermediate result: nan  (Index 20)[0m
Epoch: 21, Steps: 5 | Train Loss: 1.5365910 Vali Loss: nan Test Loss: 1.3092343
Validation loss decreased (nan --> nan).  Saving model ...
Updating learning rate to 1.5009463529699919e-05
Epoch: 22 cost time: 0.27585887908935547
[2023-11-14 16:59:46] [32mIntermediate result: nan  (Index 21)[0m
Epoch: 22, Steps: 5 | Train Loss: 1.5243576 Vali Loss: nan Test Loss: 1.3067037
Validation loss decreased (nan --> nan).  Saving model ...
Updating learning rate to 1.3508517176729929e-05
Epoch: 23 cost time: 0.26764893531799316
[2023-11-14 16:59:47] [32mIntermediate result: nan  (Index 22)[0m
Epoch: 23, Steps: 5 | Train Loss: 1.5359489 Vali Loss: nan Test Loss: 1.3043441
Validation loss decreased (nan --> nan).  Saving model ...
Updating learning rate to 1.2157665459056936e-05
Epoch: 24 cost time: 0.28054046630859375
[2023-11-14 16:59:47] [32mIntermediate result: nan  (Index 23)[0m
Epoch: 24, Steps: 5 | Train Loss: 1.5204604 Vali Loss: nan Test Loss: 1.3025051
Validation loss decreased (nan --> nan).  Saving model ...
Updating learning rate to 1.0941898913151242e-05
Epoch: 25 cost time: 0.2733302116394043
[2023-11-14 16:59:48] [32mIntermediate result: nan  (Index 24)[0m
Epoch: 25, Steps: 5 | Train Loss: 1.5062740 Vali Loss: nan Test Loss: 1.3008941
Validation loss decreased (nan --> nan).  Saving model ...
Updating learning rate to 9.847709021836118e-06
Epoch: 26 cost time: 0.2666006088256836
[2023-11-14 16:59:49] [32mIntermediate result: nan  (Index 25)[0m
Epoch: 26, Steps: 5 | Train Loss: 1.5128551 Vali Loss: nan Test Loss: 1.2986426
Validation loss decreased (nan --> nan).  Saving model ...
Updating learning rate to 8.862938119652508e-06
Epoch: 27 cost time: 0.2711513042449951
[2023-11-14 16:59:49] [32mIntermediate result: nan  (Index 26)[0m
Epoch: 27, Steps: 5 | Train Loss: 1.5073517 Vali Loss: nan Test Loss: 1.2974342
Validation loss decreased (nan --> nan).  Saving model ...
Updating learning rate to 7.976644307687255e-06
Epoch: 28 cost time: 0.26494717597961426
[2023-11-14 16:59:50] [32mIntermediate result: nan  (Index 27)[0m
Epoch: 28, Steps: 5 | Train Loss: 1.5228998 Vali Loss: nan Test Loss: 1.2960441
Validation loss decreased (nan --> nan).  Saving model ...
Updating learning rate to 7.178979876918531e-06
Epoch: 29 cost time: 0.26952219009399414
[2023-11-14 16:59:51] [32mIntermediate result: nan  (Index 28)[0m
Epoch: 29, Steps: 5 | Train Loss: 1.4923246 Vali Loss: nan Test Loss: 1.2950749
Validation loss decreased (nan --> nan).  Saving model ...
Updating learning rate to 6.4610818892266776e-06
Epoch: 30 cost time: 0.26924729347229004
[2023-11-14 16:59:51] [32mIntermediate result: nan  (Index 29)[0m
Epoch: 30, Steps: 5 | Train Loss: 1.5078940 Vali Loss: nan Test Loss: 1.2940565
Validation loss decreased (nan --> nan).  Saving model ...
Updating learning rate to 5.8149737003040096e-06
Epoch: 31 cost time: 0.26964330673217773
[2023-11-14 16:59:52] [32mIntermediate result: nan  (Index 30)[0m
Epoch: 31, Steps: 5 | Train Loss: 1.5060985 Vali Loss: nan Test Loss: 1.2930351
Validation loss decreased (nan --> nan).  Saving model ...
Updating learning rate to 5.23347633027361e-06
Epoch: 32 cost time: 0.26701903343200684
[2023-11-14 16:59:53] [32mIntermediate result: nan  (Index 31)[0m
Epoch: 32, Steps: 5 | Train Loss: 1.4933401 Vali Loss: nan Test Loss: 1.2921911
Validation loss decreased (nan --> nan).  Saving model ...
Updating learning rate to 4.710128697246249e-06
Epoch: 33 cost time: 0.2752220630645752
[2023-11-14 16:59:53] [32mIntermediate result: nan  (Index 32)[0m
Epoch: 33, Steps: 5 | Train Loss: 1.5077299 Vali Loss: nan Test Loss: 1.2912112
Validation loss decreased (nan --> nan).  Saving model ...
Updating learning rate to 4.239115827521624e-06
Epoch: 34 cost time: 0.2672696113586426
[2023-11-14 16:59:54] [32mIntermediate result: nan  (Index 33)[0m
Epoch: 34, Steps: 5 | Train Loss: 1.4953861 Vali Loss: nan Test Loss: 1.2900649
Validation loss decreased (nan --> nan).  Saving model ...
Updating learning rate to 3.815204244769462e-06
Epoch: 35 cost time: 0.2658698558807373
[2023-11-14 16:59:55] [32mIntermediate result: nan  (Index 34)[0m
Epoch: 35, Steps: 5 | Train Loss: 1.4957332 Vali Loss: nan Test Loss: 1.2895489
Validation loss decreased (nan --> nan).  Saving model ...
Updating learning rate to 3.4336838202925152e-06
Epoch: 36 cost time: 0.2691957950592041
[2023-11-14 16:59:55] [32mIntermediate result: nan  (Index 35)[0m
Epoch: 36, Steps: 5 | Train Loss: 1.4971300 Vali Loss: nan Test Loss: 1.2885162
Validation loss decreased (nan --> nan).  Saving model ...
Updating learning rate to 3.090315438263264e-06
Epoch: 37 cost time: 0.2782609462738037
[2023-11-14 16:59:56] [32mIntermediate result: nan  (Index 36)[0m
Epoch: 37, Steps: 5 | Train Loss: 1.4855714 Vali Loss: nan Test Loss: 1.2875253
Validation loss decreased (nan --> nan).  Saving model ...
Updating learning rate to 2.7812838944369375e-06
Epoch: 38 cost time: 0.27117109298706055
[2023-11-14 16:59:57] [32mIntermediate result: nan  (Index 37)[0m
Epoch: 38, Steps: 5 | Train Loss: 1.4929377 Vali Loss: nan Test Loss: 1.2872472
Validation loss decreased (nan --> nan).  Saving model ...
Updating learning rate to 2.503155504993244e-06
Epoch: 39 cost time: 0.2688593864440918
[2023-11-14 16:59:57] [32mIntermediate result: nan  (Index 38)[0m
Epoch: 39, Steps: 5 | Train Loss: 1.4980310 Vali Loss: nan Test Loss: 1.2870008
Validation loss decreased (nan --> nan).  Saving model ...
Updating learning rate to 2.2528399544939195e-06
Epoch: 40 cost time: 0.26456236839294434
[2023-11-14 16:59:58] [32mIntermediate result: nan  (Index 39)[0m
Epoch: 40, Steps: 5 | Train Loss: 1.5026250 Vali Loss: nan Test Loss: 1.2863046
Validation loss decreased (nan --> nan).  Saving model ...
Updating learning rate to 2.0275559590445276e-06
Epoch: 41 cost time: 0.27500033378601074
[2023-11-14 16:59:59] [32mIntermediate result: nan  (Index 40)[0m
Epoch: 41, Steps: 5 | Train Loss: 1.4882637 Vali Loss: nan Test Loss: 1.2860489
Validation loss decreased (nan --> nan).  Saving model ...
Updating learning rate to 1.8248003631400751e-06
Epoch: 42 cost time: 0.26981329917907715
[2023-11-14 16:59:59] [32mIntermediate result: nan  (Index 41)[0m
Epoch: 42, Steps: 5 | Train Loss: 1.4934935 Vali Loss: nan Test Loss: 1.2858809
Validation loss decreased (nan --> nan).  Saving model ...
Updating learning rate to 1.6423203268260676e-06
Epoch: 43 cost time: 0.3111538887023926
[2023-11-14 17:00:00] [32mIntermediate result: nan  (Index 42)[0m
Epoch: 43, Steps: 5 | Train Loss: 1.4918422 Vali Loss: nan Test Loss: 1.2856439
Validation loss decreased (nan --> nan).  Saving model ...
Updating learning rate to 1.4780882941434609e-06
Epoch: 44 cost time: 0.2739899158477783
[2023-11-14 17:00:01] [32mIntermediate result: nan  (Index 43)[0m
Epoch: 44, Steps: 5 | Train Loss: 1.4950902 Vali Loss: nan Test Loss: 1.2857209
Validation loss decreased (nan --> nan).  Saving model ...
Updating learning rate to 1.3302794647291146e-06
Epoch: 45 cost time: 0.2698523998260498
[2023-11-14 17:00:02] [32mIntermediate result: nan  (Index 44)[0m
Epoch: 45, Steps: 5 | Train Loss: 1.4808104 Vali Loss: nan Test Loss: 1.2854494
Validation loss decreased (nan --> nan).  Saving model ...
Updating learning rate to 1.1972515182562034e-06
Epoch: 46 cost time: 0.2712738513946533
[2023-11-14 17:00:02] [32mIntermediate result: nan  (Index 45)[0m
Epoch: 46, Steps: 5 | Train Loss: 1.4786558 Vali Loss: nan Test Loss: 1.2850460
Validation loss decreased (nan --> nan).  Saving model ...
Updating learning rate to 1.077526366430583e-06
Epoch: 47 cost time: 0.26943182945251465
[2023-11-14 17:00:03] [32mIntermediate result: nan  (Index 46)[0m
Epoch: 47, Steps: 5 | Train Loss: 1.4955622 Vali Loss: nan Test Loss: 1.2847581
Validation loss decreased (nan --> nan).  Saving model ...
Updating learning rate to 9.697737297875248e-07
Epoch: 48 cost time: 0.26773571968078613
[2023-11-14 17:00:04] [32mIntermediate result: nan  (Index 47)[0m
Epoch: 48, Steps: 5 | Train Loss: 1.5010083 Vali Loss: nan Test Loss: 1.2848148
Validation loss decreased (nan --> nan).  Saving model ...
Updating learning rate to 8.727963568087723e-07
Epoch: 49 cost time: 0.2740752696990967
[2023-11-14 17:00:04] [32mIntermediate result: nan  (Index 48)[0m
Epoch: 49, Steps: 5 | Train Loss: 1.4915056 Vali Loss: nan Test Loss: 1.2844616
Validation loss decreased (nan --> nan).  Saving model ...
Updating learning rate to 7.855167211278951e-07
Epoch: 50 cost time: 0.26916003227233887
[2023-11-14 17:00:05] [32mIntermediate result: nan  (Index 49)[0m
Epoch: 50, Steps: 5 | Train Loss: 1.5006321 Vali Loss: nan Test Loss: 1.2844003
Validation loss decreased (nan --> nan).  Saving model ...
Updating learning rate to 7.069650490151056e-07
Epoch: 51 cost time: 0.2722203731536865
[2023-11-14 17:00:06] [32mIntermediate result: nan  (Index 50)[0m
Epoch: 51, Steps: 5 | Train Loss: 1.4888241 Vali Loss: nan Test Loss: 1.2844490
Validation loss decreased (nan --> nan).  Saving model ...
Updating learning rate to 6.36268544113595e-07
Epoch: 52 cost time: 0.26964402198791504
[2023-11-14 17:00:06] [32mIntermediate result: nan  (Index 51)[0m
Epoch: 52, Steps: 5 | Train Loss: 1.4955267 Vali Loss: nan Test Loss: 1.2844014
Validation loss decreased (nan --> nan).  Saving model ...
Updating learning rate to 5.726416897022355e-07
Epoch: 53 cost time: 0.2726011276245117
[2023-11-14 17:00:07] [32mIntermediate result: nan  (Index 52)[0m
Epoch: 53, Steps: 5 | Train Loss: 1.4896222 Vali Loss: nan Test Loss: 1.2839909
Validation loss decreased (nan --> nan).  Saving model ...
Updating learning rate to 5.15377520732012e-07
Epoch: 54 cost time: 0.27393245697021484
[2023-11-14 17:00:08] [32mIntermediate result: nan  (Index 53)[0m
Epoch: 54, Steps: 5 | Train Loss: 1.4898510 Vali Loss: nan Test Loss: 1.2841905
Validation loss decreased (nan --> nan).  Saving model ...
Updating learning rate to 4.6383976865881085e-07
Epoch: 55 cost time: 0.2733650207519531
[2023-11-14 17:00:08] [32mIntermediate result: nan  (Index 54)[0m
Epoch: 55, Steps: 5 | Train Loss: 1.4804735 Vali Loss: nan Test Loss: 1.2840887
Validation loss decreased (nan --> nan).  Saving model ...
Updating learning rate to 4.174557917929298e-07
Epoch: 56 cost time: 0.26024293899536133
[2023-11-14 17:00:09] [32mIntermediate result: nan  (Index 55)[0m
Epoch: 56, Steps: 5 | Train Loss: 1.4890699 Vali Loss: nan Test Loss: 1.2838272
Validation loss decreased (nan --> nan).  Saving model ...
Updating learning rate to 3.7571021261363677e-07
Epoch: 57 cost time: 0.2837789058685303
[2023-11-14 17:00:10] [32mIntermediate result: nan  (Index 56)[0m
Epoch: 57, Steps: 5 | Train Loss: 1.4816377 Vali Loss: nan Test Loss: 1.2835959
Validation loss decreased (nan --> nan).  Saving model ...
Updating learning rate to 3.381391913522731e-07
Epoch: 58 cost time: 0.27158570289611816
[2023-11-14 17:00:11] [32mIntermediate result: nan  (Index 57)[0m
Epoch: 58, Steps: 5 | Train Loss: 1.4919184 Vali Loss: nan Test Loss: 1.2838812
Validation loss decreased (nan --> nan).  Saving model ...
Updating learning rate to 3.043252722170458e-07
Epoch: 59 cost time: 0.2743995189666748
[2023-11-14 17:00:11] [32mIntermediate result: nan  (Index 58)[0m
Epoch: 59, Steps: 5 | Train Loss: 1.4908803 Vali Loss: nan Test Loss: 1.2838103
Validation loss decreased (nan --> nan).  Saving model ...
Updating learning rate to 2.7389274499534124e-07
Epoch: 60 cost time: 0.2805640697479248
[2023-11-14 17:00:12] [32mIntermediate result: nan  (Index 59)[0m
Epoch: 60, Steps: 5 | Train Loss: 1.4978694 Vali Loss: nan Test Loss: 1.2838923
Validation loss decreased (nan --> nan).  Saving model ...
Updating learning rate to 2.465034704958071e-07
Epoch: 61 cost time: 0.28862667083740234
[2023-11-14 17:00:13] [32mIntermediate result: nan  (Index 60)[0m
Epoch: 61, Steps: 5 | Train Loss: 1.4799276 Vali Loss: nan Test Loss: 1.2843444
Validation loss decreased (nan --> nan).  Saving model ...
Updating learning rate to 2.218531234462264e-07
Epoch: 62 cost time: 0.2900581359863281
[2023-11-14 17:00:13] [32mIntermediate result: nan  (Index 61)[0m
Epoch: 62, Steps: 5 | Train Loss: 1.4813129 Vali Loss: nan Test Loss: 1.2842799
Validation loss decreased (nan --> nan).  Saving model ...
Updating learning rate to 1.9966781110160376e-07
Epoch: 63 cost time: 0.28870654106140137
[2023-11-14 17:00:14] [32mIntermediate result: nan  (Index 62)[0m
Epoch: 63, Steps: 5 | Train Loss: 1.4891246 Vali Loss: nan Test Loss: 1.2844373
Validation loss decreased (nan --> nan).  Saving model ...
Updating learning rate to 1.797010299914434e-07
Epoch: 64 cost time: 0.2914767265319824
[2023-11-14 17:00:15] [32mIntermediate result: nan  (Index 63)[0m
Epoch: 64, Steps: 5 | Train Loss: 1.4947779 Vali Loss: nan Test Loss: 1.2838835
Validation loss decreased (nan --> nan).  Saving model ...
Updating learning rate to 1.6173092699229907e-07
Epoch: 65 cost time: 0.27649879455566406
[2023-11-14 17:00:15] [32mIntermediate result: nan  (Index 64)[0m
Epoch: 65, Steps: 5 | Train Loss: 1.4968266 Vali Loss: nan Test Loss: 1.2837915
Validation loss decreased (nan --> nan).  Saving model ...
Updating learning rate to 1.4555783429306916e-07
Epoch: 66 cost time: 0.28948283195495605
[2023-11-14 17:00:16] [32mIntermediate result: nan  (Index 65)[0m
Epoch: 66, Steps: 5 | Train Loss: 1.4794205 Vali Loss: nan Test Loss: 1.2838145
Validation loss decreased (nan --> nan).  Saving model ...
Updating learning rate to 1.3100205086376224e-07
Epoch: 67 cost time: 0.2967514991760254
[2023-11-14 17:00:17] [32mIntermediate result: nan  (Index 66)[0m
Epoch: 67, Steps: 5 | Train Loss: 1.4771761 Vali Loss: nan Test Loss: 1.2834288
Validation loss decreased (nan --> nan).  Saving model ...
Updating learning rate to 1.1790184577738603e-07
Epoch: 68 cost time: 0.28694677352905273
[2023-11-14 17:00:18] [32mIntermediate result: nan  (Index 67)[0m
Epoch: 68, Steps: 5 | Train Loss: 1.4895519 Vali Loss: nan Test Loss: 1.2836287
Validation loss decreased (nan --> nan).  Saving model ...
Updating learning rate to 1.0611166119964742e-07
Epoch: 69 cost time: 0.276259183883667
[2023-11-14 17:00:18] [32mIntermediate result: nan  (Index 68)[0m
Epoch: 69, Steps: 5 | Train Loss: 1.4890620 Vali Loss: nan Test Loss: 1.2836962
Validation loss decreased (nan --> nan).  Saving model ...
Updating learning rate to 9.550049507968268e-08
Epoch: 70 cost time: 0.28075361251831055
[2023-11-14 17:00:19] [32mIntermediate result: nan  (Index 69)[0m
Epoch: 70, Steps: 5 | Train Loss: 1.4897327 Vali Loss: nan Test Loss: 1.2838362
Validation loss decreased (nan --> nan).  Saving model ...
Updating learning rate to 8.595044557171442e-08
Epoch: 71 cost time: 0.2944784164428711
[2023-11-14 17:00:20] [32mIntermediate result: nan  (Index 70)[0m
Epoch: 71, Steps: 5 | Train Loss: 1.4860193 Vali Loss: nan Test Loss: 1.2838496
Validation loss decreased (nan --> nan).  Saving model ...
Updating learning rate to 7.735540101454298e-08
Epoch: 72 cost time: 0.28147387504577637
[2023-11-14 17:00:21] [32mIntermediate result: nan  (Index 71)[0m
Epoch: 72, Steps: 5 | Train Loss: 1.4892156 Vali Loss: nan Test Loss: 1.2839199
Validation loss decreased (nan --> nan).  Saving model ...
Updating learning rate to 6.961986091308869e-08
Epoch: 73 cost time: 0.2801964282989502
[2023-11-14 17:00:21] [32mIntermediate result: nan  (Index 72)[0m
Epoch: 73, Steps: 5 | Train Loss: 1.4776810 Vali Loss: nan Test Loss: 1.2837681
Validation loss decreased (nan --> nan).  Saving model ...
Updating learning rate to 6.265787482177981e-08
Epoch: 74 cost time: 0.29041552543640137
[2023-11-14 17:00:22] [32mIntermediate result: nan  (Index 73)[0m
Epoch: 74, Steps: 5 | Train Loss: 1.4884501 Vali Loss: nan Test Loss: 1.2837349
Validation loss decreased (nan --> nan).  Saving model ...
Updating learning rate to 5.639208733960184e-08
Epoch: 75 cost time: 0.28655385971069336
[2023-11-14 17:00:23] [32mIntermediate result: nan  (Index 74)[0m
Epoch: 75, Steps: 5 | Train Loss: 1.4846801 Vali Loss: nan Test Loss: 1.2837290
Validation loss decreased (nan --> nan).  Saving model ...
Updating learning rate to 5.075287860564165e-08
Epoch: 76 cost time: 0.2785830497741699
[2023-11-14 17:00:23] [32mIntermediate result: nan  (Index 75)[0m
Epoch: 76, Steps: 5 | Train Loss: 1.4809366 Vali Loss: nan Test Loss: 1.2836844
Validation loss decreased (nan --> nan).  Saving model ...
Updating learning rate to 4.567759074507749e-08
Epoch: 77 cost time: 0.2811262607574463
[2023-11-14 17:00:24] [32mIntermediate result: nan  (Index 76)[0m
Epoch: 77, Steps: 5 | Train Loss: 1.4813916 Vali Loss: nan Test Loss: 1.2834880
Validation loss decreased (nan --> nan).  Saving model ...
Updating learning rate to 4.1109831670569744e-08
Epoch: 78 cost time: 0.28455042839050293
[2023-11-14 17:00:25] [32mIntermediate result: nan  (Index 77)[0m
Epoch: 78, Steps: 5 | Train Loss: 1.4872156 Vali Loss: nan Test Loss: 1.2834319
Validation loss decreased (nan --> nan).  Saving model ...
Updating learning rate to 3.6998848503512764e-08
Epoch: 79 cost time: 0.28354930877685547
[2023-11-14 17:00:26] [32mIntermediate result: nan  (Index 78)[0m
Epoch: 79, Steps: 5 | Train Loss: 1.4804561 Vali Loss: nan Test Loss: 1.2835191
Validation loss decreased (nan --> nan).  Saving model ...
Updating learning rate to 3.3298963653161496e-08
Epoch: 80 cost time: 0.28619384765625
[2023-11-14 17:00:26] [32mIntermediate result: nan  (Index 79)[0m
Epoch: 80, Steps: 5 | Train Loss: 1.4834323 Vali Loss: nan Test Loss: 1.2834169
Validation loss decreased (nan --> nan).  Saving model ...
Updating learning rate to 2.996906728784534e-08
Epoch: 81 cost time: 0.27228736877441406
[2023-11-14 17:00:27] [32mIntermediate result: nan  (Index 80)[0m
Epoch: 81, Steps: 5 | Train Loss: 1.4906212 Vali Loss: nan Test Loss: 1.2837939
Validation loss decreased (nan --> nan).  Saving model ...
Updating learning rate to 2.697216055906081e-08
Epoch: 82 cost time: 0.2779555320739746
[2023-11-14 17:00:28] [32mIntermediate result: nan  (Index 81)[0m
Epoch: 82, Steps: 5 | Train Loss: 1.4765768 Vali Loss: nan Test Loss: 1.2835375
Validation loss decreased (nan --> nan).  Saving model ...
Updating learning rate to 2.427494450315473e-08
Epoch: 83 cost time: 0.2827949523925781
[2023-11-14 17:00:28] [32mIntermediate result: nan  (Index 82)[0m
Epoch: 83, Steps: 5 | Train Loss: 1.4840970 Vali Loss: nan Test Loss: 1.2834409
Validation loss decreased (nan --> nan).  Saving model ...
Updating learning rate to 2.1847450052839257e-08
Epoch: 84 cost time: 0.2703278064727783
[2023-11-14 17:00:29] [32mIntermediate result: nan  (Index 83)[0m
Epoch: 84, Steps: 5 | Train Loss: 1.4785518 Vali Loss: nan Test Loss: 1.2833678
Validation loss decreased (nan --> nan).  Saving model ...
Updating learning rate to 1.9662705047555332e-08
Epoch: 85 cost time: 0.2881596088409424
[2023-11-14 17:00:30] [32mIntermediate result: nan  (Index 84)[0m
Epoch: 85, Steps: 5 | Train Loss: 1.5006100 Vali Loss: nan Test Loss: 1.2832850
Validation loss decreased (nan --> nan).  Saving model ...
Updating learning rate to 1.7696434542799797e-08
Epoch: 86 cost time: 0.2935810089111328
[2023-11-14 17:00:30] [32mIntermediate result: nan  (Index 85)[0m
Epoch: 86, Steps: 5 | Train Loss: 1.4897412 Vali Loss: nan Test Loss: 1.2832785
Validation loss decreased (nan --> nan).  Saving model ...
Updating learning rate to 1.5926791088519817e-08
Epoch: 87 cost time: 0.2854647636413574
[2023-11-14 17:00:31] [32mIntermediate result: nan  (Index 86)[0m
Epoch: 87, Steps: 5 | Train Loss: 1.4871937 Vali Loss: nan Test Loss: 1.2836989
Validation loss decreased (nan --> nan).  Saving model ...
Updating learning rate to 1.4334111979667836e-08
Epoch: 88 cost time: 0.2907884120941162
[2023-11-14 17:00:32] [32mIntermediate result: nan  (Index 87)[0m
Epoch: 88, Steps: 5 | Train Loss: 1.4887333 Vali Loss: nan Test Loss: 1.2833565
Validation loss decreased (nan --> nan).  Saving model ...
Updating learning rate to 1.2900700781701054e-08
Epoch: 89 cost time: 0.2811460494995117
[2023-11-14 17:00:33] [32mIntermediate result: nan  (Index 88)[0m
Epoch: 89, Steps: 5 | Train Loss: 1.4951123 Vali Loss: nan Test Loss: 1.2834008
Validation loss decreased (nan --> nan).  Saving model ...
Updating learning rate to 1.161063070353095e-08
Epoch: 90 cost time: 0.2924225330352783
[2023-11-14 17:00:33] [32mIntermediate result: nan  (Index 89)[0m
Epoch: 90, Steps: 5 | Train Loss: 1.4933978 Vali Loss: nan Test Loss: 1.2836103
Validation loss decreased (nan --> nan).  Saving model ...
Updating learning rate to 1.0449567633177854e-08
Epoch: 91 cost time: 0.2848021984100342
[2023-11-14 17:00:34] [32mIntermediate result: nan  (Index 90)[0m
Epoch: 91, Steps: 5 | Train Loss: 1.4898138 Vali Loss: nan Test Loss: 1.2832541
Validation loss decreased (nan --> nan).  Saving model ...
Updating learning rate to 9.404610869860069e-09
Epoch: 92 cost time: 0.3258543014526367
[2023-11-14 17:00:35] [32mIntermediate result: nan  (Index 91)[0m
Epoch: 92, Steps: 5 | Train Loss: 1.4840142 Vali Loss: nan Test Loss: 1.2834941
Validation loss decreased (nan --> nan).  Saving model ...
Updating learning rate to 8.464149782874063e-09
Epoch: 93 cost time: 0.3024024963378906
[2023-11-14 17:00:36] [32mIntermediate result: nan  (Index 92)[0m
Epoch: 93, Steps: 5 | Train Loss: 1.4883716 Vali Loss: nan Test Loss: 1.2830211
Validation loss decreased (nan --> nan).  Saving model ...
Updating learning rate to 7.617734804586658e-09
Epoch: 94 cost time: 0.2775309085845947
[2023-11-14 17:00:36] [32mIntermediate result: nan  (Index 93)[0m
Epoch: 94, Steps: 5 | Train Loss: 1.4886282 Vali Loss: nan Test Loss: 1.2834525
Validation loss decreased (nan --> nan).  Saving model ...
Updating learning rate to 6.855961324127991e-09
Epoch: 95 cost time: 0.2770354747772217
[2023-11-14 17:00:37] [32mIntermediate result: nan  (Index 94)[0m
Epoch: 95, Steps: 5 | Train Loss: 1.4974540 Vali Loss: nan Test Loss: 1.2831786
Validation loss decreased (nan --> nan).  Saving model ...
Updating learning rate to 6.170365191715193e-09
Epoch: 96 cost time: 0.2723348140716553
[2023-11-14 17:00:38] [32mIntermediate result: nan  (Index 95)[0m
Epoch: 96, Steps: 5 | Train Loss: 1.4851387 Vali Loss: nan Test Loss: 1.2832981
Validation loss decreased (nan --> nan).  Saving model ...
Updating learning rate to 5.5533286725436726e-09
Epoch: 97 cost time: 0.2757761478424072
[2023-11-14 17:00:38] [32mIntermediate result: nan  (Index 96)[0m
Epoch: 97, Steps: 5 | Train Loss: 1.4962642 Vali Loss: nan Test Loss: 1.2833744
Validation loss decreased (nan --> nan).  Saving model ...
Updating learning rate to 4.997995805289306e-09
Epoch: 98 cost time: 0.26412034034729004
[2023-11-14 17:00:39] [32mIntermediate result: nan  (Index 97)[0m
Epoch: 98, Steps: 5 | Train Loss: 1.4914788 Vali Loss: nan Test Loss: 1.2836363
Validation loss decreased (nan --> nan).  Saving model ...
Updating learning rate to 4.498196224760375e-09
Epoch: 99 cost time: 0.2720487117767334
[2023-11-14 17:00:40] [32mIntermediate result: nan  (Index 98)[0m
Epoch: 99, Steps: 5 | Train Loss: 1.4962326 Vali Loss: nan Test Loss: 1.2834324
Validation loss decreased (nan --> nan).  Saving model ...
Updating learning rate to 4.048376602284338e-09
Epoch: 100 cost time: 0.2755095958709717
[2023-11-14 17:00:40] [32mIntermediate result: nan  (Index 99)[0m
Epoch: 100, Steps: 5 | Train Loss: 1.4872579 Vali Loss: nan Test Loss: 1.2833294
Validation loss decreased (nan --> nan).  Saving model ...
Updating learning rate to 3.643538942055904e-09
[2023-11-14 17:00:41] [32mFinal result: 1.2833294[0m
>>>>>>>testing : 96_48_PatchTST_xuhao_ftS_sl96_ll48_pl48_dm16_nh4_el3_dl1_df128_fc1_ebtimeF_dtTrue_Exp_0<<<<<<<<<<<<<<<<<<<<<<<<<<<<<<<<<
test 182
mse:1.2833293676376343, mae:0.9094321131706238, rse:1.2086105346679688
