Args in experiment:
rnn_base_model = 'PatchTST_real'
Namespace(random_seed=2021, is_training=1, model_id='96_720', model='PatchTST', data='ETTh2', root_path='./dataset/', data_path='ETTh2.csv', features='M', target='OT', freq='h', checkpoints='./checkpoints/', seq_len=96, label_len=48, pred_len=720, fc_dropout=0.3, head_dropout=0.0, patch_len=94, stride=53, padding_patch='end', revin=1, affine=0, subtract_last=0, decomposition=0, kernel_size=25, individual=0, embed_type=0, enc_in=7, dec_in=7, c_out=7, d_model=16, n_heads=4, e_layers=3, d_layers=1, d_ff=128, moving_avg=25, factor=1, distil=True, dropout=0.3, embed='timeF', activation='gelu', output_attention=False, do_predict=False, num_workers=10, itr=1, train_epochs=100, batch_size=400, patience=8, learning_rate=0.0002, des='Exp', loss='mse', lradj='type3', pct_start=0.3, use_amp=False, momentum=0.9669740372386173, frequency=0.05, sampling_rate=100, use_norm=True, hidden_size=1173, exp_name='MTSF', channel_independence=False, inverse=False, class_strategy='projection', target_root_path='./data/electricity/', target_data_path='electricity.csv', efficient_training=False, partial_start_index=0, top_k=5, num_kernels=6, use_gpu=True, gpu=0, use_multi_gpu=True, devices='0,1', test_flop=False, x=5, rnn_base_model='PatchTST_real', debug=False, feature_in=1, dvices='0,1', device_ids=[0, 1])
Use GPU: cuda:0
>>>>>>>start training : 96_720_PatchTST_ETTh2_ftM_sl96_ll48_pl720_dm16_nh4_el3_dl1_df128_fc1_ebtimeF_dtTrue_Exp_0>>>>>>>>>>>>>>>>>>>>>>>>>>
train 7825
val 2161
test 2161
Epoch: 1 cost time: 6.074786424636841
[2024-04-15 17:22:51] [32mIntermediate result: 3.1098053  (Index 0)[0m
Epoch: 1, Steps: 19 | Train Loss: 1.0839187 Vali Loss: 1.3778058 Test Loss: 3.1098053
Validation loss decreased (inf --> 1.377806).  Saving model ...
Updating learning rate to 0.0002
Epoch: 2 cost time: 3.018237590789795
[2024-04-15 17:22:56] [32mIntermediate result: 3.0818331  (Index 1)[0m
Epoch: 2, Steps: 19 | Train Loss: 1.0296322 Vali Loss: 1.3206003 Test Loss: 3.0818331
Validation loss decreased (1.377806 --> 1.320600).  Saving model ...
Updating learning rate to 0.0002
Epoch: 3 cost time: 2.7897722721099854
[2024-04-15 17:23:01] [32mIntermediate result: 3.0851254  (Index 2)[0m
Epoch: 3, Steps: 19 | Train Loss: 1.0123630 Vali Loss: 1.3152686 Test Loss: 3.0851254
Validation loss decreased (1.320600 --> 1.315269).  Saving model ...
Updating learning rate to 0.0002
Epoch: 4 cost time: 2.9637224674224854
[2024-04-15 17:23:06] [32mIntermediate result: 3.061883  (Index 3)[0m
Epoch: 4, Steps: 19 | Train Loss: 1.0004595 Vali Loss: 1.3048406 Test Loss: 3.0618830
Validation loss decreased (1.315269 --> 1.304841).  Saving model ...
Updating learning rate to 0.00018
Epoch: 5 cost time: 2.9381699562072754
[2024-04-15 17:23:10] [32mIntermediate result: 3.0596194  (Index 4)[0m
Epoch: 5, Steps: 19 | Train Loss: 0.9974078 Vali Loss: 1.3036711 Test Loss: 3.0596194
Validation loss decreased (1.304841 --> 1.303671).  Saving model ...
Updating learning rate to 0.000162
Epoch: 6 cost time: 2.919525384902954
[2024-04-15 17:23:15] [32mIntermediate result: 3.0543034  (Index 5)[0m
Epoch: 6, Steps: 19 | Train Loss: 0.9950612 Vali Loss: 1.2926506 Test Loss: 3.0543034
Validation loss decreased (1.303671 --> 1.292651).  Saving model ...
Updating learning rate to 0.00014580000000000002
Epoch: 7 cost time: 2.914358377456665
[2024-04-15 17:23:20] [32mIntermediate result: 3.0521092  (Index 6)[0m
Epoch: 7, Steps: 19 | Train Loss: 0.9909860 Vali Loss: 1.2999477 Test Loss: 3.0521092
EarlyStopping counter: 1 out of 8
Updating learning rate to 0.00013122
Epoch: 8 cost time: 2.98532772064209
