Args in experiment:
rnn_base_model = 'UMixer'
Namespace(random_seed=2021, is_training=1, model_id='96_96', model='PatchTST', data='ETTm2', root_path='./dataset/', data_path='ETTm2.csv', features='M', target='OT', freq='h', checkpoints='./checkpoints/', seq_len=96, label_len=48, pred_len=96, fc_dropout=0.2, head_dropout=0.0, patch_len=96, stride=53, padding_patch='end', revin=1, affine=0, subtract_last=0, decomposition=0, kernel_size=25, individual=0, embed_type=0, enc_in=7, dec_in=7, c_out=7, d_model=128, n_heads=16, e_layers=3, d_layers=1, d_ff=256, moving_avg=25, factor=1, distil=True, dropout=0.2, embed='timeF', activation='gelu', output_attention=False, do_predict=False, num_workers=10, itr=1, train_epochs=100, batch_size=1000, patience=8, learning_rate=0.00549, des='Exp', loss='mse', lradj='TST', pct_start=0.4, use_amp=False, momentum=0.9669740372386173, frequency=0.05, sampling_rate=100, use_norm=True, hidden_size=353, exp_name='MTSF', channel_independence=False, inverse=False, class_strategy='projection', target_root_path='./data/electricity/', target_data_path='electricity.csv', efficient_training=False, partial_start_index=0, top_k=5, num_kernels=6, use_gpu=True, gpu=0, use_multi_gpu=True, devices='0,1', test_flop=False, x=5, patch_embbeding=4, rnn_base_model='UMixer', debug=False, feature_in=1, dvices='0,1', device_ids=[0, 1])
Use GPU: cuda:0
>>>>>>>start training : 96_96_PatchTST_ETTm2_ftM_sl96_ll48_pl96_dm128_nh16_el3_dl1_df256_fc1_ebtimeF_dtTrue_Exp_0>>>>>>>>>>>>>>>>>>>>>>>>>>
train 34369
val 11425
test 11425
Epoch: 1 cost time: 191.49714708328247
[2024-03-25 15:20:08] [32mIntermediate result: 0.19476604  (Index 0)[0m
Epoch: 1, Steps: 34 | Train Loss: 0.2685672 Vali Loss: 0.1337915 Test Loss: 0.1947660
Validation loss decreased (inf --> 0.133791).  Saving model ...
Updating learning rate to 0.00022773539541651178
Epoch: 2 cost time: 190.32195782661438
[2024-03-25 15:24:08] [32mIntermediate result: 0.18894023  (Index 1)[0m
Epoch: 2, Steps: 34 | Train Loss: 0.2426544 Vali Loss: 0.1342382 Test Loss: 0.1889402
EarlyStopping counter: 1 out of 8
Updating learning rate to 0.00025209135044368305
Epoch: 3 cost time: 190.02665257453918
[2024-03-25 15:28:07] [32mIntermediate result: 0.18672551  (Index 2)[0m
Epoch: 3, Steps: 34 | Train Loss: 0.2342843 Vali Loss: 0.1331294 Test Loss: 0.1867255
Validation loss decreased (0.133791 --> 0.133129).  Saving model ...
Updating learning rate to 0.0002925174815623212
Epoch: 4 cost time: 190.65197801589966
[2024-03-25 15:32:08] [32mIntermediate result: 0.18725456  (Index 3)[0m
Epoch: 4, Steps: 34 | Train Loss: 0.2300097 Vali Loss: 0.1345576 Test Loss: 0.1872546
EarlyStopping counter: 1 out of 8
Updating learning rate to 0.0003487641814850749
Epoch: 5 cost time: 190.45949912071228
[2024-03-25 15:36:08] [32mIntermediate result: 0.1851361  (Index 4)[0m
Epoch: 5, Steps: 34 | Train Loss: 0.2278792 Vali Loss: 0.1331549 Test Loss: 0.1851361
EarlyStopping counter: 2 out of 8
Updating learning rate to 0.0004204841603328126
Epoch: 6 cost time: 194.64041590690613
[2024-03-25 15:40:13] [32mIntermediate result: 0.18532549  (Index 5)[0m
Epoch: 6, Steps: 34 | Train Loss: 0.2240159 Vali Loss: 0.1342469 Test Loss: 0.1853255
EarlyStopping counter: 3 out of 8
Updating learning rate to 0.0005072345899428225
Epoch: 7 cost time: 194.82287430763245
[2024-03-25 15:44:37] [32mIntermediate result: 0.18856935  (Index 6)[0m
Epoch: 7, Steps: 34 | Train Loss: 0.2226553 Vali Loss: 0.1358489 Test Loss: 0.1885694
EarlyStopping counter: 4 out of 8
Updating learning rate to 0.0006084798380690277
Epoch: 8 cost time: 257.40543723106384
[2024-03-25 15:49:59] [32mIntermediate result: 0.18740799  (Index 7)[0m
Epoch: 8, Steps: 34 | Train Loss: 0.2213953 Vali Loss: 0.1350344 Test Loss: 0.1874080
EarlyStopping counter: 5 out of 8
Updating learning rate to 0.0007235947755921592
Epoch: 9 cost time: 190.549498796463
[2024-03-25 15:54:00] [32mIntermediate result: 0.190181  (Index 8)[0m
Epoch: 9, Steps: 34 | Train Loss: 0.2186307 Vali Loss: 0.1348840 Test Loss: 0.1901810
EarlyStopping counter: 6 out of 8
Updating learning rate to 0.0008518686363198228
Epoch: 10 cost time: 255.3221447467804
[2024-03-25 15:59:23] [32mIntermediate result: 0.18622975  (Index 9)[0m
Epoch: 10, Steps: 34 | Train Loss: 0.2174712 Vali Loss: 0.1332367 Test Loss: 0.1862298
EarlyStopping counter: 7 out of 8
Updating learning rate to 0.0009925094055445024
Epoch: 11 cost time: 257.1110260486603
[2024-03-25 16:04:49] [32mIntermediate result: 0.18691863  (Index 10)[0m
Epoch: 11, Steps: 34 | Train Loss: 0.2160733 Vali Loss: 0.1332603 Test Loss: 0.1869186
EarlyStopping counter: 8 out of 8
Early stopping
>>>>>>>testing : 96_96_PatchTST_ETTm2_ftM_sl96_ll48_pl96_dm128_nh16_el3_dl1_df256_fc1_ebtimeF_dtTrue_Exp_0<<<<<<<<<<<<<<<<<<<<<<<<<<<<<<<<<
test 11425
mse:0.18672548234462738, mae:0.2674087882041931, rse:0.3470263183116913
[2024-03-25 16:05:28] [32mFinal result: 0.18672548[0m
