Args in experiment:
Namespace(random_seed=2021, is_training=1, model_id='336_192', model='PatchTST', data='ETTh1', root_path='./dataset/', data_path='ETTh1.csv', features='M', target='OT', freq='h', checkpoints='./checkpoints/', seq_len=336, label_len=48, pred_len=192, fc_dropout=0.3, head_dropout=0.0, patch_len=16, stride=8, padding_patch='end', revin=1, affine=0, subtract_last=0, decomposition=0, kernel_size=25, individual=0, embed_type=0, enc_in=7, dec_in=7, c_out=7, d_model=16, n_heads=4, e_layers=3, d_layers=1, d_ff=128, moving_avg=25, factor=1, distil=True, dropout=0.3, embed='timeF', activation='gelu', output_attention=False, do_predict=False, num_workers=10, itr=1, train_epochs=100, batch_size=128, patience=100, learning_rate=0.0001, des='Exp', loss='mse', lradj='type3', pct_start=0.3, use_amp=False, momentum=0.9, use_gpu=True, gpu=0, use_multi_gpu=False, devices='0,1', test_flop=False)
Use GPU: cuda:0
{'learning_rate': 0.0001, 'momentum': 0.9, 'e_layers': 3, 'n_heads': 4, 'd_model': 16, 'd_ff': 128, 'dropout': 0.3, 'fc_dropout': 0.3, 'head_dropout': 0, 'batch_size': 128}
>>>>>>>start training : 336_192_PatchTST_ETTh1_ftM_sl336_ll48_pl192_dm16_nh4_el3_dl1_df128_fc1_ebtimeF_dtTrue_Exp_0>>>>>>>>>>>>>>>>>>>>>>>>>>
train 8113
val 2689
test 2689
Epoch: 1 cost time: 1.670243263244629
[2023-11-19 15:24:05] [32mIntermediate result: 1.5944971  (Index 0)[0m
Epoch: 1, Steps: 63 | Train Loss: 0.7658911 Vali Loss: 1.5944971 Test Loss: 0.8054579
Validation loss decreased (inf --> 1.594497).  Saving model ...
Updating learning rate to 0.0001
Epoch: 2 cost time: 1.691565990447998
[2023-11-19 15:24:07] [32mIntermediate result: 1.1055218  (Index 1)[0m
Epoch: 2, Steps: 63 | Train Loss: 0.6120990 Vali Loss: 1.1055218 Test Loss: 0.5063034
Validation loss decreased (1.594497 --> 1.105522).  Saving model ...
Updating learning rate to 0.0001
Epoch: 3 cost time: 1.7085793018341064
[2023-11-19 15:24:10] [32mIntermediate result: 1.0099293  (Index 2)[0m
Epoch: 3, Steps: 63 | Train Loss: 0.5059515 Vali Loss: 1.0099293 Test Loss: 0.4616675
Validation loss decreased (1.105522 --> 1.009929).  Saving model ...
Updating learning rate to 0.0001
Epoch: 4 cost time: 1.649418830871582
[2023-11-19 15:24:12] [32mIntermediate result: 0.96766263  (Index 3)[0m
Epoch: 4, Steps: 63 | Train Loss: 0.4711258 Vali Loss: 0.9676626 Test Loss: 0.4447890
Validation loss decreased (1.009929 --> 0.967663).  Saving model ...
Updating learning rate to 9e-05
Epoch: 5 cost time: 1.6374907493591309
[2023-11-19 15:24:15] [32mIntermediate result: 0.9493604  (Index 4)[0m
Epoch: 5, Steps: 63 | Train Loss: 0.4520452 Vali Loss: 0.9493604 Test Loss: 0.4351174
Validation loss decreased (0.967663 --> 0.949360).  Saving model ...
Updating learning rate to 8.1e-05
Epoch: 6 cost time: 1.6949801445007324
[2023-11-19 15:24:18] [32mIntermediate result: 0.941108  (Index 5)[0m
Epoch: 6, Steps: 63 | Train Loss: 0.4417212 Vali Loss: 0.9411080 Test Loss: 0.4292192
Validation loss decreased (0.949360 --> 0.941108).  Saving model ...
Updating learning rate to 7.290000000000001e-05
Epoch: 7 cost time: 1.6350209712982178
[2023-11-19 15:24:20] [32mIntermediate result: 0.9376883  (Index 6)[0m
Epoch: 7, Steps: 63 | Train Loss: 0.4348481 Vali Loss: 0.9376883 Test Loss: 0.4253317
Validation loss decreased (0.941108 --> 0.937688).  Saving model ...
Updating learning rate to 6.561e-05
Epoch: 8 cost time: 1.6364362239837646
[2023-11-19 15:24:23] [32mIntermediate result: 0.93374324  (Index 7)[0m
Epoch: 8, Steps: 63 | Train Loss: 0.4299986 Vali Loss: 0.9337432 Test Loss: 0.4226142
Validation loss decreased (0.937688 --> 0.933743).  Saving model ...
Updating learning rate to 5.904900000000001e-05
Epoch: 9 cost time: 1.7202281951904297
[2023-11-19 15:24:25] [32mIntermediate result: 0.93195164  (Index 8)[0m
Epoch: 9, Steps: 63 | Train Loss: 0.4275991 Vali Loss: 0.9319516 Test Loss: 0.4209432
Validation loss decreased (0.933743 --> 0.931952).  Saving model ...
Updating learning rate to 5.3144100000000005e-05
Epoch: 10 cost time: 1.7416081428527832
[2023-11-19 15:24:28] [32mIntermediate result: 0.9322319  (Index 9)[0m
Epoch: 10, Steps: 63 | Train Loss: 0.4248483 Vali Loss: 0.9322319 Test Loss: 0.4191727
EarlyStopping counter: 1 out of 100
Updating learning rate to 4.782969000000001e-05
Epoch: 11 cost time: 1.7512414455413818
[2023-11-19 15:24:31] [32mIntermediate result: 0.93022716  (Index 10)[0m
Epoch: 11, Steps: 63 | Train Loss: 0.4234788 Vali Loss: 0.9302272 Test Loss: 0.4181983
Validation loss decreased (0.931952 --> 0.930227).  Saving model ...
Updating learning rate to 4.304672100000001e-05
Epoch: 12 cost time: 1.6378397941589355
[2023-11-19 15:24:33] [32mIntermediate result: 0.92780393  (Index 11)[0m
Epoch: 12, Steps: 63 | Train Loss: 0.4214501 Vali Loss: 0.9278039 Test Loss: 0.4172120
Validation loss decreased (0.930227 --> 0.927804).  Saving model ...
Updating learning rate to 3.874204890000001e-05
Epoch: 13 cost time: 1.63600754737854
[2023-11-19 15:24:36] [32mIntermediate result: 0.9281114  (Index 12)[0m
Epoch: 13, Steps: 63 | Train Loss: 0.4203436 Vali Loss: 0.9281114 Test Loss: 0.4166381
EarlyStopping counter: 1 out of 100
Updating learning rate to 3.486784401000001e-05
Epoch: 14 cost time: 1.7094924449920654
[2023-11-19 15:24:39] [32mIntermediate result: 0.9274408  (Index 13)[0m
Epoch: 14, Steps: 63 | Train Loss: 0.4191360 Vali Loss: 0.9274408 Test Loss: 0.4162923
Validation loss decreased (0.927804 --> 0.927441).  Saving model ...
Updating learning rate to 3.138105960900001e-05
Epoch: 15 cost time: 1.6525661945343018
[2023-11-19 15:24:41] [32mIntermediate result: 0.9267599  (Index 14)[0m
Epoch: 15, Steps: 63 | Train Loss: 0.4181957 Vali Loss: 0.9267599 Test Loss: 0.4157075
Validation loss decreased (0.927441 --> 0.926760).  Saving model ...
Updating learning rate to 2.824295364810001e-05
Epoch: 16 cost time: 1.7968649864196777
[2023-11-19 15:24:44] [32mIntermediate result: 0.9277724  (Index 15)[0m
Epoch: 16, Steps: 63 | Train Loss: 0.4179296 Vali Loss: 0.9277724 Test Loss: 0.4154596
EarlyStopping counter: 1 out of 100
Updating learning rate to 2.541865828329001e-05
Epoch: 17 cost time: 1.6447069644927979
[2023-11-19 15:24:46] [32mIntermediate result: 0.9272847  (Index 16)[0m
Epoch: 17, Steps: 63 | Train Loss: 0.4175417 Vali Loss: 0.9272847 Test Loss: 0.4152406
EarlyStopping counter: 2 out of 100
Updating learning rate to 2.287679245496101e-05
Epoch: 18 cost time: 1.6412715911865234
[2023-11-19 15:24:49] [32mIntermediate result: 0.9271386  (Index 17)[0m
Epoch: 18, Steps: 63 | Train Loss: 0.4168229 Vali Loss: 0.9271386 Test Loss: 0.4148644
EarlyStopping counter: 3 out of 100
Updating learning rate to 2.0589113209464907e-05
Epoch: 19 cost time: 1.6950440406799316
[2023-11-19 15:24:52] [32mIntermediate result: 0.92633784  (Index 18)[0m
Epoch: 19, Steps: 63 | Train Loss: 0.4161000 Vali Loss: 0.9263378 Test Loss: 0.4146863
Validation loss decreased (0.926760 --> 0.926338).  Saving model ...
Updating learning rate to 1.8530201888518416e-05
Epoch: 20 cost time: 1.7057571411132812
[2023-11-19 15:24:54] [32mIntermediate result: 0.92588186  (Index 19)[0m
Epoch: 20, Steps: 63 | Train Loss: 0.4151078 Vali Loss: 0.9258819 Test Loss: 0.4146031
Validation loss decreased (0.926338 --> 0.925882).  Saving model ...
Updating learning rate to 1.6677181699666577e-05
Epoch: 21 cost time: 1.6480798721313477
[2023-11-19 15:24:57] [32mIntermediate result: 0.92663485  (Index 20)[0m
Epoch: 21, Steps: 63 | Train Loss: 0.4152932 Vali Loss: 0.9266348 Test Loss: 0.4145522
EarlyStopping counter: 1 out of 100
Updating learning rate to 1.5009463529699919e-05
Epoch: 22 cost time: 1.730494499206543
[2023-11-19 15:24:59] [32mIntermediate result: 0.92650294  (Index 21)[0m
Epoch: 22, Steps: 63 | Train Loss: 0.4152218 Vali Loss: 0.9265029 Test Loss: 0.4144317
EarlyStopping counter: 2 out of 100
Updating learning rate to 1.3508517176729929e-05
Epoch: 23 cost time: 1.6449227333068848
[2023-11-19 15:25:02] [32mIntermediate result: 0.9264507  (Index 22)[0m
Epoch: 23, Steps: 63 | Train Loss: 0.4149009 Vali Loss: 0.9264507 Test Loss: 0.4142869
EarlyStopping counter: 3 out of 100
Updating learning rate to 1.2157665459056936e-05
Epoch: 24 cost time: 1.794163465499878
[2023-11-19 15:25:05] [32mIntermediate result: 0.92619216  (Index 23)[0m
Epoch: 24, Steps: 63 | Train Loss: 0.4140119 Vali Loss: 0.9261922 Test Loss: 0.4142209
EarlyStopping counter: 4 out of 100
Updating learning rate to 1.0941898913151242e-05
Epoch: 25 cost time: 1.6625101566314697
[2023-11-19 15:25:07] [32mIntermediate result: 0.92611796  (Index 24)[0m
Epoch: 25, Steps: 63 | Train Loss: 0.4142283 Vali Loss: 0.9261180 Test Loss: 0.4141079
EarlyStopping counter: 5 out of 100
Updating learning rate to 9.847709021836118e-06
Epoch: 26 cost time: 1.6568934917449951
[2023-11-19 15:25:10] [32mIntermediate result: 0.92639667  (Index 25)[0m
Epoch: 26, Steps: 63 | Train Loss: 0.4141579 Vali Loss: 0.9263967 Test Loss: 0.4141568
EarlyStopping counter: 6 out of 100
Updating learning rate to 8.862938119652508e-06
Epoch: 27 cost time: 1.6398496627807617
[2023-11-19 15:25:13] [32mIntermediate result: 0.92637473  (Index 26)[0m
Epoch: 27, Steps: 63 | Train Loss: 0.4136904 Vali Loss: 0.9263747 Test Loss: 0.4140464
EarlyStopping counter: 7 out of 100
Updating learning rate to 7.976644307687255e-06
Epoch: 28 cost time: 1.7617411613464355
[2023-11-19 15:25:15] [32mIntermediate result: 0.9260998  (Index 27)[0m
Epoch: 28, Steps: 63 | Train Loss: 0.4135622 Vali Loss: 0.9260998 Test Loss: 0.4140385
EarlyStopping counter: 8 out of 100
Updating learning rate to 7.178979876918531e-06
Epoch: 29 cost time: 1.7445425987243652
[2023-11-19 15:25:18] [32mIntermediate result: 0.925929  (Index 28)[0m
Epoch: 29, Steps: 63 | Train Loss: 0.4132456 Vali Loss: 0.9259290 Test Loss: 0.4140527
EarlyStopping counter: 9 out of 100
Updating learning rate to 6.4610818892266776e-06
Epoch: 30 cost time: 1.7021136283874512
[2023-11-19 15:25:21] [32mIntermediate result: 0.9265218  (Index 29)[0m
Epoch: 30, Steps: 63 | Train Loss: 0.4132616 Vali Loss: 0.9265218 Test Loss: 0.4139966
EarlyStopping counter: 10 out of 100
Updating learning rate to 5.8149737003040096e-06
Epoch: 31 cost time: 1.662548303604126
[2023-11-19 15:25:23] [32mIntermediate result: 0.9256728  (Index 30)[0m
Epoch: 31, Steps: 63 | Train Loss: 0.4129311 Vali Loss: 0.9256728 Test Loss: 0.4139624
Validation loss decreased (0.925882 --> 0.925673).  Saving model ...
Updating learning rate to 5.23347633027361e-06
Epoch: 32 cost time: 1.8358962535858154
[2023-11-19 15:25:26] [32mIntermediate result: 0.92657155  (Index 31)[0m
Epoch: 32, Steps: 63 | Train Loss: 0.4129357 Vali Loss: 0.9265715 Test Loss: 0.4139430
EarlyStopping counter: 1 out of 100
Updating learning rate to 4.710128697246249e-06
Epoch: 33 cost time: 1.6754119396209717
[2023-11-19 15:25:29] [32mIntermediate result: 0.92555463  (Index 32)[0m
Epoch: 33, Steps: 63 | Train Loss: 0.4128840 Vali Loss: 0.9255546 Test Loss: 0.4138907
Validation loss decreased (0.925673 --> 0.925555).  Saving model ...
Updating learning rate to 4.239115827521624e-06
Epoch: 34 cost time: 1.7583930492401123
[2023-11-19 15:25:31] [32mIntermediate result: 0.92640585  (Index 33)[0m
Epoch: 34, Steps: 63 | Train Loss: 0.4130783 Vali Loss: 0.9264058 Test Loss: 0.4138590
EarlyStopping counter: 1 out of 100
Updating learning rate to 3.815204244769462e-06
Epoch: 35 cost time: 1.6433489322662354
[2023-11-19 15:25:34] [32mIntermediate result: 0.92616653  (Index 34)[0m
Epoch: 35, Steps: 63 | Train Loss: 0.4126131 Vali Loss: 0.9261665 Test Loss: 0.4138261
EarlyStopping counter: 2 out of 100
Updating learning rate to 3.4336838202925152e-06
Epoch: 36 cost time: 1.6817469596862793
[2023-11-19 15:25:36] [32mIntermediate result: 0.9256916  (Index 35)[0m
Epoch: 36, Steps: 63 | Train Loss: 0.4123367 Vali Loss: 0.9256916 Test Loss: 0.4138696
EarlyStopping counter: 3 out of 100
Updating learning rate to 3.090315438263264e-06
Epoch: 37 cost time: 1.6782445907592773
[2023-11-19 15:25:39] [32mIntermediate result: 0.92608804  (Index 36)[0m
Epoch: 37, Steps: 63 | Train Loss: 0.4124012 Vali Loss: 0.9260880 Test Loss: 0.4137932
EarlyStopping counter: 4 out of 100
Updating learning rate to 2.7812838944369375e-06
Epoch: 38 cost time: 1.7508306503295898
[2023-11-19 15:25:42] [32mIntermediate result: 0.92596316  (Index 37)[0m
Epoch: 38, Steps: 63 | Train Loss: 0.4123437 Vali Loss: 0.9259632 Test Loss: 0.4137654
EarlyStopping counter: 5 out of 100
Updating learning rate to 2.503155504993244e-06
Epoch: 39 cost time: 1.7366814613342285
[2023-11-19 15:25:44] [32mIntermediate result: 0.92543846  (Index 38)[0m
Epoch: 39, Steps: 63 | Train Loss: 0.4120814 Vali Loss: 0.9254385 Test Loss: 0.4137703
Validation loss decreased (0.925555 --> 0.925438).  Saving model ...
Updating learning rate to 2.2528399544939195e-06
Epoch: 40 cost time: 1.6991689205169678
[2023-11-19 15:25:47] [32mIntermediate result: 0.926067  (Index 39)[0m
Epoch: 40, Steps: 63 | Train Loss: 0.4126033 Vali Loss: 0.9260670 Test Loss: 0.4137951
EarlyStopping counter: 1 out of 100
Updating learning rate to 2.0275559590445276e-06
Epoch: 41 cost time: 1.6951215267181396
[2023-11-19 15:25:50] [32mIntermediate result: 0.9255191  (Index 40)[0m
Epoch: 41, Steps: 63 | Train Loss: 0.4129412 Vali Loss: 0.9255191 Test Loss: 0.4137449
EarlyStopping counter: 2 out of 100
Updating learning rate to 1.8248003631400751e-06
Epoch: 42 cost time: 1.7904560565948486
[2023-11-19 15:25:52] [32mIntermediate result: 0.92576844  (Index 41)[0m
Epoch: 42, Steps: 63 | Train Loss: 0.4126585 Vali Loss: 0.9257684 Test Loss: 0.4137807
EarlyStopping counter: 3 out of 100
Updating learning rate to 1.6423203268260676e-06
Epoch: 43 cost time: 1.6437382698059082
[2023-11-19 15:25:55] [32mIntermediate result: 0.92560434  (Index 42)[0m
Epoch: 43, Steps: 63 | Train Loss: 0.4126229 Vali Loss: 0.9256043 Test Loss: 0.4136997
EarlyStopping counter: 4 out of 100
Updating learning rate to 1.4780882941434609e-06
Epoch: 44 cost time: 1.6441214084625244
[2023-11-19 15:25:57] [32mIntermediate result: 0.92617345  (Index 43)[0m
Epoch: 44, Steps: 63 | Train Loss: 0.4125922 Vali Loss: 0.9261734 Test Loss: 0.4137578
EarlyStopping counter: 5 out of 100
Updating learning rate to 1.3302794647291146e-06
Epoch: 45 cost time: 1.7096195220947266
[2023-11-19 15:26:00] [32mIntermediate result: 0.92595726  (Index 44)[0m
Epoch: 45, Steps: 63 | Train Loss: 0.4121638 Vali Loss: 0.9259573 Test Loss: 0.4137143
EarlyStopping counter: 6 out of 100
Updating learning rate to 1.1972515182562034e-06
Epoch: 46 cost time: 1.6418049335479736
[2023-11-19 15:26:03] [32mIntermediate result: 0.9255038  (Index 45)[0m
Epoch: 46, Steps: 63 | Train Loss: 0.4116659 Vali Loss: 0.9255038 Test Loss: 0.4137220
EarlyStopping counter: 7 out of 100
Updating learning rate to 1.077526366430583e-06
Epoch: 47 cost time: 1.6267497539520264
[2023-11-19 15:26:05] [32mIntermediate result: 0.92557454  (Index 46)[0m
Epoch: 47, Steps: 63 | Train Loss: 0.4124219 Vali Loss: 0.9255745 Test Loss: 0.4137294
EarlyStopping counter: 8 out of 100
Updating learning rate to 9.697737297875248e-07
Epoch: 48 cost time: 1.7881784439086914
[2023-11-19 15:26:08] [32mIntermediate result: 0.9258423  (Index 47)[0m
Epoch: 48, Steps: 63 | Train Loss: 0.4121066 Vali Loss: 0.9258423 Test Loss: 0.4137006
EarlyStopping counter: 9 out of 100
Updating learning rate to 8.727963568087723e-07
Epoch: 49 cost time: 1.6394476890563965
[2023-11-19 15:26:10] [32mIntermediate result: 0.92590487  (Index 48)[0m
Epoch: 49, Steps: 63 | Train Loss: 0.4124532 Vali Loss: 0.9259049 Test Loss: 0.4137146
EarlyStopping counter: 10 out of 100
Updating learning rate to 7.855167211278951e-07
Epoch: 50 cost time: 1.645747184753418
[2023-11-19 15:26:13] [32mIntermediate result: 0.92600685  (Index 49)[0m
Epoch: 50, Steps: 63 | Train Loss: 0.4120193 Vali Loss: 0.9260069 Test Loss: 0.4137512
EarlyStopping counter: 11 out of 100
Updating learning rate to 7.069650490151056e-07
Epoch: 51 cost time: 1.6742467880249023
[2023-11-19 15:26:16] [32mIntermediate result: 0.9261596  (Index 50)[0m
Epoch: 51, Steps: 63 | Train Loss: 0.4117440 Vali Loss: 0.9261596 Test Loss: 0.4137023
EarlyStopping counter: 12 out of 100
Updating learning rate to 6.36268544113595e-07
Epoch: 52 cost time: 1.7491786479949951
[2023-11-19 15:26:18] [32mIntermediate result: 0.92597026  (Index 51)[0m
Epoch: 52, Steps: 63 | Train Loss: 0.4125104 Vali Loss: 0.9259703 Test Loss: 0.4137311
EarlyStopping counter: 13 out of 100
Updating learning rate to 5.726416897022355e-07
Epoch: 53 cost time: 1.663102388381958
[2023-11-19 15:26:21] [32mIntermediate result: 0.9255834  (Index 52)[0m
Epoch: 53, Steps: 63 | Train Loss: 0.4123773 Vali Loss: 0.9255834 Test Loss: 0.4136894
EarlyStopping counter: 14 out of 100
Updating learning rate to 5.15377520732012e-07
Epoch: 54 cost time: 1.631258249282837
[2023-11-19 15:26:23] [32mIntermediate result: 0.9259787  (Index 53)[0m
Epoch: 54, Steps: 63 | Train Loss: 0.4122749 Vali Loss: 0.9259787 Test Loss: 0.4137589
EarlyStopping counter: 15 out of 100
Updating learning rate to 4.6383976865881085e-07
Epoch: 55 cost time: 1.7835795879364014
[2023-11-19 15:26:26] [32mIntermediate result: 0.9260746  (Index 54)[0m
Epoch: 55, Steps: 63 | Train Loss: 0.4119591 Vali Loss: 0.9260746 Test Loss: 0.4136837
EarlyStopping counter: 16 out of 100
Updating learning rate to 4.174557917929298e-07
Epoch: 56 cost time: 1.6448144912719727
[2023-11-19 15:26:29] [32mIntermediate result: 0.9256947  (Index 55)[0m
Epoch: 56, Steps: 63 | Train Loss: 0.4121017 Vali Loss: 0.9256947 Test Loss: 0.4136644
EarlyStopping counter: 17 out of 100
Updating learning rate to 3.7571021261363677e-07
Epoch: 57 cost time: 1.6357195377349854
[2023-11-19 15:26:31] [32mIntermediate result: 0.92606914  (Index 56)[0m
Epoch: 57, Steps: 63 | Train Loss: 0.4118495 Vali Loss: 0.9260691 Test Loss: 0.4137272
EarlyStopping counter: 18 out of 100
Updating learning rate to 3.381391913522731e-07
Epoch: 58 cost time: 1.6607580184936523
[2023-11-19 15:26:34] [32mIntermediate result: 0.92562056  (Index 57)[0m
Epoch: 58, Steps: 63 | Train Loss: 0.4119359 Vali Loss: 0.9256206 Test Loss: 0.4136689
EarlyStopping counter: 19 out of 100
Updating learning rate to 3.043252722170458e-07
Epoch: 59 cost time: 1.7154905796051025
[2023-11-19 15:26:36] [32mIntermediate result: 0.9261807  (Index 58)[0m
Epoch: 59, Steps: 63 | Train Loss: 0.4123644 Vali Loss: 0.9261807 Test Loss: 0.4136841
EarlyStopping counter: 20 out of 100
Updating learning rate to 2.7389274499534124e-07
Epoch: 60 cost time: 1.7969539165496826
[2023-11-19 15:26:39] [32mIntermediate result: 0.9260203  (Index 59)[0m
Epoch: 60, Steps: 63 | Train Loss: 0.4125569 Vali Loss: 0.9260203 Test Loss: 0.4136175
EarlyStopping counter: 21 out of 100
Updating learning rate to 2.465034704958071e-07
Epoch: 61 cost time: 1.6491403579711914
[2023-11-19 15:26:42] [32mIntermediate result: 0.9257625  (Index 60)[0m
Epoch: 61, Steps: 63 | Train Loss: 0.4120075 Vali Loss: 0.9257625 Test Loss: 0.4137088
EarlyStopping counter: 22 out of 100
Updating learning rate to 2.218531234462264e-07
Epoch: 62 cost time: 1.6534368991851807
[2023-11-19 15:26:44] [32mIntermediate result: 0.9256608  (Index 61)[0m
Epoch: 62, Steps: 63 | Train Loss: 0.4120264 Vali Loss: 0.9256608 Test Loss: 0.4136928
EarlyStopping counter: 23 out of 100
Updating learning rate to 1.9966781110160376e-07
Epoch: 63 cost time: 1.7043790817260742
[2023-11-19 15:26:47] [32mIntermediate result: 0.9260478  (Index 62)[0m
Epoch: 63, Steps: 63 | Train Loss: 0.4124050 Vali Loss: 0.9260478 Test Loss: 0.4136863
EarlyStopping counter: 24 out of 100
Updating learning rate to 1.797010299914434e-07
Epoch: 64 cost time: 1.6548044681549072
[2023-11-19 15:26:50] [32mIntermediate result: 0.92517  (Index 63)[0m
Epoch: 64, Steps: 63 | Train Loss: 0.4120841 Vali Loss: 0.9251700 Test Loss: 0.4136941
Validation loss decreased (0.925438 --> 0.925170).  Saving model ...
Updating learning rate to 1.6173092699229907e-07
Epoch: 65 cost time: 1.7893292903900146
[2023-11-19 15:26:52] [32mIntermediate result: 0.92549914  (Index 64)[0m
Epoch: 65, Steps: 63 | Train Loss: 0.4120204 Vali Loss: 0.9254991 Test Loss: 0.4136879
EarlyStopping counter: 1 out of 100
Updating learning rate to 1.4555783429306916e-07
Epoch: 66 cost time: 1.6377532482147217
[2023-11-19 15:26:55] [32mIntermediate result: 0.9260564  (Index 65)[0m
Epoch: 66, Steps: 63 | Train Loss: 0.4125505 Vali Loss: 0.9260564 Test Loss: 0.4136446
EarlyStopping counter: 2 out of 100
Updating learning rate to 1.3100205086376224e-07
Epoch: 67 cost time: 1.6675751209259033
[2023-11-19 15:26:57] [32mIntermediate result: 0.92551404  (Index 66)[0m
Epoch: 67, Steps: 63 | Train Loss: 0.4122444 Vali Loss: 0.9255140 Test Loss: 0.4136612
EarlyStopping counter: 3 out of 100
Updating learning rate to 1.1790184577738603e-07
Epoch: 68 cost time: 1.7508115768432617
[2023-11-19 15:27:00] [32mIntermediate result: 0.92606324  (Index 67)[0m
Epoch: 68, Steps: 63 | Train Loss: 0.4122022 Vali Loss: 0.9260632 Test Loss: 0.4136634
EarlyStopping counter: 4 out of 100
Updating learning rate to 1.0611166119964742e-07
Epoch: 69 cost time: 1.6326313018798828
[2023-11-19 15:27:03] [32mIntermediate result: 0.92595863  (Index 68)[0m
Epoch: 69, Steps: 63 | Train Loss: 0.4121474 Vali Loss: 0.9259586 Test Loss: 0.4136227
EarlyStopping counter: 5 out of 100
Updating learning rate to 9.550049507968268e-08
Epoch: 70 cost time: 1.6924073696136475
[2023-11-19 15:27:05] [32mIntermediate result: 0.9257271  (Index 69)[0m
Epoch: 70, Steps: 63 | Train Loss: 0.4116496 Vali Loss: 0.9257271 Test Loss: 0.4137058
EarlyStopping counter: 6 out of 100
Updating learning rate to 8.595044557171442e-08
Epoch: 71 cost time: 1.6491622924804688
[2023-11-19 15:27:08] [32mIntermediate result: 0.9256885  (Index 70)[0m
Epoch: 71, Steps: 63 | Train Loss: 0.4123175 Vali Loss: 0.9256885 Test Loss: 0.4137090
EarlyStopping counter: 7 out of 100
Updating learning rate to 7.735540101454298e-08
Epoch: 72 cost time: 1.6869614124298096
[2023-11-19 15:27:11] [32mIntermediate result: 0.9258555  (Index 71)[0m
Epoch: 72, Steps: 63 | Train Loss: 0.4119704 Vali Loss: 0.9258555 Test Loss: 0.4136634
EarlyStopping counter: 8 out of 100
Updating learning rate to 6.961986091308869e-08
Epoch: 73 cost time: 1.6470584869384766
[2023-11-19 15:27:13] [32mIntermediate result: 0.92620456  (Index 72)[0m
Epoch: 73, Steps: 63 | Train Loss: 0.4118539 Vali Loss: 0.9262046 Test Loss: 0.4136945
EarlyStopping counter: 9 out of 100
Updating learning rate to 6.265787482177981e-08
Epoch: 74 cost time: 1.7087559700012207
[2023-11-19 15:27:16] [32mIntermediate result: 0.9258628  (Index 73)[0m
Epoch: 74, Steps: 63 | Train Loss: 0.4121811 Vali Loss: 0.9258628 Test Loss: 0.4136843
EarlyStopping counter: 10 out of 100
Updating learning rate to 5.639208733960184e-08
Epoch: 75 cost time: 1.679274320602417
[2023-11-19 15:27:18] [32mIntermediate result: 0.9255255  (Index 74)[0m
Epoch: 75, Steps: 63 | Train Loss: 0.4120215 Vali Loss: 0.9255255 Test Loss: 0.4136691
EarlyStopping counter: 11 out of 100
Updating learning rate to 5.075287860564165e-08
Epoch: 76 cost time: 1.8166165351867676
[2023-11-19 15:27:21] [32mIntermediate result: 0.92574465  (Index 75)[0m
Epoch: 76, Steps: 63 | Train Loss: 0.4124902 Vali Loss: 0.9257447 Test Loss: 0.4137437
EarlyStopping counter: 12 out of 100
Updating learning rate to 4.567759074507749e-08
Epoch: 77 cost time: 1.649160623550415
[2023-11-19 15:27:24] [32mIntermediate result: 0.9260004  (Index 76)[0m
Epoch: 77, Steps: 63 | Train Loss: 0.4121160 Vali Loss: 0.9260004 Test Loss: 0.4137108
EarlyStopping counter: 13 out of 100
Updating learning rate to 4.1109831670569744e-08
Epoch: 78 cost time: 1.6652686595916748
[2023-11-19 15:27:26] [32mIntermediate result: 0.92583966  (Index 77)[0m
Epoch: 78, Steps: 63 | Train Loss: 0.4117463 Vali Loss: 0.9258397 Test Loss: 0.4136676
EarlyStopping counter: 14 out of 100
Updating learning rate to 3.6998848503512764e-08
Epoch: 79 cost time: 1.704167127609253
[2023-11-19 15:27:29] [32mIntermediate result: 0.9256086  (Index 78)[0m
Epoch: 79, Steps: 63 | Train Loss: 0.4117241 Vali Loss: 0.9256086 Test Loss: 0.4136941
EarlyStopping counter: 15 out of 100
Updating learning rate to 3.3298963653161496e-08
Epoch: 80 cost time: 1.683525562286377
[2023-11-19 15:27:32] [32mIntermediate result: 0.92542094  (Index 79)[0m
Epoch: 80, Steps: 63 | Train Loss: 0.4121468 Vali Loss: 0.9254209 Test Loss: 0.4136551
EarlyStopping counter: 16 out of 100
Updating learning rate to 2.996906728784534e-08
Epoch: 81 cost time: 1.7970702648162842
[2023-11-19 15:27:34] [32mIntermediate result: 0.9258164  (Index 80)[0m
Epoch: 81, Steps: 63 | Train Loss: 0.4115007 Vali Loss: 0.9258164 Test Loss: 0.4137916
EarlyStopping counter: 17 out of 100
Updating learning rate to 2.697216055906081e-08
Epoch: 82 cost time: 1.7038061618804932
[2023-11-19 15:27:37] [32mIntermediate result: 0.92598605  (Index 81)[0m
Epoch: 82, Steps: 63 | Train Loss: 0.4119075 Vali Loss: 0.9259861 Test Loss: 0.4136972
EarlyStopping counter: 18 out of 100
Updating learning rate to 2.427494450315473e-08
Epoch: 83 cost time: 1.7990949153900146
[2023-11-19 15:27:40] [32mIntermediate result: 0.9259841  (Index 82)[0m
Epoch: 83, Steps: 63 | Train Loss: 0.4119630 Vali Loss: 0.9259841 Test Loss: 0.4135930
EarlyStopping counter: 19 out of 100
Updating learning rate to 2.1847450052839257e-08
Epoch: 84 cost time: 1.6495904922485352
[2023-11-19 15:27:42] [32mIntermediate result: 0.9261174  (Index 83)[0m
Epoch: 84, Steps: 63 | Train Loss: 0.4121645 Vali Loss: 0.9261174 Test Loss: 0.4136872
EarlyStopping counter: 20 out of 100
Updating learning rate to 1.9662705047555332e-08
Epoch: 85 cost time: 1.6301169395446777
[2023-11-19 15:27:45] [32mIntermediate result: 0.92595845  (Index 84)[0m
Epoch: 85, Steps: 63 | Train Loss: 0.4117271 Vali Loss: 0.9259585 Test Loss: 0.4136483
EarlyStopping counter: 21 out of 100
Updating learning rate to 1.7696434542799797e-08
Epoch: 86 cost time: 1.6542644500732422
[2023-11-19 15:27:47] [32mIntermediate result: 0.9255342  (Index 85)[0m
Epoch: 86, Steps: 63 | Train Loss: 0.4118708 Vali Loss: 0.9255342 Test Loss: 0.4136189
EarlyStopping counter: 22 out of 100
Updating learning rate to 1.5926791088519817e-08
Epoch: 87 cost time: 1.640333890914917
[2023-11-19 15:27:50] [32mIntermediate result: 0.92600685  (Index 86)[0m
Epoch: 87, Steps: 63 | Train Loss: 0.4124259 Vali Loss: 0.9260069 Test Loss: 0.4136906
EarlyStopping counter: 23 out of 100
Updating learning rate to 1.4334111979667836e-08
Epoch: 88 cost time: 1.7739322185516357
[2023-11-19 15:27:53] [32mIntermediate result: 0.92603904  (Index 87)[0m
Epoch: 88, Steps: 63 | Train Loss: 0.4118952 Vali Loss: 0.9260390 Test Loss: 0.4136802
EarlyStopping counter: 24 out of 100
Updating learning rate to 1.2900700781701054e-08
Epoch: 89 cost time: 1.6533160209655762
[2023-11-19 15:27:55] [32mIntermediate result: 0.9259364  (Index 88)[0m
Epoch: 89, Steps: 63 | Train Loss: 0.4123702 Vali Loss: 0.9259364 Test Loss: 0.4136491
EarlyStopping counter: 25 out of 100
Updating learning rate to 1.161063070353095e-08
Epoch: 90 cost time: 1.7251036167144775
[2023-11-19 15:27:58] [32mIntermediate result: 0.9260041  (Index 89)[0m
Epoch: 90, Steps: 63 | Train Loss: 0.4120438 Vali Loss: 0.9260041 Test Loss: 0.4136967
EarlyStopping counter: 26 out of 100
Updating learning rate to 1.0449567633177854e-08
Epoch: 91 cost time: 1.6421499252319336
[2023-11-19 15:28:00] [32mIntermediate result: 0.9260566  (Index 90)[0m
Epoch: 91, Steps: 63 | Train Loss: 0.4118143 Vali Loss: 0.9260566 Test Loss: 0.4136494
EarlyStopping counter: 27 out of 100
Updating learning rate to 9.404610869860069e-09
Epoch: 92 cost time: 1.6521871089935303
[2023-11-19 15:28:03] [32mIntermediate result: 0.9260424  (Index 91)[0m
Epoch: 92, Steps: 63 | Train Loss: 0.4125103 Vali Loss: 0.9260424 Test Loss: 0.4136684
EarlyStopping counter: 28 out of 100
Updating learning rate to 8.464149782874063e-09
Epoch: 93 cost time: 1.6919927597045898
[2023-11-19 15:28:06] [32mIntermediate result: 0.9258443  (Index 92)[0m
Epoch: 93, Steps: 63 | Train Loss: 0.4120956 Vali Loss: 0.9258443 Test Loss: 0.4137110
EarlyStopping counter: 29 out of 100
Updating learning rate to 7.617734804586658e-09
Epoch: 94 cost time: 1.7315902709960938
[2023-11-19 15:28:08] [32mIntermediate result: 0.92576206  (Index 93)[0m
Epoch: 94, Steps: 63 | Train Loss: 0.4119355 Vali Loss: 0.9257621 Test Loss: 0.4136881
EarlyStopping counter: 30 out of 100
Updating learning rate to 6.855961324127991e-09
Epoch: 95 cost time: 1.6360764503479004
[2023-11-19 15:28:11] [32mIntermediate result: 0.92593  (Index 94)[0m
Epoch: 95, Steps: 63 | Train Loss: 0.4119176 Vali Loss: 0.9259300 Test Loss: 0.4136951
EarlyStopping counter: 31 out of 100
Updating learning rate to 6.170365191715193e-09
Epoch: 96 cost time: 1.6970531940460205
[2023-11-19 15:28:14] [32mIntermediate result: 0.9260054  (Index 95)[0m
Epoch: 96, Steps: 63 | Train Loss: 0.4124101 Vali Loss: 0.9260054 Test Loss: 0.4137213
EarlyStopping counter: 32 out of 100
Updating learning rate to 5.5533286725436726e-09
Epoch: 97 cost time: 1.6509242057800293
[2023-11-19 15:28:16] [32mIntermediate result: 0.92606723  (Index 96)[0m
Epoch: 97, Steps: 63 | Train Loss: 0.4124740 Vali Loss: 0.9260672 Test Loss: 0.4136505
EarlyStopping counter: 33 out of 100
Updating learning rate to 4.997995805289306e-09
Epoch: 98 cost time: 1.6799609661102295
[2023-11-19 15:28:19] [32mIntermediate result: 0.9261235  (Index 97)[0m
Epoch: 98, Steps: 63 | Train Loss: 0.4120569 Vali Loss: 0.9261235 Test Loss: 0.4136362
EarlyStopping counter: 34 out of 100
Updating learning rate to 4.498196224760375e-09
Epoch: 99 cost time: 1.679323434829712
[2023-11-19 15:28:21] [32mIntermediate result: 0.92613953  (Index 98)[0m
Epoch: 99, Steps: 63 | Train Loss: 0.4117199 Vali Loss: 0.9261395 Test Loss: 0.4137348
EarlyStopping counter: 35 out of 100
Updating learning rate to 4.048376602284338e-09
Epoch: 100 cost time: 1.7147676944732666
[2023-11-19 15:28:24] [32mIntermediate result: 0.925981  (Index 99)[0m
Epoch: 100, Steps: 63 | Train Loss: 0.4124937 Vali Loss: 0.9259810 Test Loss: 0.4136626
EarlyStopping counter: 36 out of 100
Updating learning rate to 3.643538942055904e-09
[2023-11-19 15:28:24] [32mFinal result: 0.41369414[0m
>>>>>>>testing : 336_192_PatchTST_ETTh1_ftM_sl336_ll48_pl192_dm16_nh4_el3_dl1_df128_fc1_ebtimeF_dtTrue_Exp_0<<<<<<<<<<<<<<<<<<<<<<<<<<<<<<<<<
test 2689
mse:0.4136944115161896, mae:0.4210430979728699, rse:0.6107894778251648
