Args in experiment:
rnn_base_model = 'DLinear'
Namespace(random_seed=2021, is_training=1, model_id='96_192', model='PatchTST', data='ETTm1', root_path='./dataset/', data_path='ETTm1.csv', features='M', target='OT', freq='h', checkpoints='./checkpoints/', seq_len=96, label_len=48, pred_len=192, fc_dropout=0.3, head_dropout=0.0, patch_len=94, stride=53, padding_patch='end', revin=1, affine=0, subtract_last=0, decomposition=0, kernel_size=25, individual=0, embed_type=0, enc_in=7, dec_in=7, c_out=7, d_model=128, n_heads=4, e_layers=3, d_layers=1, d_ff=128, moving_avg=25, factor=1, distil=True, dropout=0.3, embed='timeF', activation='gelu', output_attention=False, do_predict=False, num_workers=10, itr=1, train_epochs=100, batch_size=400, patience=8, learning_rate=0.0007800000000000001, des='Exp', loss='mse', lradj='TST', pct_start=0.4, use_amp=False, momentum=0.8000005119175486, frequency=0.05, sampling_rate=100, use_norm=True, hidden_size=861, exp_name='MTSF', channel_independence=False, inverse=False, class_strategy='projection', target_root_path='./data/electricity/', target_data_path='electricity.csv', efficient_training=False, partial_start_index=0, top_k=5, num_kernels=6, use_gpu=True, gpu=0, use_multi_gpu=True, devices='0,1', test_flop=False, x=5, rnn_base_model='DLinear', debug=False, dvices='0,1', device_ids=[0, 1])
Use GPU: cuda:0
>>>>>>>start training : 96_192_PatchTST_ETTm1_ftM_sl96_ll48_pl192_dm128_nh4_el3_dl1_df128_fc1_ebtimeF_dtTrue_Exp_0>>>>>>>>>>>>>>>>>>>>>>>>>>
train 34273
val 11329
test 11329
Epoch: 1 cost time: 3.2685928344726562
[2024-03-24 21:06:47] [32mIntermediate result: 0.6497301  (Index 0)[0m
Epoch: 1, Steps: 85 | Train Loss: 0.7041888 Vali Loss: 0.8795928 Test Loss: 0.6497301
Validation loss decreased (inf --> 0.879593).  Saving model ...
Updating learning rate to 3.235482911248175e-05
Epoch: 2 cost time: 2.048469066619873
[2024-03-24 21:06:51] [32mIntermediate result: 0.51832825  (Index 1)[0m
Epoch: 2, Steps: 85 | Train Loss: 0.4578727 Vali Loss: 0.7196666 Test Loss: 0.5183282
Validation loss decreased (0.879593 --> 0.719667).  Saving model ...
Updating learning rate to 3.5812192356556114e-05
Epoch: 3 cost time: 2.1136741638183594
[2024-03-24 21:06:55] [32mIntermediate result: 0.45704848  (Index 2)[0m
Epoch: 3, Steps: 85 | Train Loss: 0.4127531 Vali Loss: 0.6440187 Test Loss: 0.4570485
Validation loss decreased (0.719667 --> 0.644019).  Saving model ...
Updating learning rate to 4.1550761400349786e-05
Epoch: 4 cost time: 2.072120428085327
[2024-03-24 21:06:59] [32mIntermediate result: 0.4292083  (Index 3)[0m
Epoch: 4, Steps: 85 | Train Loss: 0.3929967 Vali Loss: 0.6083110 Test Loss: 0.4292083
Validation loss decreased (0.644019 --> 0.608311).  Saving model ...
Updating learning rate to 4.953513524709062e-05
Epoch: 5 cost time: 2.0915937423706055
[2024-03-24 21:07:03] [32mIntermediate result: 0.4126182  (Index 4)[0m
Epoch: 5, Steps: 85 | Train Loss: 0.3815515 Vali Loss: 0.5844206 Test Loss: 0.4126182
Validation loss decreased (0.608311 --> 0.584421).  Saving model ...
Updating learning rate to 5.971605862240253e-05
Epoch: 6 cost time: 2.042393207550049
[2024-03-24 21:07:07] [32mIntermediate result: 0.40276417  (Index 5)[0m
Epoch: 6, Steps: 85 | Train Loss: 0.3740104 Vali Loss: 0.5686886 Test Loss: 0.4027642
Validation loss decreased (0.584421 --> 0.568689).  Saving model ...
Updating learning rate to 7.203072582807131e-05
Epoch: 7 cost time: 2.0785062313079834
[2024-03-24 21:07:11] [32mIntermediate result: 0.3964634  (Index 6)[0m
Epoch: 7, Steps: 85 | Train Loss: 0.3689971 Vali Loss: 0.5575157 Test Loss: 0.3964634
Validation loss decreased (0.568689 --> 0.557516).  Saving model ...
Updating learning rate to 8.640316818781684e-05
Epoch: 8 cost time: 2.1021857261657715
[2024-03-24 21:07:15] [32mIntermediate result: 0.39152306  (Index 7)[0m
Epoch: 8, Steps: 85 | Train Loss: 0.3654237 Vali Loss: 0.5496855 Test Loss: 0.3915231
Validation loss decreased (0.557516 --> 0.549686).  Saving model ...
Updating learning rate to 0.00010274472269493741
Epoch: 9 cost time: 2.0550878047943115
[2024-03-24 21:07:19] [32mIntermediate result: 0.39034435  (Index 8)[0m
Epoch: 9, Steps: 85 | Train Loss: 0.3628769 Vali Loss: 0.5451942 Test Loss: 0.3903444
Validation loss decreased (0.549686 --> 0.545194).  Saving model ...
Updating learning rate to 0.0001209545789707581
Epoch: 10 cost time: 2.033773899078369
[2024-03-24 21:07:23] [32mIntermediate result: 0.3872841  (Index 9)[0m
Epoch: 10, Steps: 85 | Train Loss: 0.3608644 Vali Loss: 0.5406879 Test Loss: 0.3872841
Validation loss decreased (0.545194 --> 0.540688).  Saving model ...
Updating learning rate to 0.00014092040115971547
Epoch: 11 cost time: 2.1159470081329346
[2024-03-24 21:07:28] [32mIntermediate result: 0.38619623  (Index 10)[0m
Epoch: 11, Steps: 85 | Train Loss: 0.3590776 Vali Loss: 0.5350186 Test Loss: 0.3861962
Validation loss decreased (0.540688 --> 0.535019).  Saving model ...
Updating learning rate to 0.0001625190209246385
Epoch: 12 cost time: 2.079273223876953
[2024-03-24 21:07:32] [32mIntermediate result: 0.3849208  (Index 11)[0m
Epoch: 12, Steps: 85 | Train Loss: 0.3568179 Vali Loss: 0.5310819 Test Loss: 0.3849208
Validation loss decreased (0.535019 --> 0.531082).  Saving model ...
Updating learning rate to 0.00018561719726716182
Epoch: 13 cost time: 2.040158271789551
[2024-03-24 21:07:36] [32mIntermediate result: 0.38414225  (Index 12)[0m
Epoch: 13, Steps: 85 | Train Loss: 0.3541331 Vali Loss: 0.5279400 Test Loss: 0.3841422
Validation loss decreased (0.531082 --> 0.527940).  Saving model ...
Updating learning rate to 0.0002100724384859736
Epoch: 14 cost time: 2.085273265838623
[2024-03-24 21:07:40] [32mIntermediate result: 0.38336325  (Index 13)[0m
Epoch: 14, Steps: 85 | Train Loss: 0.3508674 Vali Loss: 0.5240807 Test Loss: 0.3833632
Validation loss decreased (0.527940 --> 0.524081).  Saving model ...
Updating learning rate to 0.00023573388120226937
Epoch: 15 cost time: 2.140608787536621
[2024-03-24 21:07:44] [32mIntermediate result: 0.38427144  (Index 14)[0m
Epoch: 15, Steps: 85 | Train Loss: 0.3478914 Vali Loss: 0.5255204 Test Loss: 0.3842714
EarlyStopping counter: 1 out of 8
Updating learning rate to 0.00026244322102973966
Epoch: 16 cost time: 2.081249713897705
[2024-03-24 21:07:48] [32mIntermediate result: 0.3806809  (Index 15)[0m
Epoch: 16, Steps: 85 | Train Loss: 0.3443470 Vali Loss: 0.5247453 Test Loss: 0.3806809
EarlyStopping counter: 2 out of 8
Updating learning rate to 0.0002900356891478295
Epoch: 17 cost time: 2.1069798469543457
[2024-03-24 21:07:52] [32mIntermediate result: 0.3795446  (Index 16)[0m
Epoch: 17, Steps: 85 | Train Loss: 0.3414679 Vali Loss: 0.5241617 Test Loss: 0.3795446
EarlyStopping counter: 3 out of 8
Updating learning rate to 0.00031834106875382526
Epoch: 18 cost time: 2.079941749572754
[2024-03-24 21:07:56] [32mIntermediate result: 0.3783649  (Index 17)[0m
Epoch: 18, Steps: 85 | Train Loss: 0.3386255 Vali Loss: 0.5236291 Test Loss: 0.3783649
Validation loss decreased (0.524081 --> 0.523629).  Saving model ...
Updating learning rate to 0.0003471847451233206
Epoch: 19 cost time: 2.075425386428833
[2024-03-24 21:08:00] [32mIntermediate result: 0.37949318  (Index 18)[0m
Epoch: 19, Steps: 85 | Train Loss: 0.3362289 Vali Loss: 0.5234980 Test Loss: 0.3794932
Validation loss decreased (0.523629 --> 0.523498).  Saving model ...
Updating learning rate to 0.0003763887828012809
Epoch: 20 cost time: 2.109151601791382
[2024-03-24 21:08:04] [32mIntermediate result: 0.37568307  (Index 19)[0m
Epoch: 20, Steps: 85 | Train Loss: 0.3334984 Vali Loss: 0.5197899 Test Loss: 0.3756831
Validation loss decreased (0.523498 --> 0.519790).  Saving model ...
Updating learning rate to 0.00040577302327855807
Epoch: 21 cost time: 2.181401014328003
[2024-03-24 21:08:09] [32mIntermediate result: 0.37491983  (Index 20)[0m
Epoch: 21, Steps: 85 | Train Loss: 0.3310422 Vali Loss: 0.5217459 Test Loss: 0.3749198
EarlyStopping counter: 1 out of 8
Updating learning rate to 0.00043515619638233495
Epoch: 22 cost time: 2.2411928176879883
[2024-03-24 21:08:13] [32mIntermediate result: 0.37382382  (Index 21)[0m
Epoch: 22, Steps: 85 | Train Loss: 0.3294925 Vali Loss: 0.5207341 Test Loss: 0.3738238
EarlyStopping counter: 2 out of 8
Updating learning rate to 0.00046435703852437833
Epoch: 23 cost time: 2.0990161895751953
[2024-03-24 21:08:17] [32mIntermediate result: 0.37299058  (Index 22)[0m
Epoch: 23, Steps: 85 | Train Loss: 0.3276712 Vali Loss: 0.5207611 Test Loss: 0.3729906
EarlyStopping counter: 3 out of 8
Updating learning rate to 0.0004931954109086698
Epoch: 24 cost time: 2.1068999767303467
[2024-03-24 21:08:21] [32mIntermediate result: 0.3766485  (Index 23)[0m
Epoch: 24, Steps: 85 | Train Loss: 0.3248127 Vali Loss: 0.5215296 Test Loss: 0.3766485
EarlyStopping counter: 4 out of 8
Updating learning rate to 0.0005214934108002413
Epoch: 25 cost time: 2.119619369506836
[2024-03-24 21:08:25] [32mIntermediate result: 0.37519455  (Index 24)[0m
Epoch: 25, Steps: 85 | Train Loss: 0.3232080 Vali Loss: 0.5219490 Test Loss: 0.3751945
EarlyStopping counter: 5 out of 8
Updating learning rate to 0.0005490764689998421
Epoch: 26 cost time: 2.1169917583465576
[2024-03-24 21:08:29] [32mIntermediate result: 0.3746624  (Index 25)[0m
Epoch: 26, Steps: 85 | Train Loss: 0.3215773 Vali Loss: 0.5195906 Test Loss: 0.3746624
Validation loss decreased (0.519790 --> 0.519591).  Saving model ...
Updating learning rate to 0.0005757744267541594
Epoch: 27 cost time: 2.128216505050659
[2024-03-24 21:08:33] [32mIntermediate result: 0.3750894  (Index 26)[0m
Epoch: 27, Steps: 85 | Train Loss: 0.3198447 Vali Loss: 0.5205032 Test Loss: 0.3750894
EarlyStopping counter: 1 out of 8
Updating learning rate to 0.0006014225854581794
Epoch: 28 cost time: 2.1656129360198975
[2024-03-24 21:08:38] [32mIntermediate result: 0.37504536  (Index 27)[0m
Epoch: 28, Steps: 85 | Train Loss: 0.3183144 Vali Loss: 0.5203282 Test Loss: 0.3750454
EarlyStopping counter: 2 out of 8
Updating learning rate to 0.0006258627226741199
Epoch: 29 cost time: 2.166696786880493
[2024-03-24 21:08:42] [32mIntermediate result: 0.3766708  (Index 28)[0m
Epoch: 29, Steps: 85 | Train Loss: 0.3165221 Vali Loss: 0.5226398 Test Loss: 0.3766708
EarlyStopping counter: 3 out of 8
Updating learning rate to 0.0006489440681991491
Epoch: 30 cost time: 2.0931031703948975
[2024-03-24 21:08:46] [32mIntermediate result: 0.3737794  (Index 29)[0m
Epoch: 30, Steps: 85 | Train Loss: 0.3146032 Vali Loss: 0.5248316 Test Loss: 0.3737794
EarlyStopping counter: 4 out of 8
Updating learning rate to 0.0006705242341605771
Epoch: 31 cost time: 2.1470823287963867
[2024-03-24 21:08:50] [32mIntermediate result: 0.3770618  (Index 30)[0m
Epoch: 31, Steps: 85 | Train Loss: 0.3135105 Vali Loss: 0.5254306 Test Loss: 0.3770618
EarlyStopping counter: 5 out of 8
Updating learning rate to 0.0006904700934007948
Epoch: 32 cost time: 2.085422992706299
[2024-03-24 21:08:54] [32mIntermediate result: 0.37408084  (Index 31)[0m
Epoch: 32, Steps: 85 | Train Loss: 0.3123641 Vali Loss: 0.5218988 Test Loss: 0.3740808
EarlyStopping counter: 6 out of 8
Updating learning rate to 0.000708658600733242
Epoch: 33 cost time: 2.1153929233551025
[2024-03-24 21:08:58] [32mIntermediate result: 0.37524745  (Index 32)[0m
Epoch: 33, Steps: 85 | Train Loss: 0.3101297 Vali Loss: 0.5244200 Test Loss: 0.3752474
EarlyStopping counter: 7 out of 8
Updating learning rate to 0.0007249775520031107
Epoch: 34 cost time: 2.1310935020446777
[2024-03-24 21:09:02] [32mIntermediate result: 0.3790166  (Index 33)[0m
Epoch: 34, Steps: 85 | Train Loss: 0.3092278 Vali Loss: 0.5263153 Test Loss: 0.3790166
EarlyStopping counter: 8 out of 8
Early stopping
>>>>>>>testing : 96_192_PatchTST_ETTm1_ftM_sl96_ll48_pl192_dm128_nh4_el3_dl1_df128_fc1_ebtimeF_dtTrue_Exp_0<<<<<<<<<<<<<<<<<<<<<<<<<<<<<<<<<
test 11329
mse:0.37466225028038025, mae:0.39874956011772156, rse:0.5816469788551331
[2024-03-24 21:09:04] [32mFinal result: 0.37466225[0m
