Args in experiment:
rnn_base_model = 'TCN'
Namespace(random_seed=2021, is_training=1, model_id='96_96', model='PatchTST', data='custom', root_path='./dataset/', data_path='electricity.csv', features='M', target='OT', freq='h', checkpoints='./checkpoints/', seq_len=96, label_len=48, pred_len=96, fc_dropout=0.2, head_dropout=0.0, patch_len=81, stride=5, padding_patch='end', revin=1, affine=0, subtract_last=0, decomposition=0, kernel_size=25, individual=0, embed_type=0, enc_in=321, dec_in=7, c_out=7, d_model=128, n_heads=16, e_layers=3, d_layers=1, d_ff=256, moving_avg=25, factor=1, distil=True, dropout=0.2, embed='timeF', activation='gelu', output_attention=False, do_predict=False, num_workers=10, itr=1, train_epochs=100, batch_size=40, patience=10, learning_rate=0.002424, des='Exp', loss='mse', lradj='TST', pct_start=0.2, use_amp=False, momentum=0.9669740372386173, frequency=0.05, sampling_rate=100, use_norm=True, hidden_size=1078, exp_name='MTSF', channel_independence=False, inverse=False, class_strategy='projection', target_root_path='./data/electricity/', target_data_path='electricity.csv', efficient_training=False, partial_start_index=0, top_k=5, num_kernels=6, use_gpu=True, gpu=0, use_multi_gpu=True, devices='0,1', test_flop=False, x=5, levels=8, nhid=30, rnn_base_model='TCN', debug=False, dvices='0,1', device_ids=[0, 1])
Use GPU: cuda:0
>>>>>>>start training : 96_96_PatchTST_custom_ftM_sl96_ll48_pl96_dm128_nh16_el3_dl1_df256_fc1_ebtimeF_dtTrue_Exp_0>>>>>>>>>>>>>>>>>>>>>>>>>>
train 18221
val 2537
test 5165
	iters: 100, epoch: 1 | loss: 0.5998937
	speed: 26.7648s/iter; left time: 1215150.3101s
	iters: 200, epoch: 1 | loss: 0.3952404
	speed: 27.0654s/iter; left time: 1226087.5056s
	iters: 300, epoch: 1 | loss: 0.3322028
	speed: 27.0135s/iter; left time: 1221037.3261s
	iters: 400, epoch: 1 | loss: 0.2861063
	speed: 27.0174s/iter; left time: 1218511.5580s
Epoch: 1 cost time: 12290.691321849823
[2024-04-11 21:39:50] [32mIntermediate result: 0.26144338  (Index 0)[0m
Epoch: 1, Steps: 455 | Train Loss: 0.4708591 Vali Loss: 0.2359364 Test Loss: 0.2614434
Validation loss decreased (inf --> 0.235936).  Saving model ...
Updating learning rate to 0.00011128800431245336
	iters: 100, epoch: 2 | loss: 0.2777381
	speed: 58.1912s/iter; left time: 2615460.0413s
	iters: 200, epoch: 2 | loss: 0.2541131
	speed: 26.9744s/iter; left time: 1209693.2874s
	iters: 300, epoch: 2 | loss: 0.2467705
	speed: 26.9573s/iter; left time: 1206233.5453s
	iters: 400, epoch: 2 | loss: 0.2368342
	speed: 27.0072s/iter; left time: 1205764.2549s
Epoch: 2 cost time: 12284.462671279907
[2024-04-12 01:31:41] [32mIntermediate result: 0.23613349  (Index 1)[0m
Epoch: 2, Steps: 455 | Train Loss: 0.2492132 Vali Loss: 0.2120353 Test Loss: 0.2361335
Validation loss decreased (0.235936 --> 0.212035).  Saving model ...
Updating learning rate to 0.0001539191368393725
	iters: 100, epoch: 3 | loss: 0.2309380
	speed: 58.1261s/iter; left time: 2586087.6062s
	iters: 200, epoch: 3 | loss: 0.2389286
	speed: 26.9808s/iter; left time: 1197705.2796s
	iters: 300, epoch: 3 | loss: 0.2077271
	speed: 26.9340s/iter; left time: 1192932.5788s
	iters: 400, epoch: 3 | loss: 0.2064309
	speed: 27.0224s/iter; left time: 1194147.3710s
Epoch: 3 cost time: 12276.890317201614
[2024-04-12 05:23:22] [32mIntermediate result: 0.21557382  (Index 2)[0m
Epoch: 3, Steps: 455 | Train Loss: 0.2270119 Vali Loss: 0.1907220 Test Loss: 0.2155738
Validation loss decreased (0.212035 --> 0.190722).  Saving model ...
Updating learning rate to 0.00022380344734236005
	iters: 100, epoch: 4 | loss: 0.2196960
	speed: 58.0407s/iter; left time: 2555881.9821s
	iters: 200, epoch: 4 | loss: 0.2062638
	speed: 27.0484s/iter; left time: 1188397.7308s
	iters: 300, epoch: 4 | loss: 0.2119007
	speed: 26.9590s/iter; left time: 1181773.7237s
	iters: 400, epoch: 4 | loss: 0.2024646
	speed: 26.9898s/iter; left time: 1180424.1518s
Epoch: 4 cost time: 12283.804212093353
[2024-04-12 09:15:09] [32mIntermediate result: 0.20602588  (Index 3)[0m
Epoch: 4, Steps: 455 | Train Loss: 0.2115186 Vali Loss: 0.1831426 Test Loss: 0.2060259
Validation loss decreased (0.190722 --> 0.183143).  Saving model ...
Updating learning rate to 0.00031921977468579287
	iters: 100, epoch: 5 | loss: 0.2179262
	speed: 58.0692s/iter; left time: 2530711.7728s
	iters: 200, epoch: 5 | loss: 0.2371958
	speed: 26.9816s/iter; left time: 1173186.2922s
	iters: 300, epoch: 5 | loss: 0.1903871
	speed: 26.9541s/iter; left time: 1169293.9373s
	iters: 400, epoch: 5 | loss: 0.1923766
	speed: 26.9733s/iter; left time: 1167429.3516s
Epoch: 5 cost time: 12274.2066116333
[2024-04-12 13:06:49] [32mIntermediate result: 0.20337488  (Index 4)[0m
Epoch: 5, Steps: 455 | Train Loss: 0.2044652 Vali Loss: 0.1830421 Test Loss: 0.2033749
Validation loss decreased (0.183143 --> 0.183042).  Saving model ...
Updating learning rate to 0.00043781813683299847
	iters: 100, epoch: 6 | loss: 0.1970168
	speed: 58.0996s/iter; left time: 2505601.2359s
	iters: 200, epoch: 6 | loss: 0.1976723
	speed: 26.9449s/iter; left time: 1159333.3439s
	iters: 300, epoch: 6 | loss: 0.1806215
	speed: 26.9712s/iter; left time: 1157764.7013s
	iters: 400, epoch: 6 | loss: 0.1817432
	speed: 26.9216s/iter; left time: 1152945.5476s
Epoch: 6 cost time: 12264.711770772934
[2024-04-12 16:58:20] [32mIntermediate result: 0.19717607  (Index 5)[0m
Epoch: 6, Steps: 455 | Train Loss: 0.1998970 Vali Loss: 0.1758369 Test Loss: 0.1971761
Validation loss decreased (0.183042 --> 0.175837).  Saving model ...
Updating learning rate to 0.0005766776078965055
	iters: 100, epoch: 7 | loss: 0.2011849
	speed: 58.1441s/iter; left time: 2481065.9132s
	iters: 200, epoch: 7 | loss: 0.1953976
	speed: 27.0538s/iter; left time: 1151709.2409s
	iters: 300, epoch: 7 | loss: 0.1959429
	speed: 27.0572s/iter; left time: 1149145.5189s
	iters: 400, epoch: 7 | loss: 0.2046165
	speed: 27.0185s/iter; left time: 1144799.5413s
Epoch: 7 cost time: 12307.23063325882
[2024-04-12 20:50:36] [32mIntermediate result: 0.19453844  (Index 6)[0m
Epoch: 7, Steps: 455 | Train Loss: 0.1955014 Vali Loss: 0.1719083 Test Loss: 0.1945384
Validation loss decreased (0.175837 --> 0.171908).  Saving model ...
Updating learning rate to 0.0007323782568046983
	iters: 100, epoch: 8 | loss: 0.1860874
	speed: 58.2075s/iter; left time: 2457287.9621s
	iters: 200, epoch: 8 | loss: 0.1833273
	speed: 26.9764s/iter; left time: 1136137.2034s
	iters: 300, epoch: 8 | loss: 0.1779801
	speed: 26.9457s/iter; left time: 1132151.2000s
	iters: 400, epoch: 8 | loss: 0.1976865
	speed: 27.0162s/iter; left time: 1132410.3026s
Epoch: 8 cost time: 12283.2126891613
[2024-04-13 00:42:25] [32mIntermediate result: 0.19433574  (Index 7)[0m
Epoch: 8, Steps: 455 | Train Loss: 0.1918576 Vali Loss: 0.1680283 Test Loss: 0.1943357
Validation loss decreased (0.171908 --> 0.168028).  Saving model ...
Updating learning rate to 0.0009010853758275716
	iters: 100, epoch: 9 | loss: 0.1876536
	speed: 58.1316s/iter; left time: 2427634.3131s
	iters: 200, epoch: 9 | loss: 0.1825468
	speed: 27.0544s/iter; left time: 1127115.2336s
	iters: 300, epoch: 9 | loss: 0.1853948
	speed: 27.1299s/iter; left time: 1127546.5644s
	iters: 400, epoch: 9 | loss: 0.1730303
	speed: 27.2013s/iter; left time: 1127794.6763s
Epoch: 9 cost time: 12339.844831228256
[2024-04-13 04:35:16] [32mIntermediate result: 0.18914045  (Index 8)[0m
Epoch: 9, Steps: 455 | Train Loss: 0.1888136 Vali Loss: 0.1645325 Test Loss: 0.1891405
Validation loss decreased (0.168028 --> 0.164533).  Saving model ...
Updating learning rate to 0.0010786439245207813
	iters: 100, epoch: 10 | loss: 0.1912662
	speed: 58.4574s/iter; left time: 2414642.0700s
	iters: 200, epoch: 10 | loss: 0.1870213
	speed: 27.2001s/iter; left time: 1120807.8519s
	iters: 300, epoch: 10 | loss: 0.2065290
	speed: 27.1206s/iter; left time: 1114821.2336s
	iters: 400, epoch: 10 | loss: 0.1654502
	speed: 27.1528s/iter; left time: 1113426.4702s
Epoch: 10 cost time: 12350.96283197403
[2024-04-13 08:28:15] [32mIntermediate result: 0.18816982  (Index 9)[0m
Epoch: 10, Steps: 455 | Train Loss: 0.1870370 Vali Loss: 0.1646604 Test Loss: 0.1881698
EarlyStopping counter: 1 out of 10
Updating learning rate to 0.0012606808630545195
	iters: 100, epoch: 11 | loss: 0.1773591
	speed: 58.2208s/iter; left time: 2378377.2711s
	iters: 200, epoch: 11 | loss: 0.1805292
	speed: 27.1014s/iter; left time: 1104408.9356s
	iters: 300, epoch: 11 | loss: 0.1767877
	speed: 27.0415s/iter; left time: 1099264.3815s
	iters: 400, epoch: 11 | loss: 0.1613716
	speed: 27.1036s/iter; left time: 1099078.0778s
Epoch: 11 cost time: 12320.458102226257
[2024-04-13 12:20:41] [32mIntermediate result: 0.18396467  (Index 10)[0m
Epoch: 11, Steps: 455 | Train Loss: 0.1851862 Vali Loss: 0.1624243 Test Loss: 0.1839647
Validation loss decreased (0.164533 --> 0.162424).  Saving model ...
Updating learning rate to 0.0014427128545882726
	iters: 100, epoch: 12 | loss: 0.1965624
	speed: 58.1589s/iter; left time: 2349387.8795s
	iters: 200, epoch: 12 | loss: 0.2042054
	speed: 27.0539s/iter; left time: 1090164.2572s
	iters: 300, epoch: 12 | loss: 0.1668955
	speed: 27.0402s/iter; left time: 1086906.2628s
	iters: 400, epoch: 12 | loss: 0.1893356
	speed: 27.0509s/iter; left time: 1084634.1095s
Epoch: 12 cost time: 12306.776666164398
[2024-04-13 16:12:56] [32mIntermediate result: 0.18323046  (Index 11)[0m
Epoch: 12, Steps: 455 | Train Loss: 0.1837977 Vali Loss: 0.1615852 Test Loss: 0.1832305
Validation loss decreased (0.162424 --> 0.161585).  Saving model ...
Updating learning rate to 0.001620256684119806
	iters: 100, epoch: 13 | loss: 0.1823264
	speed: 58.1811s/iter; left time: 2323812.7472s
	iters: 200, epoch: 13 | loss: 0.1757670
	speed: 26.9801s/iter; left time: 1074914.5783s
	iters: 300, epoch: 13 | loss: 0.1877549
	speed: 27.0876s/iter; left time: 1076486.7269s
	iters: 400, epoch: 13 | loss: 0.1715291
	speed: 26.9506s/iter; left time: 1068347.8468s
Epoch: 13 cost time: 12290.276746034622
[2024-04-13 20:04:50] [32mIntermediate result: 0.18415898  (Index 12)[0m
Epoch: 13, Steps: 455 | Train Loss: 0.1827185 Vali Loss: 0.1656849 Test Loss: 0.1841590
EarlyStopping counter: 1 out of 10
Updating learning rate to 0.0017889396743334268
	iters: 100, epoch: 14 | loss: 0.1732924
	speed: 58.1432s/iter; left time: 2295842.5114s
	iters: 200, epoch: 14 | loss: 0.1852690
	speed: 26.9539s/iter; left time: 1061607.2501s
	iters: 300, epoch: 14 | loss: 0.1714257
	speed: 26.9380s/iter; left time: 1058286.4338s
	iters: 400, epoch: 14 | loss: 0.1863095
	speed: 26.9915s/iter; left time: 1057689.2639s
Epoch: 14 cost time: 12271.623784065247
[2024-04-13 23:56:26] [32mIntermediate result: 0.18017259  (Index 13)[0m
Epoch: 14, Steps: 455 | Train Loss: 0.1823729 Vali Loss: 0.1575474 Test Loss: 0.1801726
Validation loss decreased (0.161585 --> 0.157547).  Saving model ...
Updating learning rate to 0.0019446073790464857
	iters: 100, epoch: 15 | loss: 0.2088643
	speed: 58.0964s/iter; left time: 2267562.5170s
	iters: 200, epoch: 15 | loss: 0.1816912
	speed: 26.9873s/iter; left time: 1050644.4745s
	iters: 300, epoch: 15 | loss: 0.1588118
	speed: 26.9967s/iter; left time: 1048308.9788s
	iters: 400, epoch: 15 | loss: 0.1733525
	speed: 26.9687s/iter; left time: 1044523.7595s
Epoch: 15 cost time: 12277.254311800003
[2024-04-14 03:48:05] [32mIntermediate result: 0.18560939  (Index 14)[0m
Epoch: 15, Steps: 455 | Train Loss: 0.1813102 Vali Loss: 0.1579821 Test Loss: 0.1856094
EarlyStopping counter: 1 out of 10
Updating learning rate to 0.0020834259019023435
	iters: 100, epoch: 16 | loss: 0.1720669
	speed: 57.9425s/iter; left time: 2235190.6157s
	iters: 200, epoch: 16 | loss: 0.1750039
	speed: 26.9910s/iter; left time: 1038505.8821s
	iters: 300, epoch: 16 | loss: 0.1767111
	speed: 26.9456s/iter; left time: 1034064.7547s
	iters: 400, epoch: 16 | loss: 0.1666711
	speed: 26.9719s/iter; left time: 1032378.1565s
Epoch: 16 cost time: 12267.82239985466
[2024-04-14 07:39:37] [32mIntermediate result: 0.18213585  (Index 15)[0m
Epoch: 16, Steps: 455 | Train Loss: 0.1805342 Vali Loss: 0.1595250 Test Loss: 0.1821359
EarlyStopping counter: 2 out of 10
Updating learning rate to 0.0022019763203313374
	iters: 100, epoch: 17 | loss: 0.1745688
	speed: 58.0915s/iter; left time: 2214506.5139s
	iters: 200, epoch: 17 | loss: 0.1802007
	speed: 26.9443s/iter; left time: 1024449.4122s
	iters: 300, epoch: 17 | loss: 0.2007648
	speed: 27.0148s/iter; left time: 1024428.5212s
	iters: 400, epoch: 17 | loss: 0.1912970
	speed: 27.0281s/iter; left time: 1022229.1738s
Epoch: 17 cost time: 12291.340965747833
[2024-04-14 11:31:36] [32mIntermediate result: 0.18506114  (Index 16)[0m
Epoch: 17, Steps: 455 | Train Loss: 0.1800163 Vali Loss: 0.1582313 Test Loss: 0.1850611
EarlyStopping counter: 3 out of 10
Updating learning rate to 0.0022973388892384215
	iters: 100, epoch: 18 | loss: 0.1595438
	speed: 58.2155s/iter; left time: 2192744.0219s
	iters: 200, epoch: 18 | loss: 0.1812115
	speed: 27.0766s/iter; left time: 1017158.6897s
	iters: 300, epoch: 18 | loss: 0.1776868
	speed: 27.1368s/iter; left time: 1016707.7371s
	iters: 400, epoch: 18 | loss: 0.1710622
	speed: 27.0386s/iter; left time: 1010325.6926s
Epoch: 18 cost time: 12314.98320364952
[2024-04-14 15:23:58] [32mIntermediate result: 0.17861274  (Index 17)[0m
Epoch: 18, Steps: 455 | Train Loss: 0.1790573 Vali Loss: 0.1547425 Test Loss: 0.1786127
Validation loss decreased (0.157547 --> 0.154742).  Saving model ...
Updating learning rate to 0.002367164950588414
	iters: 100, epoch: 19 | loss: 0.1772102
	speed: 58.2453s/iter; left time: 2167364.0425s
	iters: 200, epoch: 19 | loss: 0.1909691
	speed: 27.0550s/iter; left time: 1004036.8820s
	iters: 300, epoch: 19 | loss: 0.1842907
	speed: 27.0771s/iter; left time: 1002150.3115s
	iters: 400, epoch: 19 | loss: 0.1750087
	speed: 27.0466s/iter; left time: 998316.8161s
Epoch: 19 cost time: 12317.493521928787
[2024-04-14 19:16:23] [32mIntermediate result: 0.18027869  (Index 18)[0m
Epoch: 19, Steps: 455 | Train Loss: 0.1781542 Vali Loss: 0.1601392 Test Loss: 0.1802787
EarlyStopping counter: 1 out of 10
Updating learning rate to 0.002409734777847789
	iters: 100, epoch: 20 | loss: 0.1905394
	speed: 58.2075s/iter; left time: 2139473.5802s
	iters: 200, epoch: 20 | loss: 0.1782698
	speed: 27.0836s/iter; left time: 992776.7735s
	iters: 300, epoch: 20 | loss: 0.1546219
	speed: 27.0650s/iter; left time: 989388.4817s
	iters: 400, epoch: 20 | loss: 0.1598664
	speed: 27.0821s/iter; left time: 987304.7430s
Epoch: 20 cost time: 12323.902875900269
[2024-04-14 23:08:55] [32mIntermediate result: 0.17921983  (Index 19)[0m
Epoch: 20, Steps: 455 | Train Loss: 0.1778367 Vali Loss: 0.1574315 Test Loss: 0.1792198
EarlyStopping counter: 2 out of 10
Updating learning rate to 0.0024239999954859346
	iters: 100, epoch: 21 | loss: 0.1676529
	speed: 58.3007s/iter; left time: 2116373.4367s
	iters: 200, epoch: 21 | loss: 0.1804275
	speed: 27.0798s/iter; left time: 980315.0720s
	iters: 300, epoch: 21 | loss: 0.1808721
	speed: 27.1264s/iter; left time: 979291.6932s
	iters: 400, epoch: 21 | loss: 0.1869335
	speed: 27.0746s/iter; left time: 974712.4070s
Epoch: 21 cost time: 12327.435411453247
[2024-04-15 03:01:29] [32mIntermediate result: 0.17948225  (Index 20)[0m
Epoch: 21, Steps: 455 | Train Loss: 0.1765946 Vali Loss: 0.1578573 Test Loss: 0.1794823
EarlyStopping counter: 3 out of 10
Updating learning rate to 0.0024230614844068313
	iters: 100, epoch: 22 | loss: 0.1739358
	speed: 58.3131s/iter; left time: 2090290.2812s
	iters: 200, epoch: 22 | loss: 0.1781651
	speed: 27.0495s/iter; left time: 966912.3429s
	iters: 300, epoch: 22 | loss: 0.1808336
	speed: 27.0575s/iter; left time: 964490.8148s
	iters: 400, epoch: 22 | loss: 0.1841339
	speed: 27.0925s/iter; left time: 963031.1041s
Epoch: 22 cost time: 12322.870993614197
[2024-04-15 06:54:00] [32mIntermediate result: 0.17795412  (Index 21)[0m
Epoch: 22, Steps: 455 | Train Loss: 0.1761193 Vali Loss: 0.1531020 Test Loss: 0.1779541
Validation loss decreased (0.154742 --> 0.153102).  Saving model ...
Updating learning rate to 0.0024202556117735247
	iters: 100, epoch: 23 | loss: 0.2016028
	speed: 58.3263s/iter; left time: 2064226.0503s
	iters: 200, epoch: 23 | loss: 0.1812058
	speed: 27.1036s/iter; left time: 956511.8501s
	iters: 300, epoch: 23 | loss: 0.1840007
	speed: 27.1618s/iter; left time: 955851.9054s
	iters: 400, epoch: 23 | loss: 0.1839356
	speed: 27.0837s/iter; left time: 950392.4465s
Epoch: 23 cost time: 12340.16115784645
[2024-04-15 10:46:50] [32mIntermediate result: 0.17846055  (Index 22)[0m
Epoch: 23, Steps: 455 | Train Loss: 0.1754002 Vali Loss: 0.1571012 Test Loss: 0.1784606
EarlyStopping counter: 1 out of 10
Updating learning rate to 0.0024155867040382413
	iters: 100, epoch: 24 | loss: 0.1827903
	speed: 58.4069s/iter; left time: 2040503.1208s
	iters: 200, epoch: 24 | loss: 0.1592162
	speed: 27.2278s/iter; left time: 948509.3556s
	iters: 300, epoch: 24 | loss: 0.1624766
	speed: 27.1983s/iter; left time: 944761.8714s
	iters: 400, epoch: 24 | loss: 0.1860709
	speed: 27.2090s/iter; left time: 942411.6294s
Epoch: 24 cost time: 12377.238146305084
[2024-04-15 14:40:18] [32mIntermediate result: 0.17976247  (Index 23)[0m
Epoch: 24, Steps: 455 | Train Loss: 0.1752433 Vali Loss: 0.1534904 Test Loss: 0.1797625
EarlyStopping counter: 2 out of 10
Updating learning rate to 0.0024090619603183007
	iters: 100, epoch: 25 | loss: 0.1729893
	speed: 58.5803s/iter; left time: 2019908.0420s
	iters: 200, epoch: 25 | loss: 0.1706725
	speed: 27.2883s/iter; left time: 938198.7849s
	iters: 300, epoch: 25 | loss: 0.1881085
	speed: 27.3242s/iter; left time: 936700.8645s
	iters: 400, epoch: 25 | loss: 0.1862826
	speed: 28.4527s/iter; left time: 972541.8239s
Epoch: 25 cost time: 12616.798590183258
[2024-04-15 18:37:45] [32mIntermediate result: 0.17840564  (Index 24)[0m
Epoch: 25, Steps: 455 | Train Loss: 0.1749743 Vali Loss: 0.1572138 Test Loss: 0.1784056
EarlyStopping counter: 3 out of 10
Updating learning rate to 0.0024006914412955955
	iters: 100, epoch: 26 | loss: 0.1913772
	speed: 59.1977s/iter; left time: 2014261.0109s
	iters: 200, epoch: 26 | loss: 0.1722718
	speed: 27.0797s/iter; left time: 918706.2786s
	iters: 300, epoch: 26 | loss: 0.1770281
	speed: 27.1768s/iter; left time: 919283.3077s
	iters: 400, epoch: 26 | loss: 0.1733352
	speed: 27.1880s/iter; left time: 916943.2392s
Epoch: 26 cost time: 12345.506596803665
[2024-04-15 22:30:38] [32mIntermediate result: 0.17674448  (Index 25)[0m
Epoch: 26, Steps: 455 | Train Loss: 0.1740009 Vali Loss: 0.1522986 Test Loss: 0.1767445
Validation loss decreased (0.153102 --> 0.152299).  Saving model ...
Updating learning rate to 0.002390488053703751
	iters: 100, epoch: 27 | loss: 0.1579441
	speed: 58.2921s/iter; left time: 1956925.2638s
	iters: 200, epoch: 27 | loss: 0.1658472
	speed: 27.0919s/iter; left time: 906792.5295s
	iters: 300, epoch: 27 | loss: 0.1723113
	speed: 27.1223s/iter; left time: 905097.5997s
	iters: 400, epoch: 27 | loss: 0.1604269
	speed: 27.0964s/iter; left time: 901522.6863s
Epoch: 27 cost time: 12334.26530456543
[2024-04-16 02:23:19] [32mIntermediate result: 0.17708473  (Index 26)[0m
Epoch: 27, Steps: 455 | Train Loss: 0.1735899 Vali Loss: 0.1524815 Test Loss: 0.1770847
EarlyStopping counter: 1 out of 10
Updating learning rate to 0.002378467530426878
	iters: 100, epoch: 28 | loss: 0.1553097
	speed: 58.2760s/iter; left time: 1929869.1086s
	iters: 200, epoch: 28 | loss: 0.1817386
	speed: 27.0610s/iter; left time: 893447.0794s
	iters: 300, epoch: 28 | loss: 0.1632732
	speed: 27.1130s/iter; left time: 892451.0016s
	iters: 400, epoch: 28 | loss: 0.1625728
	speed: 27.0341s/iter; left time: 887152.1514s
Epoch: 28 cost time: 12321.19365286827
[2024-04-16 06:15:46] [32mIntermediate result: 0.17657693  (Index 27)[0m
Epoch: 28, Steps: 455 | Train Loss: 0.1735235 Vali Loss: 0.1543343 Test Loss: 0.1765769
EarlyStopping counter: 2 out of 10
Updating learning rate to 0.002364648406240605
	iters: 100, epoch: 29 | loss: 0.1719738
	speed: 58.2678s/iter; left time: 1903085.8186s
	iters: 200, epoch: 29 | loss: 0.1692094
	speed: 27.1290s/iter; left time: 883348.3566s
	iters: 300, epoch: 29 | loss: 0.1718328
	speed: 27.1087s/iter; left time: 879976.6482s
	iters: 400, epoch: 29 | loss: 0.1678488
	speed: 27.1048s/iter; left time: 877137.4023s
Epoch: 29 cost time: 12333.555621623993
[2024-04-16 10:08:28] [32mIntermediate result: 0.17551103  (Index 28)[0m
Epoch: 29, Steps: 455 | Train Loss: 0.1734086 Vali Loss: 0.1512529 Test Loss: 0.1755110
Validation loss decreased (0.152299 --> 0.151253).  Saving model ...
Updating learning rate to 0.002349051989232797
	iters: 100, epoch: 30 | loss: 0.1713168
	speed: 58.3376s/iter; left time: 1878821.7060s
	iters: 200, epoch: 30 | loss: 0.1789010
	speed: 27.2547s/iter; left time: 875039.3123s
	iters: 300, epoch: 30 | loss: 0.1668123
	speed: 27.2219s/iter; left time: 871264.9363s
	iters: 400, epoch: 30 | loss: 0.1764190
	speed: 27.2081s/iter; left time: 868102.3991s
Epoch: 30 cost time: 12383.505873203278
[2024-04-16 14:02:02] [32mIntermediate result: 0.17555594  (Index 29)[0m
Epoch: 30, Steps: 455 | Train Loss: 0.1726025 Vali Loss: 0.1530590 Test Loss: 0.1755559
EarlyStopping counter: 1 out of 10
Updating learning rate to 0.002331702327948028
	iters: 100, epoch: 31 | loss: 0.1767483
	speed: 61.0108s/iter; left time: 1937152.6062s
	iters: 200, epoch: 31 | loss: 0.1845471
	speed: 29.6977s/iter; left time: 939961.3358s
	iters: 300, epoch: 31 | loss: 0.1900302
	speed: 29.7228s/iter; left time: 937784.6373s
	iters: 400, epoch: 31 | loss: 0.1794242
	speed: 29.7516s/iter; left time: 935717.0823s
Epoch: 31 cost time: 13380.883605241776
[2024-04-16 18:13:35] [32mIntermediate result: 0.1748556  (Index 30)[0m
Epoch: 31, Steps: 455 | Train Loss: 0.1728494 Vali Loss: 0.1518062 Test Loss: 0.1748556
EarlyStopping counter: 2 out of 10
Updating learning rate to 0.002312626174306472
	iters: 100, epoch: 32 | loss: 0.1821084
	speed: 59.6661s/iter; left time: 1867308.8465s
	iters: 200, epoch: 32 | loss: 0.1638163
	speed: 27.2072s/iter; left time: 848755.6003s
	iters: 300, epoch: 32 | loss: 0.2033514
	speed: 27.1716s/iter; left time: 844928.8732s
